[20160702142102]	RSA参与签名运算数据_input_charset=utf-8&identity_id=13711880470&identity_type=UID&partner_id=200004595271&request_time=20160702142049&service=unbinding_verify&verify_type=MOBILE&version=1.0
[20160702142103]	RSA计算得出签名值：EOrUxCvQDoc2/TwxB0yhmb66WtPxzI89xlgeYBfNn2nVSPTIGud8aO+wxV8XI+/6NpY2f/BnSP0qZRfC7wIA0hlX4KpbkAGkAUcP+dZ1lBuulVgScVYu1Wr/zYXheaBCgZKUw2IoRcTtrJqrFOqvTt9p7h3AVmkQeIJBga50QHw=
[20160702142103]	解绑认证信息请求参数{"_input_charset":"utf-8","identity_id":"13711880470","identity_type":"UID","partner_id":"200004595271","request_time":"20160702142049","service":"unbinding_verify","sign_type":"RSA","verify_type":"MOBILE","version":"1.0","sign":"EOrUxCvQDoc2\/TwxB0yhmb66WtPxzI89xlgeYBfNn2nVSPTIGud8aO+wxV8XI+\/6NpY2f\/BnSP0qZRfC7wIA0hlX4KpbkAGkAUcP+dZ1lBuulVgScVYu1Wr\/zYXheaBCgZKUw2IoRcTtrJqrFOqvTt9p7h3AVmkQeIJBga50QHw="}
[20160702142103]	请求sina网关地址https://testgate.pay.sina.com.cn/mgs/gateway.do
[20160702142103]	请求sina网关数据_input_charset=utf-8&identity_id=13711880470&identity_type=UID&partner_id=200004595271&request_time=20160702142049&service=unbinding_verify&sign_type=RSA&verify_type=MOBILE&version=1.0&sign=EOrUxCvQDoc2%252FTwxB0yhmb66WtPxzI89xlgeYBfNn2nVSPTIGud8aO%252BwxV8XI%252B%252F6NpY2f%252FBnSP0qZRfC7wIA0hlX4KpbkAGkAUcP%252BdZ1lBuulVgScVYu1Wr%252FzYXheaBCgZKUw2IoRcTtrJqrFOqvTt9p7h3AVmkQeIJBga50QHw%253D
[20160702142105]	请求新浪网关返回内容:{"response_time":"20160702142105","partner_id":"200004595271","_input_charset":"utf-8","sign":"B0kV7Q0mfzZGsTGhpik2lJd3WiKtM2ciBz5Bh/GC0VSPvJ3BTbUUTuvFywd/opxZvrprK71sgXkyBvqvmGRvtaUOnFctHySAWiJTkB/KhcEXucKdI1ze/oKtyL276NlPMLGLOadCG3m+OpHXigNNdQ5OBnggJIsXwlrteBeLIlE=","sign_type":"RSA","sign_version":"1.0","response_code":"ILLEGAL_SIGN","response_message":"éªç­¾æªéè¿"}
[20160702142105]	本地验证签名数据_input_charset=utf-8&partner_id=200004595271&response_code=ILLEGAL_SIGN&response_message=验签未通过&response_time=20160702142105
[20160702142105]	本地获取签名B0kV7Q0mfzZGsTGhpik2lJd3WiKtM2ciBz5Bh/GC0VSPvJ3BTbUUTuvFywd/opxZvrprK71sgXkyBvqvmGRvtaUOnFctHySAWiJTkB/KhcEXucKdI1ze/oKtyL276NlPMLGLOadCG3m+OpHXigNNdQ5OBnggJIsXwlrteBeLIlE=
[20160702142549]	RSA参与签名运算数据_input_charset=utf-8&identity_id=13711880470&identity_type=UID&is_mask=N&partner_id=200030133789&request_time=20160702142453&service=query_verify&verify_type=MOBILE&version=1.0
[20160702142549]	RSA计算得出签名值：IgRIWIrITIU0tq35H2Hd4KZ4lB0Bxcxvz6vrOuHfcZkwrMrcx50DicWc78WO8i1FGAw+/kj4aRf7wCQzcybvOAEci058siAzHx9ugqgsjOOgCackvTT/DCkzKcztIPlwoOc/1oTrPpKZ8ZMHFIAy+tgFRPUtsFy4b5FuCIU2hK8=
[20160702142549]	查询认证信息请求参数{"_input_charset":"utf-8","identity_id":"13711880470","identity_type":"UID","is_mask":"N","partner_id":"200030133789","request_time":"20160702142453","service":"query_verify","sign_type":"RSA","verify_type":"MOBILE","version":"1.0","sign":"IgRIWIrITIU0tq35H2Hd4KZ4lB0Bxcxvz6vrOuHfcZkwrMrcx50DicWc78WO8i1FGAw+\/kj4aRf7wCQzcybvOAEci058siAzHx9ugqgsjOOgCackvTT\/DCkzKcztIPlwoOc\/1oTrPpKZ8ZMHFIAy+tgFRPUtsFy4b5FuCIU2hK8="}
[20160702142549]	请求sina网关地址https://gate.pay.sina.com.cn/mgs/gateway.do
[20160702142549]	请求sina网关数据_input_charset=utf-8&identity_id=13711880470&identity_type=UID&is_mask=N&partner_id=200030133789&request_time=20160702142453&service=query_verify&sign_type=RSA&verify_type=MOBILE&version=1.0&sign=IgRIWIrITIU0tq35H2Hd4KZ4lB0Bxcxvz6vrOuHfcZkwrMrcx50DicWc78WO8i1FGAw%252B%252Fkj4aRf7wCQzcybvOAEci058siAzHx9ugqgsjOOgCackvTT%252FDCkzKcztIPlwoOc%252F1oTrPpKZ8ZMHFIAy%252BtgFRPUtsFy4b5FuCIU2hK8%253D
[20160702142550]	请求新浪网关返回内容:{"response_time":"20160702142550","partner_id":"200030133789","_input_charset":"utf-8","sign":"u0V8zlkmNxIsgtFieF/DqUtI2P+ITn4R/2nICW9kwgns2Ykp4unBURAUXNDMELMTsqJslbQsm4hRVI6CzlC2o342eWC4fmY7BoKJHhfSX0MIu+yLwaDDJSPUHBby9EVgxaySUbD4UPeMI8qOWLkhKsh3xBYJMYJwtfRuaA5Dc9c=","sign_type":"RSA","sign_version":"1.0","response_code":"MEMBER_NOT_EXIST","response_message":"ç¨æ·æ è¯ä¿¡æ¯ä¸å­å¨"}
[20160702142550]	本地验证签名数据_input_charset=utf-8&partner_id=200030133789&response_code=MEMBER_NOT_EXIST&response_message=用户标识信息不存在&response_time=20160702142550
[20160702142550]	本地获取签名u0V8zlkmNxIsgtFieF/DqUtI2P+ITn4R/2nICW9kwgns2Ykp4unBURAUXNDMELMTsqJslbQsm4hRVI6CzlC2o342eWC4fmY7BoKJHhfSX0MIu+yLwaDDJSPUHBby9EVgxaySUbD4UPeMI8qOWLkhKsh3xBYJMYJwtfRuaA5Dc9c=
[20160702142830]	RSA参与签名运算数据_input_charset=utf-8&identity_id=0565189486edc0f8139633154bd1e287&identity_type=UID&is_mask=N&partner_id=200030133789&request_time=20160702142453&service=query_verify&verify_type=MOBILE&version=1.0
[20160702142830]	RSA计算得出签名值：itg9XLUlG1Dcb10O9U5To7SqFyRwdnvV7hRoNtpxQvNM7qS3qrbQLzBw3XTFRrN3k0JHsXNBUmiWpPW2kjBG/V22cR0ZUcpAY8rr9+5NfXYYrx72N9hR3XNhHRFGv7HoXS0PwuyIGVtABTs45/3QfnaQE7th+Un7Hoc65HeNH4k=
[20160702142830]	查询认证信息请求参数{"_input_charset":"utf-8","identity_id":"0565189486edc0f8139633154bd1e287","identity_type":"UID","is_mask":"N","partner_id":"200030133789","request_time":"20160702142453","service":"query_verify","sign_type":"RSA","verify_type":"MOBILE","version":"1.0","sign":"itg9XLUlG1Dcb10O9U5To7SqFyRwdnvV7hRoNtpxQvNM7qS3qrbQLzBw3XTFRrN3k0JHsXNBUmiWpPW2kjBG\/V22cR0ZUcpAY8rr9+5NfXYYrx72N9hR3XNhHRFGv7HoXS0PwuyIGVtABTs45\/3QfnaQE7th+Un7Hoc65HeNH4k="}
[20160702142830]	请求sina网关地址https://gate.pay.sina.com.cn/mgs/gateway.do
[20160702142830]	请求sina网关数据_input_charset=utf-8&identity_id=0565189486edc0f8139633154bd1e287&identity_type=UID&is_mask=N&partner_id=200030133789&request_time=20160702142453&service=query_verify&sign_type=RSA&verify_type=MOBILE&version=1.0&sign=itg9XLUlG1Dcb10O9U5To7SqFyRwdnvV7hRoNtpxQvNM7qS3qrbQLzBw3XTFRrN3k0JHsXNBUmiWpPW2kjBG%252FV22cR0ZUcpAY8rr9%252B5NfXYYrx72N9hR3XNhHRFGv7HoXS0PwuyIGVtABTs45%252F3QfnaQE7th%252BUn7Hoc65HeNH4k%253D
[20160702142830]	请求新浪网关返回内容:{"response_time":"20160702142830","partner_id":"200030133789","_input_charset":"utf-8","sign":"kzPdN01qNMOR6y5qN7p4RnHOdB15KTYt9dSSi+lcXKHyFyafp/3k4V7C7aF96BQcpoVijzaTTKHq9W9eOqKbZtt2vIW6yUHP4byycKMLksIXxYqoY+SLB1xDAmRAZgKxGPHzQOrGVycwzUIOSN1ZmKyaqNv78Slx2jAZYC/Hpxk=","sign_type":"RSA","sign_version":"1.0","response_code":"VERIFY_NOT_EXIST","response_message":"è®¤è¯ä¿¡æ¯ä¸å­å¨"}
[20160702142830]	本地验证签名数据_input_charset=utf-8&partner_id=200030133789&response_code=VERIFY_NOT_EXIST&response_message=认证信息不存在&response_time=20160702142830
[20160702142830]	本地获取签名kzPdN01qNMOR6y5qN7p4RnHOdB15KTYt9dSSi+lcXKHyFyafp/3k4V7C7aF96BQcpoVijzaTTKHq9W9eOqKbZtt2vIW6yUHP4byycKMLksIXxYqoY+SLB1xDAmRAZgKxGPHzQOrGVycwzUIOSN1ZmKyaqNv78Slx2jAZYC/Hpxk=
[20160702143500]	RSA参与签名运算数据_input_charset=utf-8&identity_id=c2b449a5ea83fab3050f009d40d366ca&identity_type=UID&is_mask=N&partner_id=200030133789&request_time=20160702142453&service=query_verify&verify_type=MOBILE&version=1.0
[20160702143501]	RSA计算得出签名值：IO9oE2KHjwp1D7BT3E3pE8B9dC0mUhCbfl4HnsmSDHEPvGAKSrH8WWpdNu40csvlUzv4tNUYI2uOp4swuuX3w/QN92pSBySuXFaBBkdIXnVGwNFnhaFWCsGy5Hnl7ODGwGEWVkOYMBfHvF6iVvksu3sm4TrLGvRYw7JVKhn3Qmk=
[20160702143501]	查询认证信息请求参数{"_input_charset":"utf-8","identity_id":"c2b449a5ea83fab3050f009d40d366ca","identity_type":"UID","is_mask":"N","partner_id":"200030133789","request_time":"20160702142453","service":"query_verify","sign_type":"RSA","verify_type":"MOBILE","version":"1.0","sign":"IO9oE2KHjwp1D7BT3E3pE8B9dC0mUhCbfl4HnsmSDHEPvGAKSrH8WWpdNu40csvlUzv4tNUYI2uOp4swuuX3w\/QN92pSBySuXFaBBkdIXnVGwNFnhaFWCsGy5Hnl7ODGwGEWVkOYMBfHvF6iVvksu3sm4TrLGvRYw7JVKhn3Qmk="}
[20160702143501]	请求sina网关地址https://gate.pay.sina.com.cn/mgs/gateway.do
[20160702143501]	请求sina网关数据_input_charset=utf-8&identity_id=c2b449a5ea83fab3050f009d40d366ca&identity_type=UID&is_mask=N&partner_id=200030133789&request_time=20160702142453&service=query_verify&sign_type=RSA&verify_type=MOBILE&version=1.0&sign=IO9oE2KHjwp1D7BT3E3pE8B9dC0mUhCbfl4HnsmSDHEPvGAKSrH8WWpdNu40csvlUzv4tNUYI2uOp4swuuX3w%252FQN92pSBySuXFaBBkdIXnVGwNFnhaFWCsGy5Hnl7ODGwGEWVkOYMBfHvF6iVvksu3sm4TrLGvRYw7JVKhn3Qmk%253D
[20160702143502]	请求新浪网关返回内容:{"response_time":"20160702143503","partner_id":"200030133789","_input_charset":"utf-8","sign":"Ms42NCrSZD2UvO+YipnUbnSy78NMrpJ31QYzQealrep2APqww7vd8tHK8J8xQNPvO54JJH7TX7vFMbq3RtsWkgrI4egdzxbTtXHlI2QflsWsHTEFbPy8ziCES5DvG22Qqr3gwCZdsmadWDSZ/EQJeMA2/Vbo/AHajo2J0YDa/Ao=","sign_type":"RSA","sign_version":"1.0","response_code":"APPLY_SUCCESS","response_message":"æäº¤æå","verify_entity":"18356959592"}
[20160702143502]	本地验证签名数据_input_charset=utf-8&partner_id=200030133789&response_code=APPLY_SUCCESS&response_message=提交成功&response_time=20160702143503&verify_entity=18356959592
[20160702143502]	本地获取签名Ms42NCrSZD2UvO+YipnUbnSy78NMrpJ31QYzQealrep2APqww7vd8tHK8J8xQNPvO54JJH7TX7vFMbq3RtsWkgrI4egdzxbTtXHlI2QflsWsHTEFbPy8ziCES5DvG22Qqr3gwCZdsmadWDSZ/EQJeMA2/Vbo/AHajo2J0YDa/Ao=
[20160702143828]	RSA参与签名运算数据_input_charset=utf-8&identity_id=ce6639c720baf090f6cbbdb0cdc02f40&identity_type=UID&partner_id=200030133789&request_time=20160702143606&service=unbinding_verify&verify_type=MOBILE&version=1.0
[20160702143828]	RSA计算得出签名值：uKOM/ilNzeswTSvYN2T5ZR2RTs2+5eej5a8hc5cfkmDyPjTPI7B5WA15gwnjQV2r/6Yj9pK2GipZHCD1hAhFCOJZ7IeqgHcjPSDxgEPu67lBkiCXhJcIA28ud1yjtnnQQ7pFyLT/D3RXTD77PU43+JgRgR8vgG+RcD5FRUwoPlQ=
[20160702143828]	解绑认证信息请求参数{"_input_charset":"utf-8","identity_id":"ce6639c720baf090f6cbbdb0cdc02f40","identity_type":"UID","partner_id":"200030133789","request_time":"20160702143606","service":"unbinding_verify","sign_type":"RSA","verify_type":"MOBILE","version":"1.0","sign":"uKOM\/ilNzeswTSvYN2T5ZR2RTs2+5eej5a8hc5cfkmDyPjTPI7B5WA15gwnjQV2r\/6Yj9pK2GipZHCD1hAhFCOJZ7IeqgHcjPSDxgEPu67lBkiCXhJcIA28ud1yjtnnQQ7pFyLT\/D3RXTD77PU43+JgRgR8vgG+RcD5FRUwoPlQ="}
[20160702143828]	请求sina网关地址https://gate.pay.sina.com.cn/mgs/gateway.do
[20160702143828]	请求sina网关数据_input_charset=utf-8&identity_id=ce6639c720baf090f6cbbdb0cdc02f40&identity_type=UID&partner_id=200030133789&request_time=20160702143606&service=unbinding_verify&sign_type=RSA&verify_type=MOBILE&version=1.0&sign=uKOM%252FilNzeswTSvYN2T5ZR2RTs2%252B5eej5a8hc5cfkmDyPjTPI7B5WA15gwnjQV2r%252F6Yj9pK2GipZHCD1hAhFCOJZ7IeqgHcjPSDxgEPu67lBkiCXhJcIA28ud1yjtnnQQ7pFyLT%252FD3RXTD77PU43%252BJgRgR8vgG%252BRcD5FRUwoPlQ%253D
[20160702143829]	请求新浪网关返回内容:{"response_time":"20160702143829","partner_id":"200030133789","_input_charset":"utf-8","sign":"w+oQu4y01t5LsSU3YuRIcgYi2m2uzUX/EWWhtqnA2ecfpBl/M50n4CmPZtt0jCjfqhDMpGyZkBLUkb3/QSK9hpwIG1/kDzm6kVkwe0+IjfhfSMKavvS2QjpYl/NjmYM7eg9JDDrkp1h89uDgnctxK5LuvakzUgTpjksrow1ZL6I=","sign_type":"RSA","sign_version":"1.0","response_code":"APPLY_SUCCESS","response_message":"æäº¤æå"}
[20160702143829]	本地验证签名数据_input_charset=utf-8&partner_id=200030133789&response_code=APPLY_SUCCESS&response_message=提交成功&response_time=20160702143829
[20160702143829]	本地获取签名w+oQu4y01t5LsSU3YuRIcgYi2m2uzUX/EWWhtqnA2ecfpBl/M50n4CmPZtt0jCjfqhDMpGyZkBLUkb3/QSK9hpwIG1/kDzm6kVkwe0+IjfhfSMKavvS2QjpYl/NjmYM7eg9JDDrkp1h89uDgnctxK5LuvakzUgTpjksrow1ZL6I=
[20160702144112]	RSA参与签名运算数据_input_charset=utf-8&identity_id=ce6639c720baf090f6cbbdb0cdc02f40&identity_type=UID&partner_id=200030133789&request_time=20160702144043&return_url=http://www.haioujinfu.com/Cashier_mode&service=modify_verify_mobile&version=1.0
[20160702144112]	RSA计算得出签名值：uEQt9RBJBQMb1YuiVloKaSHkcFn+YOx2gbjp0wX0a4xQAs1wOrmhTQN8T9avhzaOynvFeWRCD4pqCXUbvm0Xwz47Tw14yF7/p/hNMB4ANno7TI1pSVELOSfHFdbordPTD6IRBju85MXfeFe896u4V1UcgrajzVPvEU+x38ft2os=
[20160702144112]	请求sina网关地址https://gate.pay.sina.com.cn/mgs/gateway.do
[20160702144112]	请求sina网关数据_input_charset=utf-8&identity_id=ce6639c720baf090f6cbbdb0cdc02f40&identity_type=UID&partner_id=200030133789&request_time=20160702144043&return_url=http%253A%252F%252Fwww.haioujinfu.com%252FCashier_mode&service=modify_verify_mobile&sign_type=RSA&version=1.0&sign=uEQt9RBJBQMb1YuiVloKaSHkcFn%252BYOx2gbjp0wX0a4xQAs1wOrmhTQN8T9avhzaOynvFeWRCD4pqCXUbvm0Xwz47Tw14yF7%252Fp%252FhNMB4ANno7TI1pSVELOSfHFdbordPTD6IRBju85MXfeFe896u4V1UcgrajzVPvEU%252Bx38ft2os%253D
[20160702144112]	请求新浪网关返回内容:{"response_time":"20160702144112","partner_id":"200030133789","_input_charset":"utf-8","sign":"nud+zMt3gitoewH0g8emw5qwx/0YDno8sz7prrVkKgQWpLqLS/JXjpoOaLbBqWXV+FtXa44TtlvWXR6O/BwRLEmE7cUmzne3+9QNUfILexzfdL/qEhVFo5pOOnDJTaU807/Ly4Vux5f8tw4vHMedCLpI5/hVFERfq851ty9lHoA=","sign_type":"RSA","sign_version":"1.0","response_code":"APPLY_SUCCESS","response_message":"æäº¤æå","redirect_url":"https://pay.sina.com.cn/zjtg/website/view/modify_mobile.html?ft=e4999f45-d7b9-4c79-8fe8-51bd838d738c"}
[20160702144112]	本地验证签名数据_input_charset=utf-8&partner_id=200030133789&redirect_url=https://pay.sina.com.cn/zjtg/website/view/modify_mobile.html?ft=e4999f45-d7b9-4c79-8fe8-51bd838d738c&response_code=APPLY_SUCCESS&response_message=提交成功&response_time=20160702144112
[20160702144112]	本地获取签名nud+zMt3gitoewH0g8emw5qwx/0YDno8sz7prrVkKgQWpLqLS/JXjpoOaLbBqWXV+FtXa44TtlvWXR6O/BwRLEmE7cUmzne3+9QNUfILexzfdL/qEhVFo5pOOnDJTaU807/Ly4Vux5f8tw4vHMedCLpI5/hVFERfq851ty9lHoA=
[20160702145539]	RSA参与签名运算数据_input_charset=utf-8&account_type=BASIC&identity_id=ce6639c720baf090f6cbbdb0cdc02f40&identity_type=UID&partner_id=200030133789&request_time=20160702145450&service=query_balance&version=1.0
[20160702145539]	RSA计算得出签名值：nGwRseCUDbZyVAPpZcoTTL4hK0pah4XOdXrTgujDQ+iSltz6nfphjESkGoF3o16dhcYg86iSBq+6tT56QmN1aRvNyjmDC8uRpiUKzm7KnL61STBsQEwc9K19GNRgZTqZCGsJz7lJlJFINgVrK7ucC0xACxRL2nJ0snyCra8VG58=
[20160702145539]	查询余额/基金份额请求参数{"_input_charset":"utf-8","account_type":"BASIC","identity_id":"ce6639c720baf090f6cbbdb0cdc02f40","identity_type":"UID","partner_id":"200030133789","request_time":"20160702145450","service":"query_balance","sign_type":"RSA","version":"1.0","sign":"nGwRseCUDbZyVAPpZcoTTL4hK0pah4XOdXrTgujDQ+iSltz6nfphjESkGoF3o16dhcYg86iSBq+6tT56QmN1aRvNyjmDC8uRpiUKzm7KnL61STBsQEwc9K19GNRgZTqZCGsJz7lJlJFINgVrK7ucC0xACxRL2nJ0snyCra8VG58="}
[20160702145539]	请求sina网关地址https://gate.pay.sina.com.cn/mgs/gateway.do
[20160702145539]	请求sina网关数据_input_charset=utf-8&account_type=BASIC&identity_id=ce6639c720baf090f6cbbdb0cdc02f40&identity_type=UID&partner_id=200030133789&request_time=20160702145450&service=query_balance&sign_type=RSA&version=1.0&sign=nGwRseCUDbZyVAPpZcoTTL4hK0pah4XOdXrTgujDQ%252BiSltz6nfphjESkGoF3o16dhcYg86iSBq%252B6tT56QmN1aRvNyjmDC8uRpiUKzm7KnL61STBsQEwc9K19GNRgZTqZCGsJz7lJlJFINgVrK7ucC0xACxRL2nJ0snyCra8VG58%253D
[20160702145539]	请求新浪网关返回内容:{"response_time":"20160702145540","partner_id":"200030133789","_input_charset":"utf-8","sign":"l+ti3wZT5pnXZDLV1zR3WZk/lacGnw1lwGhHMLsfx77eweiLQ6CQqw3jb28gY/v6MEW12nMchI0s1mITUeVAEOFdv2M2o4rg9OWnan/OxCjEDdREs9d/8BJkP7qRGx4ZEVkJbAZd5sTlcVI5afXCrzeadZqnhRppU8abrOu4kYE=","sign_type":"RSA","sign_version":"1.0","response_code":"APPLY_SUCCESS","response_message":"æäº¤æå","balance":"0.01","available_balance":"0.01"}
[20160702145539]	本地验证签名数据_input_charset=utf-8&available_balance=0.01&balance=0.01&partner_id=200030133789&response_code=APPLY_SUCCESS&response_message=提交成功&response_time=20160702145540
[20160702145539]	本地获取签名l+ti3wZT5pnXZDLV1zR3WZk/lacGnw1lwGhHMLsfx77eweiLQ6CQqw3jb28gY/v6MEW12nMchI0s1mITUeVAEOFdv2M2o4rg9OWnan/OxCjEDdREs9d/8BJkP7qRGx4ZEVkJbAZd5sTlcVI5afXCrzeadZqnhRppU8abrOu4kYE=
[20160702151129]	RSA参与签名运算数据_input_charset=utf-8&identity_id=9292cf75f63ddf4406e99a67ac7a219d&identity_type=UID&is_mask=N&partner_id=200030133789&request_time=20160702151125&service=query_verify&verify_type=MOBILE&version=1.0
[20160702151129]	RSA计算得出签名值：sUwz6zvxok28fIf2j8OfnSJeL44USxRaC4gUXIEAsuARms9Y7BrH5+9Q35gQ56PRZjpxvgw8a+SazRK+vZ3qlFBBCklbdEe6eIIc4W2xAUPPaCYNJ7T+QxaidJZ2umOX+tv7E8hIBbd6AZJRiaPD3CVbxUxGNcqaeoV41pMnaXY=
[20160702151129]	查询认证信息请求参数{"_input_charset":"utf-8","identity_id":"9292cf75f63ddf4406e99a67ac7a219d","identity_type":"UID","is_mask":"N","partner_id":"200030133789","request_time":"20160702151125","service":"query_verify","sign_type":"RSA","verify_type":"MOBILE","version":"1.0","sign":"sUwz6zvxok28fIf2j8OfnSJeL44USxRaC4gUXIEAsuARms9Y7BrH5+9Q35gQ56PRZjpxvgw8a+SazRK+vZ3qlFBBCklbdEe6eIIc4W2xAUPPaCYNJ7T+QxaidJZ2umOX+tv7E8hIBbd6AZJRiaPD3CVbxUxGNcqaeoV41pMnaXY="}
[20160702151129]	请求sina网关地址https://gate.pay.sina.com.cn/mgs/gateway.do
[20160702151129]	请求sina网关数据_input_charset=utf-8&identity_id=9292cf75f63ddf4406e99a67ac7a219d&identity_type=UID&is_mask=N&partner_id=200030133789&request_time=20160702151125&service=query_verify&sign_type=RSA&verify_type=MOBILE&version=1.0&sign=sUwz6zvxok28fIf2j8OfnSJeL44USxRaC4gUXIEAsuARms9Y7BrH5%252B9Q35gQ56PRZjpxvgw8a%252BSazRK%252BvZ3qlFBBCklbdEe6eIIc4W2xAUPPaCYNJ7T%252BQxaidJZ2umOX%252Btv7E8hIBbd6AZJRiaPD3CVbxUxGNcqaeoV41pMnaXY%253D
[20160702151129]	请求新浪网关返回内容:{"response_time":"20160702151130","partner_id":"200030133789","_input_charset":"utf-8","sign":"spEBH3vOxrOBHrToMVH+xli2moLTGQEm/KHUNAoyHbRPmp65EgzjwfazhDumk1qrSKBC8BywSYUBMT/5x8vGUchphAp2Cm+3BDYqTuF5fgawVFjzHv29LKsraqAx6EUZVSl9O9jbSO66L8G5n+Ti1qXBF+6tZNVLpFJDpESJNYs=","sign_type":"RSA","sign_version":"1.0","response_code":"APPLY_SUCCESS","response_message":"æäº¤æå","verify_entity":"15155139559"}
[20160702151129]	本地验证签名数据_input_charset=utf-8&partner_id=200030133789&response_code=APPLY_SUCCESS&response_message=提交成功&response_time=20160702151130&verify_entity=15155139559
[20160702151129]	本地获取签名spEBH3vOxrOBHrToMVH+xli2moLTGQEm/KHUNAoyHbRPmp65EgzjwfazhDumk1qrSKBC8BywSYUBMT/5x8vGUchphAp2Cm+3BDYqTuF5fgawVFjzHv29LKsraqAx6EUZVSl9O9jbSO66L8G5n+Ti1qXBF+6tZNVLpFJDpESJNYs=
[20160702151147]	RSA参与签名运算数据_input_charset=utf-8&account_type=BASIC&identity_id=9292cf75f63ddf4406e99a67ac7a219d&identity_type=UID&partner_id=200030133789&request_time=20160702151143&service=query_balance&version=1.0
[20160702151147]	RSA计算得出签名值：dKtkNnDJYAB1qLThQxFhctHq/xpZP0lr+PiYDJmta9N8z4d7ywT8uUFXymcR4Zj5PKDhMZl20NIl7WLZMV/IUfqFyMhQug9VaoXvSPsik4uayzT+4iHlqzWwR5Wf8/sHX1Upoy4TGSA7avkkhicklMhpwtyECinGDXW9oWbzwrw=
[20160702151147]	查询余额/基金份额请求参数{"_input_charset":"utf-8","account_type":"BASIC","identity_id":"9292cf75f63ddf4406e99a67ac7a219d","identity_type":"UID","partner_id":"200030133789","request_time":"20160702151143","service":"query_balance","sign_type":"RSA","version":"1.0","sign":"dKtkNnDJYAB1qLThQxFhctHq\/xpZP0lr+PiYDJmta9N8z4d7ywT8uUFXymcR4Zj5PKDhMZl20NIl7WLZMV\/IUfqFyMhQug9VaoXvSPsik4uayzT+4iHlqzWwR5Wf8\/sHX1Upoy4TGSA7avkkhicklMhpwtyECinGDXW9oWbzwrw="}
[20160702151147]	请求sina网关地址https://gate.pay.sina.com.cn/mgs/gateway.do
[20160702151147]	请求sina网关数据_input_charset=utf-8&account_type=BASIC&identity_id=9292cf75f63ddf4406e99a67ac7a219d&identity_type=UID&partner_id=200030133789&request_time=20160702151143&service=query_balance&sign_type=RSA&version=1.0&sign=dKtkNnDJYAB1qLThQxFhctHq%252FxpZP0lr%252BPiYDJmta9N8z4d7ywT8uUFXymcR4Zj5PKDhMZl20NIl7WLZMV%252FIUfqFyMhQug9VaoXvSPsik4uayzT%252B4iHlqzWwR5Wf8%252FsHX1Upoy4TGSA7avkkhicklMhpwtyECinGDXW9oWbzwrw%253D
[20160702151148]	请求新浪网关返回内容:{"response_time":"20160702151148","partner_id":"200030133789","_input_charset":"utf-8","sign":"lhxSKw06OzSbNgK9XCvFiYa0CbR8KiDHL4ALU7goYGTTRWobGSTzlvGIdtlzgWR8lIvL327eci1oQSJSjPtOtcyWAjBT1J3e6ake65FkVdtbKDDSE3yPLxouyWGb43i2d/LEqBg7dmDEbWztOwonaujhyeIhHziYVQc8ge45vCw=","sign_type":"RSA","sign_version":"1.0","response_code":"APPLY_SUCCESS","response_message":"æäº¤æå","balance":"100.02","available_balance":"100.02"}
[20160702151148]	本地验证签名数据_input_charset=utf-8&available_balance=100.02&balance=100.02&partner_id=200030133789&response_code=APPLY_SUCCESS&response_message=提交成功&response_time=20160702151148
[20160702151148]	本地获取签名lhxSKw06OzSbNgK9XCvFiYa0CbR8KiDHL4ALU7goYGTTRWobGSTzlvGIdtlzgWR8lIvL327eci1oQSJSjPtOtcyWAjBT1J3e6ake65FkVdtbKDDSE3yPLxouyWGb43i2d/LEqBg7dmDEbWztOwonaujhyeIhHziYVQc8ge45vCw=
[20160702162233]	RSA参与签名运算数据_input_charset=utf-8&identity_id=e88d707f259e11f6cd80a04bd568fc9b&identity_type=UID&is_mask=N&partner_id=200030133789&request_time=20160702162229&service=query_verify&verify_type=MOBILE&version=1.0
[20160702162233]	RSA计算得出签名值：Nu8Yf7c2Y0a46WeUPC9OZUsMc+WRBT4nJlYR9G7IEjaEpl+DYobJJxHSEk01slQBbYiYIT/WHKvarxpCubgYovHljEf9Ts/5fNY35lJoZz0iidIInlRfLfZpnPL0iahu+UAsWJiM0W98f+GI7/mV4ZzAEu3odbumMrSoN6XdhcA=
[20160702162233]	查询认证信息请求参数{"_input_charset":"utf-8","identity_id":"e88d707f259e11f6cd80a04bd568fc9b","identity_type":"UID","is_mask":"N","partner_id":"200030133789","request_time":"20160702162229","service":"query_verify","sign_type":"RSA","verify_type":"MOBILE","version":"1.0","sign":"Nu8Yf7c2Y0a46WeUPC9OZUsMc+WRBT4nJlYR9G7IEjaEpl+DYobJJxHSEk01slQBbYiYIT\/WHKvarxpCubgYovHljEf9Ts\/5fNY35lJoZz0iidIInlRfLfZpnPL0iahu+UAsWJiM0W98f+GI7\/mV4ZzAEu3odbumMrSoN6XdhcA="}
[20160702162233]	请求sina网关地址https://gate.pay.sina.com.cn/mgs/gateway.do
[20160702162233]	请求sina网关数据_input_charset=utf-8&identity_id=e88d707f259e11f6cd80a04bd568fc9b&identity_type=UID&is_mask=N&partner_id=200030133789&request_time=20160702162229&service=query_verify&sign_type=RSA&verify_type=MOBILE&version=1.0&sign=Nu8Yf7c2Y0a46WeUPC9OZUsMc%252BWRBT4nJlYR9G7IEjaEpl%252BDYobJJxHSEk01slQBbYiYIT%252FWHKvarxpCubgYovHljEf9Ts%252F5fNY35lJoZz0iidIInlRfLfZpnPL0iahu%252BUAsWJiM0W98f%252BGI7%252FmV4ZzAEu3odbumMrSoN6XdhcA%253D
[20160702162233]	请求新浪网关返回内容:{"response_time":"20160702162233","partner_id":"200030133789","_input_charset":"utf-8","sign":"l9TjNXIunxVDtSayEvIy0+tODK9Pfc0WOHd+zQyuPZLAgpF9GuEN74a8Qa7yYgXfmAk2pX3DUFEPF/iO9v1whhu3cV3Y20fVlYbayyfXzx9LwshYDCSa3+F7xdO970mFWyXBX5J9WK0z5y3S7ruzpIQDjaQJATkhZasV4k8vP/4=","sign_type":"RSA","sign_version":"1.0","response_code":"APPLY_SUCCESS","response_message":"æäº¤æå","verify_entity":"13918086443"}
[20160702162233]	本地验证签名数据_input_charset=utf-8&partner_id=200030133789&response_code=APPLY_SUCCESS&response_message=提交成功&response_time=20160702162233&verify_entity=13918086443
[20160702162233]	本地获取签名l9TjNXIunxVDtSayEvIy0+tODK9Pfc0WOHd+zQyuPZLAgpF9GuEN74a8Qa7yYgXfmAk2pX3DUFEPF/iO9v1whhu3cV3Y20fVlYbayyfXzx9LwshYDCSa3+F7xdO970mFWyXBX5J9WK0z5y3S7ruzpIQDjaQJATkhZasV4k8vP/4=
[20160702162329]	RSA参与签名运算数据_input_charset=utf-8&partner_id=200030133789&request_time=20160702162318&service=query_middle_account&version=1.0
[20160702162329]	RSA计算得出签名值：WvFYqFvVzWqz1fLj2UQ9uBixyEBcUh4D9Dm1q843x2VH2DqcwiBp+ml4nVIcwq0VhXvrDFzIYpcSFs9tjQoO21zw9vFG180iEQz8B9KlfOfWThDxapr5sFBzNf7jIIuax+eF9sQ2qZX981D74PXBhDW8Cs1TbPFvCe4+t9f7cuY=
[20160702162329]	查询中间账户余额请求参数{"_input_charset":"utf-8","out_trade_code":null,"partner_id":"200030133789","request_time":"20160702162318","service":"query_middle_account","sign_type":"RSA","version":"1.0","sign":"WvFYqFvVzWqz1fLj2UQ9uBixyEBcUh4D9Dm1q843x2VH2DqcwiBp+ml4nVIcwq0VhXvrDFzIYpcSFs9tjQoO21zw9vFG180iEQz8B9KlfOfWThDxapr5sFBzNf7jIIuax+eF9sQ2qZX981D74PXBhDW8Cs1TbPFvCe4+t9f7cuY="}
[20160702162329]	请求sina网关地址https://gate.pay.sina.com.cn/mgs/gateway.do
[20160702162329]	请求sina网关数据_input_charset=utf-8&partner_id=200030133789&request_time=20160702162318&service=query_middle_account&sign_type=RSA&version=1.0&sign=WvFYqFvVzWqz1fLj2UQ9uBixyEBcUh4D9Dm1q843x2VH2DqcwiBp%252Bml4nVIcwq0VhXvrDFzIYpcSFs9tjQoO21zw9vFG180iEQz8B9KlfOfWThDxapr5sFBzNf7jIIuax%252BeF9sQ2qZX981D74PXBhDW8Cs1TbPFvCe4%252Bt9f7cuY%253D
[20160702162329]	请求新浪网关返回内容:{"response_time":"20160702162329","partner_id":"200030133789","_input_charset":"utf-8","sign":"l5oy2/KRAuBuXHGYZMvC4y0eq33o2Y+BIM/d8bru/z/uxwOL6rzV6zaLUG7m5S/JBx3L+NdHMIYLuT3Tj4dnAlRo/LjvPiglZKmIwcBJrnl6ImAUJJSiZE9IUjAcgARPWsyzNBaYbCVx/w8tkDhkn9kNJTFx9UEbQh+YsWxdaBg=","sign_type":"RSA","sign_version":"1.0","response_code":"SYSTEM_ERROR","response_message":"ç³»ç»ç¹å¿ï¼è¯·ç¨ååè¯"}
[20160702162329]	本地验证签名数据_input_charset=utf-8&partner_id=200030133789&response_code=SYSTEM_ERROR&response_message=系统繁忙，请稍后再试&response_time=20160702162329
[20160702162329]	本地获取签名l5oy2/KRAuBuXHGYZMvC4y0eq33o2Y+BIM/d8bru/z/uxwOL6rzV6zaLUG7m5S/JBx3L+NdHMIYLuT3Tj4dnAlRo/LjvPiglZKmIwcBJrnl6ImAUJJSiZE9IUjAcgARPWsyzNBaYbCVx/w8tkDhkn9kNJTFx9UEbQh+YsWxdaBg=
[20160702162343]	RSA参与签名运算数据_input_charset=utf-8&out_trade_code=1001&partner_id=200030133789&request_time=20160702162318&service=query_middle_account&version=1.0
[20160702162343]	RSA计算得出签名值：fMgk91PTW2jNMY4/LkezNqhqzL+ihaoTNCD34ClLr2duYmG2vNzD2GR8lhjFrdHSPrCvJgakMpI1rZzz6OKcCsr6YdEf/ol7sT0inLxPfOrhfmcAWB3NS3JVmzCSNrYPYOAOUtMRLh2YQRU/icLGaxYsBYTGAzVkujBGE6TQE5A=
[20160702162343]	查询中间账户余额请求参数{"_input_charset":"utf-8","out_trade_code":"1001","partner_id":"200030133789","request_time":"20160702162318","service":"query_middle_account","sign_type":"RSA","version":"1.0","sign":"fMgk91PTW2jNMY4\/LkezNqhqzL+ihaoTNCD34ClLr2duYmG2vNzD2GR8lhjFrdHSPrCvJgakMpI1rZzz6OKcCsr6YdEf\/ol7sT0inLxPfOrhfmcAWB3NS3JVmzCSNrYPYOAOUtMRLh2YQRU\/icLGaxYsBYTGAzVkujBGE6TQE5A="}
[20160702162343]	请求sina网关地址https://gate.pay.sina.com.cn/mgs/gateway.do
[20160702162343]	请求sina网关数据_input_charset=utf-8&out_trade_code=1001&partner_id=200030133789&request_time=20160702162318&service=query_middle_account&sign_type=RSA&version=1.0&sign=fMgk91PTW2jNMY4%252FLkezNqhqzL%252BihaoTNCD34ClLr2duYmG2vNzD2GR8lhjFrdHSPrCvJgakMpI1rZzz6OKcCsr6YdEf%252Fol7sT0inLxPfOrhfmcAWB3NS3JVmzCSNrYPYOAOUtMRLh2YQRU%252FicLGaxYsBYTGAzVkujBGE6TQE5A%253D
[20160702162343]	请求新浪网关返回内容:{"response_time":"20160702162343","partner_id":"200030133789","_input_charset":"utf-8","sign":"1IKFtje+OkhkNMbPVKIPmb1apVCQ1QVOKZ6fnl/TvutZ1gGLMHFZhGozgJ6hJWpq2CpvieQntwaS8uWh1iqoRq0XNwc+VZcW0GSXY+Wa/jqZfc+oxRmZE4wLDJuoC5t9v30JBlyjYDj96Ja8VA7l7R+nMUSJCJBS5JFYEAkjHfs=","sign_type":"RSA","sign_version":"1.0","response_code":"APPLY_SUCCESS","response_message":"æäº¤æå","account_list":"1001^20020040140126^0.00"}
[20160702162343]	本地验证签名数据_input_charset=utf-8&account_list=1001^20020040140126^0.00&partner_id=200030133789&response_code=APPLY_SUCCESS&response_message=提交成功&response_time=20160702162343
[20160702162343]	本地获取签名1IKFtje+OkhkNMbPVKIPmb1apVCQ1QVOKZ6fnl/TvutZ1gGLMHFZhGozgJ6hJWpq2CpvieQntwaS8uWh1iqoRq0XNwc+VZcW0GSXY+Wa/jqZfc+oxRmZE4wLDJuoC5t9v30JBlyjYDj96Ja8VA7l7R+nMUSJCJBS5JFYEAkjHfs=
[20160702162413]	RSA参与签名运算数据_input_charset=utf-8&out_trade_code=1002&partner_id=200030133789&request_time=20160702162318&service=query_middle_account&version=1.0
[20160702162413]	RSA计算得出签名值：tp1VM7aNbarpDn5izGU81ciirlL+GM/AvloP/BqjBRD03F72Gcq9tjwN5I3QpOLiHYIi06gIggc8UlMNoOisI5ubfDNuoNDAHYAxvQCbsP0dTBUurmZK7glQ8D8BRC4YoLAGlORgE2e+zCElVoaZTk2vt5nvX+mhepbgpUqNi7A=
[20160702162413]	查询中间账户余额请求参数{"_input_charset":"utf-8","out_trade_code":"1002","partner_id":"200030133789","request_time":"20160702162318","service":"query_middle_account","sign_type":"RSA","version":"1.0","sign":"tp1VM7aNbarpDn5izGU81ciirlL+GM\/AvloP\/BqjBRD03F72Gcq9tjwN5I3QpOLiHYIi06gIggc8UlMNoOisI5ubfDNuoNDAHYAxvQCbsP0dTBUurmZK7glQ8D8BRC4YoLAGlORgE2e+zCElVoaZTk2vt5nvX+mhepbgpUqNi7A="}
[20160702162413]	请求sina网关地址https://gate.pay.sina.com.cn/mgs/gateway.do
[20160702162413]	请求sina网关数据_input_charset=utf-8&out_trade_code=1002&partner_id=200030133789&request_time=20160702162318&service=query_middle_account&sign_type=RSA&version=1.0&sign=tp1VM7aNbarpDn5izGU81ciirlL%252BGM%252FAvloP%252FBqjBRD03F72Gcq9tjwN5I3QpOLiHYIi06gIggc8UlMNoOisI5ubfDNuoNDAHYAxvQCbsP0dTBUurmZK7glQ8D8BRC4YoLAGlORgE2e%252BzCElVoaZTk2vt5nvX%252BmhepbgpUqNi7A%253D
[20160702162413]	请求新浪网关返回内容:{"response_time":"20160702162413","partner_id":"200030133789","_input_charset":"utf-8","sign":"o6lxMrDjV3G5Fe8c1ab5xEA0d2F0gIJQXoPoZKFDsmJBIbpt9JPigiFPlB1G3Ec34+7tbnKzIMec1MHOvR6WCO3l7hasjUDNRMG+e5woGX8pgwTkUt322d7cTHhZv0R4p17zYUgI6gWuo1zFFCmap1I3uIgzyHJnlK/Oohus0WM=","sign_type":"RSA","sign_version":"1.0","response_code":"APPLY_SUCCESS","response_message":"æäº¤æå","account_list":"1002^20020040150126^0.00"}
[20160702162413]	本地验证签名数据_input_charset=utf-8&account_list=1002^20020040150126^0.00&partner_id=200030133789&response_code=APPLY_SUCCESS&response_message=提交成功&response_time=20160702162413
[20160702162413]	本地获取签名o6lxMrDjV3G5Fe8c1ab5xEA0d2F0gIJQXoPoZKFDsmJBIbpt9JPigiFPlB1G3Ec34+7tbnKzIMec1MHOvR6WCO3l7hasjUDNRMG+e5woGX8pgwTkUt322d7cTHhZv0R4p17zYUgI6gWuo1zFFCmap1I3uIgzyHJnlK/Oohus0WM=
