[20160615114427]	RSA参与签名运算数据_input_charset=utf-8&identity_id=20160615114425&identity_type=UID&member_type=1&partner_id=200004595271&request_time=20160615114425&service=create_activate_member&version=1.0
[20160615114436]	RSA参与签名运算数据_input_charset=utf-8&identity_id=20160615114425&identity_type=UID&member_type=1&partner_id=200004595271&request_time=20160615114425&service=create_activate_member&version=1.0
[20160615114443]	RSA参与签名运算数据_input_charset=utf-8&identity_id=20160615114425&identity_type=UID&member_type=1&partner_id=200004595271&request_time=20160615114425&service=create_activate_member&version=1.0
[20160615114452]	RSA参与签名运算数据_input_charset=utf-8&identity_id=20160615114425&identity_type=UID&member_type=1&partner_id=200004595271&request_time=20160615114425&service=create_activate_member&version=1.0
[20160615140015]	RSA参与签名运算数据_input_charset=utf-8&identity_id=20160615114425&identity_type=UID&member_type=1&partner_id=200004595271&request_time=20160615114425&service=create_activate_member&version=1.0
[20160615140019]	RSA参与签名运算数据_input_charset=utf-8&identity_id=20160615114425&identity_type=UID&member_type=1&partner_id=200004595271&request_time=20160615114425&service=create_activate_member&version=1.0
[20160615140042]	RSA参与签名运算数据_input_charset=utf-8&identity_id=20160615114425&identity_type=UID&member_type=1&partner_id=200004595271&request_time=20160615114425&service=create_activate_member&version=1.0
[20160615140047]	RSA参与签名运算数据_input_charset=utf-8&identity_id=20160615114425&identity_type=UID&member_type=1&partner_id=200004595271&request_time=20160615114425&service=create_activate_member&version=1.0
[20160615140047]	RSA参与签名运算数据_input_charset=utf-8&identity_id=20160615114425&identity_type=UID&member_type=1&partner_id=200004595271&request_time=20160615114425&service=create_activate_member&version=1.0
[20160615140047]	RSA参与签名运算数据_input_charset=utf-8&identity_id=20160615114425&identity_type=UID&member_type=1&partner_id=200004595271&request_time=20160615114425&service=create_activate_member&version=1.0
[20160615140047]	RSA参与签名运算数据_input_charset=utf-8&identity_id=20160615114425&identity_type=UID&member_type=1&partner_id=200004595271&request_time=20160615114425&service=create_activate_member&version=1.0
[20160615140047]	RSA参与签名运算数据_input_charset=utf-8&identity_id=20160615114425&identity_type=UID&member_type=1&partner_id=200004595271&request_time=20160615114425&service=create_activate_member&version=1.0
[20160615140047]	RSA参与签名运算数据_input_charset=utf-8&identity_id=20160615114425&identity_type=UID&member_type=1&partner_id=200004595271&request_time=20160615114425&service=create_activate_member&version=1.0
[20160615140056]	RSA参与签名运算数据_input_charset=utf-8&identity_id=20160615114425&identity_type=UID&member_type=1&partner_id=200004595271&request_time=20160615114425&service=create_activate_member&version=1.0
[20160615140056]	RSA参与签名运算数据_input_charset=utf-8&identity_id=20160615114425&identity_type=UID&member_type=1&partner_id=200004595271&request_time=20160615114425&service=create_activate_member&version=1.0
[20160615140056]	RSA参与签名运算数据_input_charset=utf-8&identity_id=20160615114425&identity_type=UID&member_type=1&partner_id=200004595271&request_time=20160615114425&service=create_activate_member&version=1.0
[20160615140056]	RSA参与签名运算数据_input_charset=utf-8&identity_id=20160615114425&identity_type=UID&member_type=1&partner_id=200004595271&request_time=20160615114425&service=create_activate_member&version=1.0
[20160615140056]	RSA参与签名运算数据_input_charset=utf-8&identity_id=20160615114425&identity_type=UID&member_type=1&partner_id=200004595271&request_time=20160615114425&service=create_activate_member&version=1.0
[20160615140056]	RSA参与签名运算数据_input_charset=utf-8&identity_id=20160615114425&identity_type=UID&member_type=1&partner_id=200004595271&request_time=20160615114425&service=create_activate_member&version=1.0
[20160615140102]	RSA参与签名运算数据_input_charset=utf-8&identity_id=20160615114425&identity_type=UID&member_type=1&partner_id=200004595271&request_time=20160615114425&service=create_activate_member&version=1.0
[20160615140102]	RSA参与签名运算数据_input_charset=utf-8&identity_id=20160615114425&identity_type=UID&member_type=1&partner_id=200004595271&request_time=20160615114425&service=create_activate_member&version=1.0
[20160615140102]	RSA参与签名运算数据_input_charset=utf-8&identity_id=20160615114425&identity_type=UID&member_type=1&partner_id=200004595271&request_time=20160615114425&service=create_activate_member&version=1.0
[20160615140102]	RSA参与签名运算数据_input_charset=utf-8&identity_id=20160615114425&identity_type=UID&member_type=1&partner_id=200004595271&request_time=20160615114425&service=create_activate_member&version=1.0
[20160615140102]	RSA参与签名运算数据_input_charset=utf-8&identity_id=20160615114425&identity_type=UID&member_type=1&partner_id=200004595271&request_time=20160615114425&service=create_activate_member&version=1.0
[20160615140102]	RSA参与签名运算数据_input_charset=utf-8&identity_id=20160615114425&identity_type=UID&member_type=1&partner_id=200004595271&request_time=20160615114425&service=create_activate_member&version=1.0
[20160615140106]	RSA参与签名运算数据_input_charset=utf-8&identity_id=20160615114425&identity_type=UID&member_type=1&partner_id=200004595271&request_time=20160615114425&service=create_activate_member&version=1.0
[20160615140106]	RSA参与签名运算数据_input_charset=utf-8&identity_id=20160615114425&identity_type=UID&member_type=1&partner_id=200004595271&request_time=20160615114425&service=create_activate_member&version=1.0
[20160615140106]	RSA参与签名运算数据_input_charset=utf-8&identity_id=20160615114425&identity_type=UID&member_type=1&partner_id=200004595271&request_time=20160615114425&service=create_activate_member&version=1.0
[20160615140106]	RSA参与签名运算数据_input_charset=utf-8&identity_id=20160615114425&identity_type=UID&member_type=1&partner_id=200004595271&request_time=20160615114425&service=create_activate_member&version=1.0
[20160615140106]	RSA参与签名运算数据_input_charset=utf-8&identity_id=20160615114425&identity_type=UID&member_type=1&partner_id=200004595271&request_time=20160615114425&service=create_activate_member&version=1.0
[20160615140106]	RSA参与签名运算数据_input_charset=utf-8&identity_id=20160615114425&identity_type=UID&member_type=1&partner_id=200004595271&request_time=20160615114425&service=create_activate_member&version=1.0
[20160615140111]	RSA参与签名运算数据_input_charset=utf-8&identity_id=20160615114425&identity_type=UID&member_type=1&partner_id=200004595271&request_time=20160615114425&service=create_activate_member&version=1.0
[20160615140111]	RSA参与签名运算数据_input_charset=utf-8&identity_id=20160615114425&identity_type=UID&member_type=1&partner_id=200004595271&request_time=20160615114425&service=create_activate_member&version=1.0
[20160615140111]	RSA参与签名运算数据_input_charset=utf-8&identity_id=20160615114425&identity_type=UID&member_type=1&partner_id=200004595271&request_time=20160615114425&service=create_activate_member&version=1.0
[20160615140111]	RSA参与签名运算数据_input_charset=utf-8&identity_id=20160615114425&identity_type=UID&member_type=1&partner_id=200004595271&request_time=20160615114425&service=create_activate_member&version=1.0
[20160615140111]	RSA参与签名运算数据_input_charset=utf-8&identity_id=20160615114425&identity_type=UID&member_type=1&partner_id=200004595271&request_time=20160615114425&service=create_activate_member&version=1.0
[20160615140111]	RSA参与签名运算数据_input_charset=utf-8&identity_id=20160615114425&identity_type=UID&member_type=1&partner_id=200004595271&request_time=20160615114425&service=create_activate_member&version=1.0
[20160615140117]	RSA参与签名运算数据_input_charset=utf-8&identity_id=20160615114425&identity_type=UID&member_type=1&partner_id=200004595271&request_time=20160615114425&service=create_activate_member&version=1.0
[20160615140117]	RSA参与签名运算数据_input_charset=utf-8&identity_id=20160615114425&identity_type=UID&member_type=1&partner_id=200004595271&request_time=20160615114425&service=create_activate_member&version=1.0
[20160615140117]	RSA参与签名运算数据_input_charset=utf-8&identity_id=20160615114425&identity_type=UID&member_type=1&partner_id=200004595271&request_time=20160615114425&service=create_activate_member&version=1.0
[20160615140117]	RSA参与签名运算数据_input_charset=utf-8&identity_id=20160615114425&identity_type=UID&member_type=1&partner_id=200004595271&request_time=20160615114425&service=create_activate_member&version=1.0
[20160615140117]	RSA参与签名运算数据_input_charset=utf-8&identity_id=20160615114425&identity_type=UID&member_type=1&partner_id=200004595271&request_time=20160615114425&service=create_activate_member&version=1.0
[20160615140122]	RSA参与签名运算数据_input_charset=utf-8&identity_id=20160615114425&identity_type=UID&member_type=1&partner_id=200004595271&request_time=20160615114425&service=create_activate_member&version=1.0
[20160615140122]	RSA参与签名运算数据_input_charset=utf-8&identity_id=20160615114425&identity_type=UID&member_type=1&partner_id=200004595271&request_time=20160615114425&service=create_activate_member&version=1.0
[20160615140122]	RSA参与签名运算数据_input_charset=utf-8&identity_id=20160615114425&identity_type=UID&member_type=1&partner_id=200004595271&request_time=20160615114425&service=create_activate_member&version=1.0
[20160615140147]	RSA参与签名运算数据_input_charset=utf-8&identity_id=20160615140146&identity_type=UID&member_type=1&partner_id=200004595271&request_time=20160615140146&service=create_activate_member&version=1.0
[20160615140153]	RSA参与签名运算数据_input_charset=utf-8&identity_id=20160615140146&identity_type=UID&member_type=1&partner_id=200004595271&request_time=20160615140146&service=create_activate_member&version=1.0
