[20160712113745]	RSA参与签名运算数据_input_charset=utf-8&account_type=BASIC&identity_id=e88d707f259e11f6cd80a04bd568fc9b&identity_type=UID&partner_id=200030133789&request_time=20160712113745&service=query_balance&version=1.0
[20160712113746]	RSA计算得出签名值：i+tw0ctBfnQ1FN0lOVzEdzJxorFrjRayfjNB3BiF2dniYB2KTXMXyh0cY/NzgZ4tJEx6VMYS4z5msafCFTBsSO51SJYr2WFwA/j5OoI4gQw0BOgMd2iCGUqm7iOrccqOoJyV01YeIwML8fe/LpZeq+ukig0EpSnKYYQ3h0/ZPwo=
[20160712113758]	RSA参与签名运算数据_input_charset=utf-8&account_type=BASIC&identity_id=e88d707f259e11f6cd80a04bd568fc9b&identity_type=UID&partner_id=200030133789&request_time=20160712113758&service=query_balance&version=1.0
[20160712113758]	RSA计算得出签名值：nzrSSTw/eb6I52/DpQqKv1Cz8aUwAodPcKL+XzoYc+Cx4tis4K+a3+YAoc4FiKqPCcbkdczE0cUHNaxOi6ITfK76qOiVqcO+VgpI5vAUSzMu15vi5Z2hoqOnxfmM+OBNE9Xid+gRlv7Ol/qc1JbXuRn/YwRVbLwArnArRlvxMm8=
[20160712114057]	RSA参与签名运算数据_input_charset=utf-8&account_type=BASIC&identity_id=e88d707f259e11f6cd80a04bd568fc9b&identity_type=UID&partner_id=200030133789&request_time=20160712114057&service=query_balance&version=1.0
[20160712114058]	RSA计算得出签名值：fzi0myMTwngKKn84Tj0Pva7Fk7U5CHsxjhmm2nmOvKMO/AeDDXI7CKFnAH78J5t0B1nb+A3uZOC/M2hVwVoDxqrNCJpRhfBZjQMScw1k4ugF7XGRfqeJXAGg2VQuAkYQ8eAMOioSn93/WZNDlkVLH9MPecO5cB+Knlq7fDR+IxU=
[20160712114102]	RSA参与签名运算数据_input_charset=utf-8&account_type=BASIC&identity_id=e88d707f259e11f6cd80a04bd568fc9b&identity_type=UID&partner_id=200030133789&request_time=20160712114102&service=query_balance&version=1.0
[20160712114103]	RSA计算得出签名值：l3QHYG52BgTNCnN4Zg3qCOuqwz2Tc8yErmNQ1ZcFHnGlxQCCLbcLdiWiXpUV3rIgml9A3O7UWHpeXJtjjlKBBUd+1zEM2h3hCWgsdxXsQQA2ogYJf1CL4jwiiqS7RgWZxzvCLxlY85o4k8+UO07erLBM+QO0lM+ItVowcEtJ21g=
[20160712114155]	RSA参与签名运算数据_input_charset=utf-8&account_type=BASIC&identity_id=e88d707f259e11f6cd80a04bd568fc9b&identity_type=UID&partner_id=200030133789&request_time=20160712114155&service=query_balance&version=1.0
[20160712114155]	RSA计算得出签名值：OO6tFypJ1mrHrjezYcdNL6DCbJ4wOBv1F5FYKxu06Ku3aQHMyBP5NR4mHvpDsSPoDpDrseZ7Jw5Di6zAwe6EbXEa2SEKe6F7VZ1W7HIP5TCr5CQopxnWGDKixHzAQJYuujNhfV2UBm4HXtn3m4/D34g1Yyfd5AbLBzJTAKZ/pak=
[20160712114203]	RSA参与签名运算数据_input_charset=utf-8&account_type=BASIC&identity_id=e88d707f259e11f6cd80a04bd568fc9b&identity_type=UID&partner_id=200030133789&request_time=20160712114203&service=query_balance&version=1.0
[20160712114203]	RSA计算得出签名值：gXC751mtflxB9CzDv83KJiZi/sydeGAMfQhlw6pJhw8AdCA4hKb2mTB6IWQe526YwPAP14jNYi9KmzUW2G4LYbMFXm+ubPxv99SDsbXqW+JaeOpub3bVkkot0oJnRZQj3s9P1qp229RwPCG8j3H3hNIX4i1I9Twocjk5zg/+ebg=
[20160712114209]	RSA参与签名运算数据_input_charset=utf-8&account_type=BASIC&identity_id=e88d707f259e11f6cd80a04bd568fc9b&identity_type=UID&partner_id=200030133789&request_time=20160712114209&service=query_balance&version=1.0
[20160712114209]	RSA计算得出签名值：QEjMjYadi/NGY2fHupE9MbpnUuzqOwyZCcZ0/2JHPF5gfUTZD5NMfMqb90O4tVqok9VPhaAqzlC1y3z5ssk9LYjGqVgvYthFt14R81RMSSt6PeJBKOScaIW2vsUwZSH0LQxxu3O8MlgtJNWwaLvoXvV8xcn+zoexTZwcMtZrh7k=
[20160712114213]	RSA参与签名运算数据_input_charset=utf-8&account_type=BASIC&identity_id=e88d707f259e11f6cd80a04bd568fc9b&identity_type=UID&partner_id=200030133789&request_time=20160712114213&service=query_balance&version=1.0
[20160712114213]	RSA计算得出签名值：urZDKUWgdtzIQzi/SqDs/HUm9pf0eduumTLwECXJRtiX0vp0X0SSelxY4zsIF3ajVFkaujQjn4A/G+omI5mF6aqPKcfG6uL6rMb8Pb1YsuHYxS2Z35BAoGLKuMFG7mO87QIYyurV0dhTUCsUr6j2FZ5ksMWHlVVgK+UOBpfZsPw=
[20160712114217]	RSA参与签名运算数据_input_charset=utf-8&account_type=BASIC&identity_id=e88d707f259e11f6cd80a04bd568fc9b&identity_type=UID&partner_id=200030133789&request_time=20160712114217&service=query_balance&version=1.0
[20160712114217]	RSA计算得出签名值：tC40zyk1UbrSC3bv7FyYlSNCyqdawM+LG+naK0IjTFk7/tjUhXUyuLPP5EQ2aCK1kONbT2h6vxX7nLBxZQcJTblZaXF9mgBQM0fln7LILc15YRPLxRCPHZrnSsK6bWwsSO41l4DCe6nC9aEIogS/6jCxwE5MEgcwkLirR0ESGZo=
[20160712114224]	RSA参与签名运算数据_input_charset=utf-8&account_type=BASIC&identity_id=e88d707f259e11f6cd80a04bd568fc9b&identity_type=UID&partner_id=200030133789&request_time=20160712114224&service=query_balance&version=1.0
[20160712114224]	RSA计算得出签名值：lrGULLI72hTszshZeceA0CKcYI9LhaIgC06zjB5ED+I9H88sv1hxKp/NaREcaJGk+aGPXxsbFp9ty1Ef7O7iMV+/ITDK9ZG9ry6O44WkzOZqGH3A5X5al95EPx7B4DsCcEEukkRPc8CrZ0hAi4AfN78dlF+hUb/xmw3aTpVnX80=
[20160712114357]	RSA参与签名运算数据_input_charset=utf-8&account_type=BASIC&identity_id=e88d707f259e11f6cd80a04bd568fc9b&identity_type=UID&partner_id=200030133789&request_time=20160712114357&service=query_balance&version=1.0
[20160712114357]	RSA计算得出签名值：RsA+0ble3QxBU88mctBWHGvMqiou0KH6FyYLPiq6ePBrZu7dA0AJ00s0HdAUe1IRiqValtFQ/K3Zx0din/0aA3WTDMx+223HjB61KN6xTiMljSXyCYdOCAn/mj6TlMGOZqukhC5/0t68OJzcuRjNdQimMzQnzyQRjTsaajurW0c=
