[20160722155838]	RSA参与签名运算数据_input_charset=utf-8&account_type=BASIC&identity_id=0565189486edc0f8139633154bd1e287&identity_type=UID&partner_id=200030133789&request_time=20160722155838&service=query_balance&version=1.0
[20160722155839]	RSA计算得出签名值：EhrrFqRUy9cOhdgvzarZFdfezS2vwQ03bjv2vCpe9xSAnVGOLDq6UFRjj1DO+4EcIiqA5KumS91UIQ/rjbvTTlfXUgTYTXz949gUCYUPsS2KjMTMo1pWJUoMzikDMXAhqaDY+YnwKVsBx7fm6M+2yItccjMKs1x6l4gIp+aoJhI=
[20160722155845]	RSA参与签名运算数据_input_charset=utf-8&account_type=BASIC&identity_id=0565189486edc0f8139633154bd1e287&identity_type=UID&partner_id=200030133789&request_time=20160722155845&service=query_balance&version=1.0
[20160722155845]	RSA计算得出签名值：Ou0jGnpRV0vQmsULVjizcWykEYdh6DEwv8GWI5/WajEdeD83gcn1XI1LdmykMVGy/nr2yhySQtg4i0R0S6MuT39zC3hH2AbHtVeVwCrCuK3wETnZclH1uSjndSRaroXsmwjQJyt6u5IKMk6nKS2lrctPd77eNRFzZzCBaot/280=
[20160722155851]	RSA参与签名运算数据_input_charset=utf-8&account_type=BASIC&identity_id=0565189486edc0f8139633154bd1e287&identity_type=UID&partner_id=200030133789&request_time=20160722155851&service=query_balance&version=1.0
[20160722155851]	RSA计算得出签名值：fk8mO+R/titFEyvSAADR1ADvxmDRgLX0bzLfvGFgJ8HfYJQsFgNPspSVUtfcDgjQHfsJD40PhFgsT3Z6JN1lBl2cNa9yNBDmYgIKl7MmqdDGAXwKN6IfNZieEK9tO00CViOJDhAaGVWhIdIhNNkq3KPDd1967X2RBdJryzSm/t8=
[20160722155859]	RSA参与签名运算数据_input_charset=utf-8&account_type=BASIC&identity_id=0565189486edc0f8139633154bd1e287&identity_type=UID&partner_id=200030133789&request_time=20160722155859&service=query_balance&version=1.0
[20160722155859]	RSA计算得出签名值：NrmBnwdS3mD2z58sn32jPgORB7oumKSZAtY3v55akt1JhkuKLwSbOkhq2NHb3DyV1glPV2LrVZqyddz9JkKG+1ejULFvKk9RaE9leQqXGl3cSDJCWlVA+N1E9MTrwbF767KvCmKsyJRx2QmYC64KaGWPiQe8HtRDuHqLbKG3k4w=
[20160722155904]	RSA参与签名运算数据_input_charset=utf-8&account_type=BASIC&identity_id=0565189486edc0f8139633154bd1e287&identity_type=UID&partner_id=200030133789&request_time=20160722155904&service=query_balance&version=1.0
[20160722155904]	RSA计算得出签名值：eZweamLoWncarzcYuVg3VReSqchX9ikSEFfax4g7UrleuCEVVaRp7hD7ivr9DNadnG96NTugmxBKgRMkD76dyzEERKo881qkbigSrXoTG56F2qyVhdo1EUJ3+b254/PIeeovLgzlmPZ5I07ozveAzc1eEi+eGa2Iu8dXsKKENNY=
[20160722155949]	RSA参与签名运算数据_input_charset=utf-8&account_type=BASIC&identity_id=0565189486edc0f8139633154bd1e287&identity_type=UID&partner_id=200030133789&request_time=20160722155949&service=query_balance&version=1.0
[20160722155949]	RSA计算得出签名值：imJnGZEnvc8CDeC6ZXMiQxyX1d7SGMsS+iZjNiS8NW+Owo14YEedalOwIh8dXfsoKuODhISFjoxGFiCnIvCP1XWaQ6U4YbqKxnRup/ao+nY63yUaFtznypM62BhRzeXc8lHZVyW4COAWLAt16BFMmtfhrzWQ4ZHKxmvFLGQ3AHo=
[20160722160002]	RSA参与签名运算数据_input_charset=utf-8&account_type=BASIC&identity_id=0565189486edc0f8139633154bd1e287&identity_type=UID&partner_id=200030133789&request_time=20160722160002&service=query_balance&version=1.0
[20160722160002]	RSA计算得出签名值：g7lLn/sEdSAUyWhSPJHZCRuhUFI7xjWzoOIErPAW2UzE7tFyp1prTf0pVCxnc2Vvuz3TNaqX0shwYsDxTmUCJMOOkjFsnvy9Y7jJoHoG3KPvy7MM36phgdNTB62QAxJBWN7b3e8DTtIwSfSfmKZbf8YB/w0BZPnLVAlLA5dWim4=
[20160722162052]	RSA参与签名运算数据_input_charset=utf-8&account_type=BASIC&identity_id=0565189486edc0f8139633154bd1e287&identity_type=UID&partner_id=200030133789&request_time=20160722162052&service=query_balance&version=1.0
[20160722162052]	RSA计算得出签名值：wZ8Qo1tg6fjDMti7moMSNv4pQ6VS+VdarxWm+2cF1pkWSBTfv6nGC9JZkaG8L/3p9vch3wK94oy7xZVlP5idfS6PCpa1R0SzkB7sZBCLZQ22qBdH/82MNBxFFRgut0b+BcJzWz1YuzR+3PQbJTzJ1hjPEtt1uvnDNO9E9i2gcg8=
[20160722162057]	RSA参与签名运算数据_input_charset=utf-8&account_type=BASIC&identity_id=0565189486edc0f8139633154bd1e287&identity_type=UID&partner_id=200030133789&request_time=20160722162057&service=query_balance&version=1.0
[20160722162057]	RSA计算得出签名值：sp8YXtIy1LYdslKddgaIZDmsGeywabe7/1bR9TL95KgU0yueYeo5tYzE0CrUcWrsNF1Sf7/T7ejeQIT+ApoNO8HWUu0SOyWVA1pqdbRM407AbxaSGpZFPxISReHgWdNpGVeAzxI5qmI2SWtAVnpW4sLWLIbipoo8e+AJxcDcaH4=
[20160722162103]	RSA参与签名运算数据_input_charset=utf-8&account_type=BASIC&identity_id=0565189486edc0f8139633154bd1e287&identity_type=UID&partner_id=200030133789&request_time=20160722162103&service=query_balance&version=1.0
[20160722162103]	RSA计算得出签名值：MC5etE1lX1qbnAYFMccaX1iCDLsnVLcCz7JBSo5wv3BsRMAUgQzujO1KWnS3AIWoht50KQNNrtSgQSIR5WpTyHTGDNp8L68Jof8Xd7q0IjiWLyEjl9VZh6vVbS22ZXDfh7VKD20Y5r8MK9y2MO7OUjs9Ytgw9purLM8czsQLDzY=
[20160722163035]	RSA参与签名运算数据_input_charset=utf-8&account_type=BASIC&identity_id=0565189486edc0f8139633154bd1e287&identity_type=UID&partner_id=200030133789&request_time=20160722163035&service=query_balance&version=1.0
[20160722163036]	RSA计算得出签名值：el2jDd31suXzvSu8i4j+DfVARCxs4MfAp9z+vsSPM4fCyRsb9nQgeAfL2vV3P9rPXZirbbsNUO2tZKg5Owi1ihtION7f1mUHimyYZOLiiDGQcuLt3OkIsAmajNs2IPfuClVc0XO+3S/5KNYFRWFuOanjgSFyYstHHw3Tz3Ntvls=
[20160722163038]	RSA参与签名运算数据_input_charset=utf-8&account_type=BASIC&identity_id=0565189486edc0f8139633154bd1e287&identity_type=UID&partner_id=200030133789&request_time=20160722163038&service=query_balance&version=1.0
[20160722163038]	RSA计算得出签名值：Y5+p8qmxtsgXSmO8eP/xZgAVVhoqGydBekpMzJ0tyLf4oy633s7D1WT1pAdri+7Gg4ua1ardGaupurO3mc8YLAiIAr7u6+2mpcpMdGBm3GD4raFF//HFVoaxKkwas/tCAq4E7tcLonVS5R2LrEbVBRNF1RoMb2tkGw40CNJX7/w=
[20160722163039]	RSA参与签名运算数据_input_charset=utf-8&account_type=BASIC&identity_id=0565189486edc0f8139633154bd1e287&identity_type=UID&partner_id=200030133789&request_time=20160722163039&service=query_balance&version=1.0
[20160722163039]	RSA计算得出签名值：kW+YhqML8phHJcX7Z5VzTwmivdellUMh0yhBDp82frDOgMjIKYffM8EBiPkkaPrGTbJPUf8XDAXEVc1nOY/HyUQDU66RJFYBHRGsnJklSXfxpz9m4+qPjfaNPoMuK0e46Mv8ljPvjkezPS+H6jjWmqzhQK7jFVCLoBEFt/zJpdU=
[20160722163419]	RSA参与签名运算数据_input_charset=utf-8&account_type=BASIC&identity_id=0565189486edc0f8139633154bd1e287&identity_type=UID&partner_id=200030133789&request_time=20160722163419&service=query_balance&version=1.0
[20160722163419]	RSA计算得出签名值：ESwdCz8jfqAxfoqA0QqZQg8SaYGxcv74cefjjBwZMVVW0XEUc2ouv8mfY/0gBQHI3Nc2/VBvPoL28Jmf6qw2iCpT4hIRLNZRrAbwNI4Rmldy6l7KaubOtvEGnw7rhlwrFTH2QCDFaTQkMpYVHK8/bTbAKnjFHYMVltIFrrvU+tI=
[20160722163421]	RSA参与签名运算数据_input_charset=utf-8&account_type=BASIC&identity_id=0565189486edc0f8139633154bd1e287&identity_type=UID&partner_id=200030133789&request_time=20160722163421&service=query_balance&version=1.0
[20160722163421]	RSA计算得出签名值：sXF2A7Y9chVCNicuBrq6t5aAUr7BykyCdKfYwKphU8CH+rDMuvS9cRB/xTESC3s+vgvFu6DKlLArhSnRSNA1oE4o+PuKa9ozWvpC6FRKeEmG9htUZlgqLPRUz3QrPsIeSv2kBLuNKTsXD0VYjqXYz5x4E1fHwq+FAixNGg0xiJE=
[20160722163427]	RSA参与签名运算数据_input_charset=utf-8&account_type=BASIC&identity_id=0565189486edc0f8139633154bd1e287&identity_type=UID&partner_id=200030133789&request_time=20160722163427&service=query_balance&version=1.0
[20160722163427]	RSA计算得出签名值：nH4W4OdiLl90imwLYzOr11dcUAIxSurDe+AEqKHwxhYPm5ks5FowOMkTqiJabyM4BOrOo+iNzak0kFFB8kJnlfIac30Kq++DKjNE+8GKDHZLmZVQyqbnn4HLDWosVf8eb3aZWlqq+auIBY+ucOFo2ES/xZyKO5mA/JLw61M9G7g=
[20160722163456]	RSA参与签名运算数据_input_charset=utf-8&account_type=BASIC&identity_id=0565189486edc0f8139633154bd1e287&identity_type=UID&partner_id=200030133789&request_time=20160722163456&service=query_balance&version=1.0
[20160722163456]	RSA计算得出签名值：ZUDmpBRWCcP92hLnpTxCIxDqNpbDt+itJlLknbTUHxz+TsngYOHpm6TCo0arlGBjoqVkkKeOiLSuvlNfFRY/l7yB+XL5i94z7WuYZMnoerKeVbgPh6RPkZRLHSF54QOxwvGqULCgcTBTHFMvLBe0ZzDtnYBYoBQDAfIlobq/eqY=
[20160722163504]	RSA参与签名运算数据_input_charset=utf-8&account_type=BASIC&identity_id=0565189486edc0f8139633154bd1e287&identity_type=UID&partner_id=200030133789&request_time=20160722163504&service=query_balance&version=1.0
[20160722163504]	RSA计算得出签名值：IQfN1n6t9bCR2pUoKLUBfkIWIhTlb/jeDXRs7BkG8ZYeyzPimzmZhoBD1HkZa7GwWCt7WCm6idHppSmwjHc1OlztGRodc7UuhtkzvwV/E03mUa+8x/e44o8OzOIDhce5l8rP0KLfAjUlMbVfUYvj54uUb65asX/00HZyy1Cc2X0=
[20160722163509]	RSA参与签名运算数据_input_charset=utf-8&account_type=BASIC&identity_id=0565189486edc0f8139633154bd1e287&identity_type=UID&partner_id=200030133789&request_time=20160722163509&service=query_balance&version=1.0
[20160722163509]	RSA计算得出签名值：Mtu8EXF4bfspaBpEeH2DBHvryV/DBPfH5qGOZeYbBz8Ys8zVo1xV1bo7YrcLil29MWjm5U42KbYGtTGZCduo+wRRwhe6K1KCCOlecIGDz8zmAs3oGAUac+19KCc4nNpGlRCbkFfWUYjv6SmOe6a2mTedo2gmRIz3e8qDhKv2v38=
[20160722163756]	RSA参与签名运算数据_input_charset=utf-8&account_type=BASIC&identity_id=0565189486edc0f8139633154bd1e287&identity_type=UID&partner_id=200030133789&request_time=20160722163756&service=query_balance&version=1.0
[20160722163756]	RSA计算得出签名值：WUj7CGvhrJdzVqmIoKD/29NL3NHmpPP7dSs8MbvQzmd/ODRCaNfUCro0JtkS9vgGwTG1VbbwwsNVG6hUvZSUTUUkCi0l8Q1YcU9hznSbMTg1TpPI1eqKQWJXRbZHuE5nFrStwcPDiVCJhhqwwxXL7/FYKBqRHiKh4DGGli4RI4Q=
[20160722163832]	RSA参与签名运算数据_input_charset=utf-8&account_type=BASIC&identity_id=0565189486edc0f8139633154bd1e287&identity_type=UID&partner_id=200030133789&request_time=20160722163832&service=query_balance&version=1.0
[20160722163832]	RSA计算得出签名值：wfQ6H8n0v9v2tXvU3ocaqyGxrLb75zY/JB2nmvjSgkI1Iaec2uxWnTOwW8aD+gLc8+Ge6j3LvEDybRGH0FhQgOyMm86adDISbvrLdmstm0M2nL6asfPGzcIBWqxRZMs8nD4BZrjLwjMea3sTWTfl7Br10heHmHI8Za8ecKU2fUk=
[20160722163838]	RSA参与签名运算数据_input_charset=utf-8&account_type=BASIC&identity_id=0565189486edc0f8139633154bd1e287&identity_type=UID&partner_id=200030133789&request_time=20160722163838&service=query_balance&version=1.0
[20160722163838]	RSA计算得出签名值：CkDVbUWLMjBeI1DV95uj2L8EzcIAtPlwvnvwblHMSL/dFFoWoB3bToXaMo/NziY8Z8Eul4FivG6pV7TSxA7TXP/gb7qy/87/p86AlSVVnNsZ8jrnyJbU01uSjF7I/lmX6dbRvhOHP4aVY6Q37LXqFlUfRN7QppYoMMD4wYYQNcs=
[20160722163851]	RSA参与签名运算数据_input_charset=utf-8&account_type=BASIC&identity_id=0565189486edc0f8139633154bd1e287&identity_type=UID&partner_id=200030133789&request_time=20160722163851&service=query_balance&version=1.0
[20160722163851]	RSA计算得出签名值：hhSfPye/aeVq3hxTkjxgL8U1ia5zPaYo/xf3brZUC/AgYnHUdsWa326wGsARos0tkA8HXtfsfT1BKt5ybcQ6ThoNqr4bYMIjLV7pq45byQ4Q8y4ThrPZ2Olx0UTh4qxwcntXu0Cq0PFbuH+fVwaI6SicnBrig3/e1fd5GgrhEDU=
[20160722163856]	RSA参与签名运算数据_input_charset=utf-8&account_type=BASIC&identity_id=0565189486edc0f8139633154bd1e287&identity_type=UID&partner_id=200030133789&request_time=20160722163856&service=query_balance&version=1.0
[20160722163856]	RSA计算得出签名值：tWa828rm/HapxQx8nVI3nbc3emjV9FgMhi1MBx8PToqIEJIYUmjNDcoonbxfZtGofuO3cRxSXHScc0m5NL0jCgE07bMapORXik/H2g6ZbsU7IkKGUwqWGT3aElIiTczW4Q18K1v4dixTsv8Z3k0od1Y4cTk4cEc+eqGLr2J2Mbc=
[20160722163928]	RSA参与签名运算数据_input_charset=utf-8&account_type=BASIC&identity_id=0565189486edc0f8139633154bd1e287&identity_type=UID&partner_id=200030133789&request_time=20160722163928&service=query_balance&version=1.0
[20160722163928]	RSA计算得出签名值：q8CDvMSrWRpVvKbZuizBXQS3xxuBwKTpiDYW5rCo0l4RwTxO00bosI47BSybj2WmPQyBkiukCAm2ZFED3tLVjf1XrQirEb0V+0gxL+Ta7hIyjzdlChpe13E62B8GJ5INIG1CVWHKckCyYuG35E1g3C7qZW69I5lq7CDZBIqe798=
[20160722165431]	RSA参与签名运算数据_input_charset=utf-8&account_type=BASIC&identity_id=0565189486edc0f8139633154bd1e287&identity_type=UID&partner_id=200030133789&request_time=20160722165431&service=query_balance&version=1.0
[20160722165431]	RSA计算得出签名值：gNnDJW8jJYOuVcOObkHzLShvvGH5KSygKLnW0E2IVFAzMjYTkJ8IGOggxVfvFCqp47OuQWbWE4HGYDqUJ0DE62qaN0Yfe6xpl6qye8t4mBtkAF2pmY4KsyHCKxyx7eCC6QSlGF+6rusLv48HupdTCzekguGUQmm513bqLqU/laE=
[20160722165436]	RSA参与签名运算数据_input_charset=utf-8&account_type=BASIC&identity_id=0565189486edc0f8139633154bd1e287&identity_type=UID&partner_id=200030133789&request_time=20160722165436&service=query_balance&version=1.0
[20160722165436]	RSA计算得出签名值：IZ3Gqc7UUa4TCimTMpwImKW3zPs3q3rZrHl2wb1HrAQ0orcELoPDr2eISyIjlQ9j6/UALrIahGt+q5TOeOWHtwIzoHm0OKCUhG+SZfjUi/VB/nl1XAxTC0bKhwvV0d486UdZ9zc+zSbaygHNwzxzrbhAvz0gzo1Npa2N+fIeoCw=
[20160722170824]	RSA参与签名运算数据_input_charset=utf-8&account_type=BASIC&identity_id=0565189486edc0f8139633154bd1e287&identity_type=UID&partner_id=200030133789&request_time=20160722170824&service=query_balance&version=1.0
[20160722170825]	RSA计算得出签名值：NL0H/rspFIjmRWeB9vr2x+4pR+Rlvt87crpbEnqjBZuZpZhF1o2MvMztOwJOJyL4Vyf+ptmtCJ6TwQz20Mppd6vnQYEiwVY/tsNEE5BcEh5BLHFJ0/DSdUUxsITGWQRevOOT5s4Jt2e6ou8lfo0pHOvx/Tq+ZldjoFlBdbYQR+I=
[20160722170831]	RSA参与签名运算数据_input_charset=utf-8&account_type=BASIC&identity_id=0565189486edc0f8139633154bd1e287&identity_type=UID&partner_id=200030133789&request_time=20160722170831&service=query_balance&version=1.0
[20160722170831]	RSA计算得出签名值：DugUDrKbSMOfkGP6fLzBLzF1B7bpnJP48k5bhzO2OwjhNRqJVYX7KwDk+bcxRKFxL/8hAXT7IgElIMo1U0dwHBbSmvzKuVgGPebrgwcKtP3BTseU4oJ0tccck9z/zEFlffRyPhKErcFVUdz3F6btasOaODMopdnWPiwTPSQnwDg=
[20160722170836]	RSA参与签名运算数据_input_charset=utf-8&account_type=BASIC&identity_id=0565189486edc0f8139633154bd1e287&identity_type=UID&partner_id=200030133789&request_time=20160722170836&service=query_balance&version=1.0
[20160722170836]	RSA计算得出签名值：lmIiBIfdvQLqKb6w041rrZJJfQJs45nwDyPc6yY23EmD5O2QBQD6fcGcFnGd6kJK8el73elIqWaLjYjIQK58zjQfONKZhKh3uFrwmi+oH3qSWkY9HrSQWSezxgIkZyRNqzuLr3asY1I15pKMI/uDUg7YkEieY2zA/V/jJ30W5d0=
[20160722170837]	RSA参与签名运算数据_input_charset=utf-8&account_type=BASIC&identity_id=0565189486edc0f8139633154bd1e287&identity_type=UID&partner_id=200030133789&request_time=20160722170837&service=query_balance&version=1.0
[20160722170837]	RSA计算得出签名值：mcMpbAha/DQieulBoSWtXiZT2hJwnjYYC5vi/rLpM9aZtLloVs8M2HMgHaCfuLajn1m45zRz/2P4mxoQDBcYJTb0h8hTB1voZGN/jz2MHHNwLqpPLCXDPL38VBE1jrz5V5wHkQvun2eflog1/Ld8BWTqs9lPOwmLkJsl1zdZqm8=
[20160722170843]	RSA参与签名运算数据_input_charset=utf-8&account_type=BASIC&identity_id=0565189486edc0f8139633154bd1e287&identity_type=UID&partner_id=200030133789&request_time=20160722170843&service=query_balance&version=1.0
[20160722170843]	RSA计算得出签名值：wNe92CQFzAW3ZrTWYXiMf4VMrI+pIrmbVorO3EVPBcWLaBtLGw+9lZvU0StwhOasWx2U60ZB6G2g7JPw6A6YQ4GH+d3fRfMseVjhj9f2Y+U824pZTH81aj8M/sipOy/75re1fbanDucFFxOQmaRBSxptqgCiVlwdYHWSlGl+x78=
[20160722170903]	RSA参与签名运算数据_input_charset=utf-8&account_type=BASIC&identity_id=7234cd72579109e2314ddef38077300a&identity_type=UID&partner_id=200030133789&request_time=20160722170903&service=query_balance&version=1.0
[20160722170903]	RSA计算得出签名值：imyLPJ/ATakkKpePKnKq7i99oWwn0QYbNbU8ns5bqJMB8+I/cJOwFEkkOKcey8Db/pdwdz9aMt3wiXoNOMyne6C9KGzmvCBCtAhfIsPFjrOmuyftUCP/UZO49SysfjMNYj8wsZ/xliMfQOtiTFy7+xpH6QimBMg2a7Bqjjgrpfc=
[20160722170908]	RSA参与签名运算数据_input_charset=utf-8&account_type=BASIC&identity_id=7234cd72579109e2314ddef38077300a&identity_type=UID&partner_id=200030133789&request_time=20160722170908&service=query_balance&version=1.0
[20160722170908]	RSA计算得出签名值：vpAeuYF00eLJn07Jstcr6HaP12yKLHVj8H9S2Uk/n0ZdXgJ6HgUqeFtRTq6LTfz+XeY89hMv6wjU+jwyW7AiwscBQnWTfrMLEtoWu95wjwxTMSER6DVX4NaRwL60nIj6gX7uBUm9E2L5NEm0dxeFrZCLtRkUZ81uWr/j/FrUa54=
[20160722170913]	RSA参与签名运算数据_input_charset=utf-8&account_type=BASIC&identity_id=7234cd72579109e2314ddef38077300a&identity_type=UID&partner_id=200030133789&request_time=20160722170913&service=query_balance&version=1.0
[20160722170913]	RSA计算得出签名值：eKWJoGheLEv11lDE9MR/LZYsy1jY2MFHp5hobrzpeUaKwAvXvNRjRtVV9E5mKn69OVUCEmp8Ja/C7ifH3gKNtp4prY2V4E4KUN8apeD7DfxeKdJfH42hAUr5q5HIuXvMY8OAaemDRcXaIa34eF9TJXQhjgP3pya/gPDde3JEbGk=
[20160722170919]	RSA参与签名运算数据_input_charset=utf-8&account_type=BASIC&identity_id=7234cd72579109e2314ddef38077300a&identity_type=UID&partner_id=200030133789&request_time=20160722170919&service=query_balance&version=1.0
[20160722170919]	RSA计算得出签名值：bB9Bj0H7tZ2HmWm2ClDri/tqIM/hGAvBgj9CyLTKE0vZDEh3Ja+dAhItxj1OzNxoUCIhKhIO7JsSdE22a7PKhn7RN1IrMU+MB1jhUAfIBhKPbCpJUXti5kz8laMZ1u2hAjGcja+IiBidEsKlOwcQMjyeMBquzROh72+uF3bQ0CU=
[20160722171005]	RSA参与签名运算数据_input_charset=utf-8&account_type=BASIC&identity_id=7234cd72579109e2314ddef38077300a&identity_type=UID&partner_id=200030133789&request_time=20160722171005&service=query_balance&version=1.0
[20160722171005]	RSA计算得出签名值：vXcmrkTyLL+Iq3oXu5XZqjeEWCk7NDh4t58i/0VVdDswoFwMBEkMxSYVQLBR/vIRoO/JdKkjl4WU5h0k8kvjQP5bW9kP4+zKxlCX55XBazI6G0Pj1wlO6yaqPf5lqhYxlqPz3/OXAreLPnckuxYN/PYRs+DmeVl7FOIYNw77RKY=
[20160722171010]	RSA参与签名运算数据_input_charset=utf-8&account_type=BASIC&identity_id=7234cd72579109e2314ddef38077300a&identity_type=UID&partner_id=200030133789&request_time=20160722171010&service=query_balance&version=1.0
[20160722171010]	RSA计算得出签名值：XtHCyU/CL8wRXNL6gYO3WM0bcjHhkm9v8r2QKxzcFF1CgX0TwdXfbpvXoOdUd4FVDdu5OnEW+9rVg/iQo/7ocJrXM4dJNZQs2E7/N5AqMayiHvn6CxpjC6OEZYpwQwMB4cbAgXW9ZW1g9enO69fteHk1Ab/O/piFQkWqQL0nxB0=
[20160722171015]	RSA参与签名运算数据_input_charset=utf-8&account_type=BASIC&identity_id=7234cd72579109e2314ddef38077300a&identity_type=UID&partner_id=200030133789&request_time=20160722171015&service=query_balance&version=1.0
[20160722171015]	RSA计算得出签名值：IUFcGFHqN0PyxaJbUGVlFFyzguEBjkHi0hS6dGvFFGgt1eYq9kPOZFi3JgdNFMOzJOSpgyEP2QWjRHnzuYzhKHK5lbpaQQJlw5z3/iv6Jf0yhWeQvUh8uiC4KOI2zdBql04UuNJPZQvLNQX/Q2Eo2LbGI7crMkWigzKO94Kc8As=
[20160722171136]	RSA参与签名运算数据_input_charset=utf-8&account_type=BASIC&identity_id=0565189486edc0f8139633154bd1e287&identity_type=UID&partner_id=200030133789&request_time=20160722171136&service=query_balance&version=1.0
[20160722171136]	RSA计算得出签名值：AqjdvbkRaCSoy6ZPjYPsKAWZmuZdxR9Il/0UBQXr84LMDak1wNOXac9o7xsSeCgcqm1p2SjWm2vPizuBBj8yQBkkwVnzPl0Sa4qBwBMoLUgiRvXJS8pA1ayVGC2Je0y75P2pZA38Cgj4vgeyU2cMJB0qD9A2Ydf2Xml7XBh9XY8=
[20160722171143]	RSA参与签名运算数据_input_charset=utf-8&account_type=BASIC&identity_id=0565189486edc0f8139633154bd1e287&identity_type=UID&partner_id=200030133789&request_time=20160722171143&service=query_balance&version=1.0
[20160722171143]	RSA计算得出签名值：hzQ1rA9Ga2mBavuqt7thlUC+LB4RLj7OCujvtnNsR6UqIGJuPPmfJtjbrbqCTfkW00VVIoKaN4p/ocsYQ0kyHx5uk2LQiz2okXznF28t2saVFlB89o5/GviZt+kZyVQk3trhslsaWXnzeAt2y1OWVfQsXZhSXazFvL8qI516Yk4=
[20160722171150]	RSA参与签名运算数据_input_charset=utf-8&account_type=BASIC&identity_id=0565189486edc0f8139633154bd1e287&identity_type=UID&partner_id=200030133789&request_time=20160722171150&service=query_balance&version=1.0
[20160722171150]	RSA计算得出签名值：FxMqAhKmaFqyR6ijzsg+E2viOnoxi50tP12jb06gQeXE9lLwAjKO+RJww6H8hI/qq430FRYkqef452YufW0MZfvy3kp0LuzMRB51ah3LSrjqOE8mPwoNLyJzlP/9/F4tvtxIshQ5V791KVxauY80P1Ct56X01MM7SNTggZPEbSE=
[20160722172319]	RSA参与签名运算数据_input_charset=utf-8&account_type=BASIC&identity_id=7234cd72579109e2314ddef38077300a&identity_type=UID&partner_id=200030133789&request_time=20160722172319&service=query_balance&version=1.0
[20160722172320]	RSA计算得出签名值：WTtXfo1sW8imDq0UoqiYjWsXeQ9G5cx8ixoGUby0DGUitaokYRfCsJMxN076lDy649BjzCLz9EPBOTQSlQoli3oJXtwheMjlRzkgw5KQo7DdGdfFGlDM8Kgtjmud4QcEqSQORz382PTpsnVmEYfNkeOR20q7Jso5Q+qb+bOgNXg=
[20160722172325]	RSA参与签名运算数据_input_charset=utf-8&account_type=BASIC&identity_id=7234cd72579109e2314ddef38077300a&identity_type=UID&partner_id=200030133789&request_time=20160722172325&service=query_balance&version=1.0
[20160722172325]	RSA计算得出签名值：B/efh2LoWS9XKLln5u5FY5FA+JIlVs/tRFfIi8S82pJm2OwrRuMtXbbr6T45JhW57jThLp9paieqdoPLWhu+lmoKQeUEnrrkZXxKmGVg5FGT7kad1p6IgU/TUE3qqlniPrxTH3nIK4hbnqEiFZhf7xHCl1eX5Lvw5PYOUsibbYQ=
[20160722172332]	RSA参与签名运算数据_input_charset=utf-8&account_type=BASIC&identity_id=7234cd72579109e2314ddef38077300a&identity_type=UID&partner_id=200030133789&request_time=20160722172332&service=query_balance&version=1.0
[20160722172332]	RSA计算得出签名值：tYwMbTajwZvBHqZXIkdU1ceRMB3uO2Y237HmhxK/L+ZDH309VCPFrWkRsaUNg2lndFCb45f3ziAxp+YGf4CRuwDAf2XL2TPpeQAfPrqvPxqD8nhbmsxXrm+WxXczjgXGuNxPGWCdB4ra+lOk78LKGgo5f8dzUgCYO4BS2CbhBas=
[20160722172404]	RSA参与签名运算数据_input_charset=utf-8&account_type=BASIC&identity_id=7234cd72579109e2314ddef38077300a&identity_type=UID&partner_id=200030133789&request_time=20160722172404&service=query_balance&version=1.0
[20160722172404]	RSA计算得出签名值：ENV1U8pyzsouuiokJHD0NzZVmWRVZfls1nOA3mOmLuEldAUEQo+GpQjA+w52y+5xVqFZWN8NNpKsd1HTfVvDBrtun2zXcRJPaYNtcTTrA2c8+zmrxp+Fw2aBIdsSDmUlAljQbhmNL6HyK9gUCu+iAjafElK8ysfxyxWCDQRADE4=
[20160722172406]	RSA参与签名运算数据_input_charset=utf-8&account_type=BASIC&identity_id=7234cd72579109e2314ddef38077300a&identity_type=UID&partner_id=200030133789&request_time=20160722172406&service=query_balance&version=1.0
[20160722172406]	RSA计算得出签名值：Aq/MFtpz19qeIROnXKZt588BHjldh/K3IzD5Ca8CRQg/d1+PvAAb04JBFGqPWJFXzFhRnAmIPh8zWI8Vf3ZzGk711aHSKy6Uq2L3ig7C3v7AwMgnU+YLN5ndOCG7e077KdrE6JS1ca0G10ObksJrwyeLiero40O95aQSEkkJaGc=
[20160722172412]	RSA参与签名运算数据_input_charset=utf-8&account_type=BASIC&identity_id=7234cd72579109e2314ddef38077300a&identity_type=UID&partner_id=200030133789&request_time=20160722172412&service=query_balance&version=1.0
[20160722172412]	RSA计算得出签名值：J+n0nuX21/Jj2ek13hZexEGeKTm/47I+YzLMN5beBawSQ+fRW0R046iZRLAFP9Ne/pElYT70WSkeLnLwvB/smFJLP2kOAwExYWxH9BLpGbuIIWzOeGTEG6UqOWcPEvQehHrB9lj+RyOp1ksmwumcZ6mpl2IIsXZYxwA7Mmwd9Jw=
[20160722172417]	RSA参与签名运算数据_input_charset=utf-8&account_type=BASIC&identity_id=7234cd72579109e2314ddef38077300a&identity_type=UID&partner_id=200030133789&request_time=20160722172417&service=query_balance&version=1.0
[20160722172417]	RSA计算得出签名值：paJmKDHSW1yanEZTbNOxCge13O7/dOdDoddZtX/DXD4ZVMdjkcRczg5nN/EIUDayL0VDRN8mqWn0j+WqgUUepLlGUq65bXFWyn4ZTGVhGCxZbqrWU6Fivp5P9I2LzvmyL/F+Tcq1/jqAdSLpCsAmmTXSywLC8LYuFp46JJJPur0=
[20160722172509]	RSA参与签名运算数据_input_charset=utf-8&account_type=BASIC&identity_id=7234cd72579109e2314ddef38077300a&identity_type=UID&partner_id=200030133789&request_time=20160722172509&service=query_balance&version=1.0
[20160722172509]	RSA计算得出签名值：rUn2BmRYsnGeclLaBw3f0xZ0VuIpPKThQiVTiwn63zRUeTzynBIee3iYPR7SU+v4Wzl/1Eeg+yGgOXvr3jyPb7SPYSuVh1xePqmHmuPJ6HfLNNKMxl8obirEaQm0a+RAiyeGhSLfZ+PLER3+9ECahgnKN7xr0YuvPonri6uZKdk=
[20160722172515]	RSA参与签名运算数据_input_charset=utf-8&account_type=BASIC&identity_id=7234cd72579109e2314ddef38077300a&identity_type=UID&partner_id=200030133789&request_time=20160722172515&service=query_balance&version=1.0
[20160722172515]	RSA计算得出签名值：XVyYS+yc6YQUGbaP7lzpEOe/scXKV4+gmrCHy6xVPjJP9vOT+yBqYDdaqS/Sw4e+U4eq+nvrY2PeVVR5W1Iro2YFa1aTu78AD2HNHnntZWF6/UGyzDs711MwpBdJ68mDsGR/0SuNalJN+63ps4XjiIc6mW9Jjk47MKnuDFTkz+k=
[20160722172520]	RSA参与签名运算数据_input_charset=utf-8&account_type=BASIC&identity_id=7234cd72579109e2314ddef38077300a&identity_type=UID&partner_id=200030133789&request_time=20160722172520&service=query_balance&version=1.0
[20160722172520]	RSA计算得出签名值：PQiAJCwkKWCerHVGXMzrjtqY72HS9VBpEDHM3mRILj0OJJScWnLiE7FnHW/MzUnfF7RTCjd38IXn9TjO0/bFF22XqhcAeEvf3WPM0j+jB1nr6/AgX11aH2PmeUwm2QWXvoHPU3+Vxsw/O+f6BHfVCR0eifXzyGmOH2mqDqA1pEA=
[20160722172522]	RSA参与签名运算数据_input_charset=utf-8&account_type=BASIC&identity_id=7234cd72579109e2314ddef38077300a&identity_type=UID&partner_id=200030133789&request_time=20160722172522&service=query_balance&version=1.0
[20160722172522]	RSA计算得出签名值：p3Cy8twp3zeGq+UEY+tkaxrXy2+pSWkkn3yn5ccboevMGVG+9BWHyfjdh+D/383WemBoubx+EF9N1HFo+BNcxw1mLM9EPDFlnWYJWy2ObFNve6LDZOfvsFIdi6lpS4xKBrBF1cDiKLFpJwQYBmxB6p8uLV6RsVOHa4OAOd9KCKY=
[20160722172527]	RSA参与签名运算数据_input_charset=utf-8&account_type=BASIC&identity_id=7234cd72579109e2314ddef38077300a&identity_type=UID&partner_id=200030133789&request_time=20160722172527&service=query_balance&version=1.0
[20160722172527]	RSA计算得出签名值：uBJgTUfR9pUIYcVMpObQRbfo28RSm19QoRAuEoI7lmBrFFdNfSWHKJVZZvgKSFRvCG4xGaW2CTM3cPPI5Ge29IGP4pBXCoqbKMTnc+Pk2FzNPoDA6m/xHBMsQQ55dV1PGOzP1yaM39S/H+/OErMAO+epaPRN0YINCPaxdxCAN8o=
[20160722172535]	RSA参与签名运算数据_input_charset=utf-8&account_type=BASIC&identity_id=7234cd72579109e2314ddef38077300a&identity_type=UID&partner_id=200030133789&request_time=20160722172535&service=query_balance&version=1.0
[20160722172535]	RSA计算得出签名值：SCatr24EFyNMFMOgU7MusX8v2747M0NjraZV0vgqrsENKhGbKaVdZXL01XbGmBLdDHMakbY7NE4rw9SJa4NeVPYhFpjdgYpRXAiInf8B3fY56V9Qh6HMYYt+0AtpbsYpYwKVTtfwlHDkzuCJouO+OFk8AD+QOZx+WFmPxdW2Fx8=
[20160722172553]	RSA参与签名运算数据_input_charset=utf-8&account_type=BASIC&identity_id=7234cd72579109e2314ddef38077300a&identity_type=UID&partner_id=200030133789&request_time=20160722172553&service=query_balance&version=1.0
[20160722172553]	RSA计算得出签名值：GXtaXemr4OBilKH+lMoGaA1vjflCNUWysVWRFHTQ5Odv0QD5OKIG/SLzaqKXdB/ccvPDdziSKZfrX19yJtsGHhBFflEEL4lq4BariSDJbxXReeRCKQhRObqJrm/NbPFp6aBlNgR0hMUY2yJBaxGs4e+b6oQ/pi6p0tbHcVjiDcU=
[20160722172555]	RSA参与签名运算数据_input_charset=utf-8&account_type=BASIC&identity_id=7234cd72579109e2314ddef38077300a&identity_type=UID&partner_id=200030133789&request_time=20160722172555&service=query_balance&version=1.0
[20160722172555]	RSA计算得出签名值：C0ETc3ZccFd3GK0dRhGprYDnvASMSc42cQmpi3VGcYzbUpPAqbKJGAajPJKKaAXBj7KzM1UiTeO6V75jnIe4zAacPiK42bz9XgLym3VXnetC0q1VjP/iu5I/4vDgXnEv4Xfed62HgTumhuzsCe4aKpApV9rgkM+6JrcQH/BMYn4=
[20160722172601]	RSA参与签名运算数据_input_charset=utf-8&account_type=BASIC&identity_id=7234cd72579109e2314ddef38077300a&identity_type=UID&partner_id=200030133789&request_time=20160722172601&service=query_balance&version=1.0
[20160722172601]	RSA计算得出签名值：qoMm04qQQkxVzg04NKpuRrRWq2mJSOgddBUo4P4mYHnMOaB1G8XOmx0IreNJXyYaHxt5WVV3jOdTWVWg+hVEaTUeK/Dh3BT8IpgbC53cO1lCMGbCVTOLrKgMJMVvwx0nsdF14P1H/JP4Mh/MOsKe4XFTF53R3bbw0NMkUUWjVYQ=
[20160722172606]	RSA参与签名运算数据_input_charset=utf-8&account_type=BASIC&identity_id=7234cd72579109e2314ddef38077300a&identity_type=UID&partner_id=200030133789&request_time=20160722172606&service=query_balance&version=1.0
[20160722172606]	RSA计算得出签名值：FtgSODSIRCx0BKZA2LmfYIIYagmxrZh6NuTmJ+ew4/Lil++8EJWqMbsvwUMs3E3sLGAnWPuxuVQNsR8avV0NWr55rNixnVg2po0ijrvEcEpQNcYkCTMpOSmCVXAPFAt131Lo59r+Xqm1iwHeiYOm5smdsncBZKtmkrNLExHsIKk=
[20160722172930]	RSA参与签名运算数据_input_charset=utf-8&account_type=BASIC&identity_id=7234cd72579109e2314ddef38077300a&identity_type=UID&partner_id=200030133789&request_time=20160722172930&service=query_balance&version=1.0
[20160722172930]	RSA计算得出签名值：j8W9twIzkhsioDLkUFKuPA3pFcpAK/3OF379euyyFW6/IF02feSyBKZAWXj/95MAK/iZrt38j5E7/Hen6T/ZzVpiTtBleG3pUZOTQpWB+VAb1rwPgHbbD3PY4h0kdD56/ofbHE7sW3oKE7+qfrk5+HpXh2XCR20BSCSxJKY3k7I=
[20160722172936]	RSA参与签名运算数据_input_charset=utf-8&account_type=BASIC&identity_id=7234cd72579109e2314ddef38077300a&identity_type=UID&partner_id=200030133789&request_time=20160722172936&service=query_balance&version=1.0
[20160722172936]	RSA计算得出签名值：sU8msCeuEX3nJnI51pxqHQC98OHU8pkF9apqpu6luRKOpQ7eH24K9CKBVXkmG7p1XR0j1wpJKaz0s7LAsQldapTMlFzvcI/azXcSu9YXD3088t9GfIthiioSZF9rd55LPfmdjS2lgER6vJ86eqc4MkiCWFu8wD70pKaRQiPgfIw=
[20160722173821]	RSA参与签名运算数据_input_charset=utf-8&account_type=BASIC&identity_id=7234cd72579109e2314ddef38077300a&identity_type=UID&partner_id=200030133789&request_time=20160722173821&service=query_balance&version=1.0
[20160722173821]	RSA计算得出签名值：ClgQEDmHM3PkJigmmUTABRdbHUNHi9h+fbDC7YyaB90D79ZaMG+bkQrfF0/gNiEOtzCPXQLb/MW94Vka9JJUBCOO4aQLB3gE0xe1BSVU2Pl/d+8mqTjE3McdqNonz/bdstJad8uiMhgwwLGoivyBNmS+LdahTBkbjX2aHI0/b50=
[20160722173827]	RSA参与签名运算数据_input_charset=utf-8&account_type=BASIC&identity_id=7234cd72579109e2314ddef38077300a&identity_type=UID&partner_id=200030133789&request_time=20160722173827&service=query_balance&version=1.0
[20160722173827]	RSA计算得出签名值：BhhKiX3LcjV7ICK7oHVLEwmvTPCb7IHwoR3Rs9hvR7clKRqm9Piz7AIz+8d4quIjIuvJLCid28jVWFtBx8Sjvp27Qt/9MHMDY/Ehj9GIXZtJYk6kUCM0MIkHowGuxk0d5NqtlJz2jIWCBELk5GxIP+TrY2IBmIvlJOuVr2NRp5E=
[20160722173834]	RSA参与签名运算数据_input_charset=utf-8&account_type=BASIC&identity_id=7234cd72579109e2314ddef38077300a&identity_type=UID&partner_id=200030133789&request_time=20160722173834&service=query_balance&version=1.0
[20160722173834]	RSA计算得出签名值：YO+MhL+H8S74NMsW01ApgR4nNelXSYHwSwG3vx5B03TKz0qQ81ydh7LKn4jutzhNbIO1nvN7/J3vF6Rji+SaPfhjf3bDVbgnBq9Bte4egLMBWuOc3ZPgA+9JfWzh2Ipm9tRagFkhdZdXG7wcM9aOtp9wtmnv/GevBMHcFKIU/NQ=
[20160722173840]	RSA参与签名运算数据_input_charset=utf-8&account_type=BASIC&identity_id=7234cd72579109e2314ddef38077300a&identity_type=UID&partner_id=200030133789&request_time=20160722173840&service=query_balance&version=1.0
[20160722173840]	RSA计算得出签名值：L5HR0GPUFCkAUJ8kWU2+X22zBTr/TRYHmBIKhv/vl+obCx8A9XKuN7mQSGhgK8oCQrJOc2RV4C3TFLmV5Ozv8PtrjsiYRvCet5zwmjZJ2FAE7zUNyrXDcFO5AlCEyfTswIqosYZyQabWUONvQD6QSkj8/ZJh/NC71YXY1/zPaE4=
[20160722174520]	RSA参与签名运算数据_input_charset=utf-8&account_type=BASIC&identity_id=7234cd72579109e2314ddef38077300a&identity_type=UID&partner_id=200030133789&request_time=20160722174520&service=query_balance&version=1.0
[20160722174520]	RSA计算得出签名值：SSqQXyFX8ar8T0ZEc02UX8IwQq2sHw7uRRetC1rEx3F01aoX5o/luVNH/xcnTwDro+gZ5kKTAK1UuohqMGyAgFWcp7LM9P88b4T5ygf9freJCV6SG9YaqbHnNKX/9dcLcf/xhymhyRetpeTZINfR/FI/6+Jk/H/D4KI2bVGtbNc=
[20160722174523]	RSA参与签名运算数据_input_charset=utf-8&account_type=BASIC&identity_id=7234cd72579109e2314ddef38077300a&identity_type=UID&partner_id=200030133789&request_time=20160722174523&service=query_balance&version=1.0
[20160722174523]	RSA计算得出签名值：V6NGVkQePWyQFE+k6hINOCB9wo9Yjj6D8dO/WlUFm0jpcrG0b4k5x5RSNL2sKrr90iTcXkxLgcwQUJMZjJzB5yMGqmdlC7rYjD1xaUX2T7bLVUOtRrgF5Oi7jutlmVqtVpBtbE4EHvhHyvXqSImT3rK/VfkBpllYi33dpVB6/N0=
[20160722174532]	RSA参与签名运算数据_input_charset=utf-8&account_type=BASIC&identity_id=7234cd72579109e2314ddef38077300a&identity_type=UID&partner_id=200030133789&request_time=20160722174532&service=query_balance&version=1.0
[20160722174532]	RSA计算得出签名值：B9c1WxTYM3M/RbYlY3dQmEDy3I/vM9W4p2ymZj/4LYiEE/VRata3KQPouZLVho+W1SlY/ra6Ct6jgBY87l423J+fqyjoxEdWhiB3nLo1rrdJ7UoUFBpnL8a0KWJzVCbIlNry0BB/sBxUHcSEYyN+NJmZXe96agcQgyb2c5sF3Bo=
[20160722174621]	RSA参与签名运算数据_input_charset=utf-8&account_type=BASIC&identity_id=7234cd72579109e2314ddef38077300a&identity_type=UID&partner_id=200030133789&request_time=20160722174621&service=query_balance&version=1.0
[20160722174621]	RSA计算得出签名值：AlsXfIhVxI1rM8s9xsjBjBVJGFG30soRiti+jHvs6+qCup4qiApIq1Fu4SZJysBBHV9EId/ll+gvi3u3Xl5OVdZwK3IfT/xPoRVE7VwKha94DVdWLecPDU9m0/pEoYds9EQiAUKOqM7N706us+9hDmbp4AhdOd2D37mH1TfXYak=
[20160722174623]	RSA参与签名运算数据_input_charset=utf-8&account_type=BASIC&identity_id=7234cd72579109e2314ddef38077300a&identity_type=UID&partner_id=200030133789&request_time=20160722174623&service=query_balance&version=1.0
[20160722174623]	RSA计算得出签名值：O3VQDJK/Z2ECWFCb9P7fdRT6jHlYuaChwEnzqXw3ey7XMcCuKm4AnN9UCy0e7m4603cl5/l6U1u4Xju97Dq0LRtxHdAm68i5UHQkk5EAVRZXBWQXtST6ZLYY6quGehKyxh45Rw9l9JYxtubFoGf1JI0cb+/Ms/aEOK/viJIGOV4=
[20160722174624]	RSA参与签名运算数据_input_charset=utf-8&account_type=BASIC&identity_id=7234cd72579109e2314ddef38077300a&identity_type=UID&partner_id=200030133789&request_time=20160722174624&service=query_balance&version=1.0
[20160722174624]	RSA计算得出签名值：dQzM0gaB5iZ9iii5kong3NduP3tkGMNbssLzMrJh6/7oMuKUf2isO9qXm+Ig/FOLKFT266VfU/HaDWL1Vz96mexYYkQxcfqfU6Ub15nY1P/Mo6eBkeC0aNKBKof1AP4s9i9B/5E72sVPKPt7e40sn65K2E1Y8+ieoE7q9c17Hq4=
[20160722175025]	RSA参与签名运算数据_input_charset=utf-8&account_type=BASIC&identity_id=7234cd72579109e2314ddef38077300a&identity_type=UID&partner_id=200030133789&request_time=20160722175025&service=query_balance&version=1.0
[20160722175025]	RSA计算得出签名值：ePszcsteZye8lJ3jfvs+VbvJTUQbwsGLHByz0EKqW18zBUO3bhv0Zoof0nVyHPdGK08Ao2mV2WvUUZqZvUA67k0DkIqD2pUPBR3a0KEnuNnc4aUN9/lZoPU3XzpfdDHeVo1P6lACG8ERK7zoKBiPOdnt+H2O/hhe4jjJGBP+Yf4=
[20160722175056]	RSA参与签名运算数据_input_charset=utf-8&account_type=BASIC&identity_id=7234cd72579109e2314ddef38077300a&identity_type=UID&partner_id=200030133789&request_time=20160722175056&service=query_balance&version=1.0
[20160722175056]	RSA计算得出签名值：fxnUl/6tzEbNw04Rbel65B5571+30qimzmexrX8ebKrDHQpRW3Cb/qc3UmlfCx/a3poSO3ziWAG2Z2O3owL5lFkk58AZ+wZkFmNFiDbACL2S8UuV7pFxLsN/5NXeGvEKF5O+n3LfYcm3pCKx//2/eRogCKTErJw4nkPyl+RsEFs=
[20160722175102]	RSA参与签名运算数据_input_charset=utf-8&account_type=BASIC&identity_id=7234cd72579109e2314ddef38077300a&identity_type=UID&partner_id=200030133789&request_time=20160722175102&service=query_balance&version=1.0
[20160722175102]	RSA计算得出签名值：om2c77o0cfzftRQGwMglozhGUKkDHtDJg3Cw3eYxHhBhDCC16ud7PNJLiyYyWO/L2YDF8cStlzXJvbM7Ln2wnuYK54Tfeir0BheMgAv4AaLgv726IxKcXP+KbEJ2EAibDmvduYn326mZdcVz7KVCS9yXBXk+7Xp0NydPKRRjLMs=
[20160722175554]	RSA参与签名运算数据_input_charset=utf-8&account_type=BASIC&identity_id=7234cd72579109e2314ddef38077300a&identity_type=UID&partner_id=200030133789&request_time=20160722175554&service=query_balance&version=1.0
[20160722175554]	RSA计算得出签名值：rYFotu4x/yLwDYkT1nSsSoLuiPMzgTloWivA1nfqM/XJD+M/U/Z1HyaXzAsc9c1cyYNhMvGeuRpjr4yB9hqyLVnhPcu/VKFJpep/6kMS69zVgP04HAK65ll5sJ8ahzLqw/fbStngGc7wUvCcaduJ1wYqij6MfOAVVf/cheHLhf8=
[20160722175559]	RSA参与签名运算数据_input_charset=utf-8&account_type=BASIC&identity_id=7234cd72579109e2314ddef38077300a&identity_type=UID&partner_id=200030133789&request_time=20160722175559&service=query_balance&version=1.0
[20160722175559]	RSA计算得出签名值：q1pHKuYy3WR/eit4VizWify2F0JuTIePMmCZmraEO5dhnG0a4Rf9ewKcfD2jlkH9rzMImN4P/zule36fw15soT4tVKMzM6mu8PuHXHlEw+bLAFVOG1DjMZqosa53TQoWE0MY3hVF7zsdRWr1a9Ms0Kvl7ZVoOHqS6zDCBthN7v8=
[20160722175611]	RSA参与签名运算数据_input_charset=utf-8&account_type=BASIC&identity_id=7234cd72579109e2314ddef38077300a&identity_type=UID&partner_id=200030133789&request_time=20160722175611&service=query_balance&version=1.0
[20160722175611]	RSA计算得出签名值：MuLFyMsIFH4J14e3g4jh0Jec/s81jVieXcqf2DWCMIsf5uIOHf+8L8gTFCO5d+CmXpo3MnhwCAfnych0NxmcfGllZDPrNbu2NKpJNBgHpkce7WVNhZjgahMaVrMP/IJvYlxpnCHkJq65LZuvl7ziX3scNRDVFDcVIy2pNH4OtVo=
[20160722175623]	RSA参与签名运算数据_input_charset=utf-8&account_type=BASIC&identity_id=7234cd72579109e2314ddef38077300a&identity_type=UID&partner_id=200030133789&request_time=20160722175623&service=query_balance&version=1.0
[20160722175623]	RSA计算得出签名值：chOzdDlFQ24SSy5JcxDoprE/3PAlaCoXm0hGADT5oRaEmjIncPsLzNTXS0bGnVz7bbgonaTSPie+gxjykugWLw3z45jBqM124vBXab0eLnFnHpdlID3s2gQaC3PXmRtC/5XALwz8LlY0+aegcfnbn+p2J5xkIRiEOuBuTg/wF/k=
[20160722175747]	RSA参与签名运算数据_input_charset=utf-8&account_type=BASIC&identity_id=7234cd72579109e2314ddef38077300a&identity_type=UID&partner_id=200030133789&request_time=20160722175747&service=query_balance&version=1.0
[20160722175747]	RSA计算得出签名值：b+/7CxMuDT+dkif/ZhlrjjRrdfT2wdDDFAVy6s8YHXtI5al9GWRD/Ef/GPYO89j5vtjUhi6fA+ezQvTpjindUEDzK8MGv4p8b/CTMcW/puu1Xaje6UYUrgGdtSRyhr+9UrmS0J2TpuhgllGZXB9R7Pf4O5F5f+9AcInWPm3w3Jw=
[20160722180153]	RSA参与签名运算数据_input_charset=utf-8&account_type=BASIC&identity_id=7234cd72579109e2314ddef38077300a&identity_type=UID&partner_id=200030133789&request_time=20160722180153&service=query_balance&version=1.0
[20160722180153]	RSA计算得出签名值：QvSNCtc6DQS3mEpGqbf/5Bvx6RijpD+ZwxQZI9GqFvjtY4eXbgN7VUpoYqbJThtDFLAa9mcbAtVNK8F0XmeNNpx//9yiQJQGs2rasPNLvswhzHLp2F3ymMZeOwrbS61dRz1HsCWzmkB62gqaylNQGYc2bqgR8RpGAkTnxDzE3kc=
[20160722180159]	RSA参与签名运算数据_input_charset=utf-8&account_type=BASIC&identity_id=7234cd72579109e2314ddef38077300a&identity_type=UID&partner_id=200030133789&request_time=20160722180159&service=query_balance&version=1.0
[20160722180159]	RSA计算得出签名值：fktpHmASHKH3O0FJKioeGGisFo9XVVFmb/D8aWhyOeB+dnlkXG8DbG+JZ1xoD939sPVBytJin49VM1qV4PYCm3yIrx/z5oYMz9bLGhHKFj2C1Nn3H8zHUl5s3B3VBCVOhcao/Zh56R43SXzjLvL9AQcponff4Evcbw8QdS5H7pU=
[20160722180213]	RSA参与签名运算数据_input_charset=utf-8&account_type=BASIC&identity_id=7234cd72579109e2314ddef38077300a&identity_type=UID&partner_id=200030133789&request_time=20160722180213&service=query_balance&version=1.0
[20160722180213]	RSA计算得出签名值：kE7a3Yxc0+cB7eW/kytTvFiU+qKQ0flAob6xKFi5k//1KNQQ1hai8Q8OVJELeTPbxsowfnHENdevSe6uyFx8uFvrWrDxqZZ/oTmGLv+uF70ZAf0DO5Pugw9NdZ+Y+CqUQT98G7rf0TmahzGnlAyeOAZtta2rdczhcEGDsw3PFBY=
[20160722180606]	RSA参与签名运算数据_input_charset=utf-8&account_type=BASIC&identity_id=7234cd72579109e2314ddef38077300a&identity_type=UID&partner_id=200030133789&request_time=20160722180606&service=query_balance&version=1.0
[20160722180606]	RSA计算得出签名值：S2/chFzbNJTGQ2IZH0CeOuSNx/cCgDEc6lwytIaVhvSLyXWH7wJs9lwhU/BPt414uedIMUDzZz3JOzXCAbCvNkA+zr/+2y1Z6DUcWGBdOojYZ1+SKYfiBvsP1nAoFt/B/x7YgXp0egOvhX9JvK5GsK3XnzXrA+jjskRPEQp+nYY=
[20160722180612]	RSA参与签名运算数据_input_charset=utf-8&account_type=BASIC&identity_id=7234cd72579109e2314ddef38077300a&identity_type=UID&partner_id=200030133789&request_time=20160722180612&service=query_balance&version=1.0
[20160722180612]	RSA计算得出签名值：nD9ugAFq5duD/xgh2qVTsFp1Y6QIcC/VgcczUJ1Ww4CfloJn/odRN4z/i2UufwnRXE0xjodxNamtAG89iqUQ60KFGgNm/PXQPaz1Ft+OGKm1kKktYR2Nx+ogy0Kc8R53G7QXXHtaTZdnm7wMi9pnQujGp5wGvY5CWwslYqcLo6w=
[20160722180624]	RSA参与签名运算数据_input_charset=utf-8&account_type=BASIC&identity_id=7234cd72579109e2314ddef38077300a&identity_type=UID&partner_id=200030133789&request_time=20160722180624&service=query_balance&version=1.0
[20160722180624]	RSA计算得出签名值：REE9zX5BrDwqghlbfZfCpw6szVzliAZmNJqAvGNBYvZ5btp6plqhUUXPw2jmSk9fZB2PyTPlewOZitz7xyLP79dLW7816G9dvgBTrKZ3odXws+gXF4RlsypUXSTEfUzTCHLp8qhXL0nG0/P3vmaQ+KQwuYB0Iyhz5MyCSQhzTNI=
