[20160708094016]	RSA参与签名运算数据_input_charset=utf-8&account_type=BASIC&identity_id=7234cd72579109e2314ddef38077300a&identity_type=UID&partner_id=200030133789&request_time=20160708094016&service=query_balance&version=1.0
[20160708094017]	RSA计算得出签名值：TrEzQ7xEaKGDryQIeyGKNg3+8BJHX+iJ3FR0cCZUW9V45KE2Lb0HAVff5Vzl4czAcVJQPdU5PjT86jmgyGRJq0N8OAHYisoN5+0YHZ0riEkDDv6jHfJfNZ48FJQa6Hf5G7e4kVo2qiC5EWtcSiUIBfRN4FghSs7eeBbSSjEzdU0=
[20160708094119]	RSA参与签名运算数据_input_charset=utf-8&account_type=BASIC&identity_id=7234cd72579109e2314ddef38077300a&identity_type=UID&partner_id=200030133789&request_time=20160708094119&service=query_balance&version=1.0
[20160708094120]	RSA计算得出签名值：G2hyjNmCYYzHSXt21ShjYs4JYNqe7uz+ztH2tNKbai0mE7N3nrnNSVTV/rPdM0C++fWrJg/IdqHK4pvk18YGAcde4omkJux8uzZEvbEdcyf7kJKXc8qzStw14hFwDC6WZoYPObrMZFy0CNAuaPSfbQb1zeuVckepZPJ1rKw6Tyo=
[20160708094238]	RSA参与签名运算数据_input_charset=utf-8&account_type=BASIC&identity_id=7234cd72579109e2314ddef38077300a&identity_type=UID&partner_id=200030133789&request_time=20160708094238&service=query_balance&version=1.0
[20160708094239]	RSA计算得出签名值：VcHsHNBaVGb3nj7YxjsXLFrSmpHxs+FMfxb24HhuCq3PxB78atY7TNDL98JgBBvu4HQiE8tQWm7l0jF7YhLWWGrLI3cqdNLCsXYqZmrej8UOM74/GHYVTAGqv7dOBVGxCAnQTLdURveoXlYoLpQcydI1zE0ed/vR7csBm5lRW30=
[20160708105240]	RSA参与签名运算数据_input_charset=utf-8&account_type=BASIC&identity_id=ce1295ea2fc138bfbb679442e0c7a5ac&identity_type=UID&partner_id=200030133789&request_time=20160708105240&service=query_balance&version=1.0
[20160708105240]	RSA计算得出签名值：BLmAhwQpSxk5jrte8i74slkbo1QodwRe71b+Y4xEfYdn+8ZR47MPMLZKAy6OaPnKOHQ9AtyXSi71epjqK3ukpWAjF3x0wnZRvHu77e490Ow6ApklQqxpIdWR2PAfiXYz70olB02EvFtUaSoYz4wCsdqbtUOXzt2y5IxJMo3kd3k=
[20160708105247]	RSA参与签名运算数据_input_charset=utf-8&account_type=BASIC&identity_id=ce1295ea2fc138bfbb679442e0c7a5ac&identity_type=UID&partner_id=200030133789&request_time=20160708105247&service=query_balance&version=1.0
[20160708105247]	RSA计算得出签名值：bOVcfBovdYDSLRpNfJidMDqv68T0g6OUFXQBKDRJ1DhuouKrI/+67e3ZRx/mE96cFJ87KS0jtfi14f9+vYYmIwC6ufgfzmVBYp5bwpCFn6HXlUWUPswizzZSALqojqBFrsp+sBubDuq5bfSoSwsCLC0qH5qJcm3310/vXzcJJgA=
[20160708105259]	RSA参与签名运算数据_input_charset=utf-8&account_type=BASIC&identity_id=ce1295ea2fc138bfbb679442e0c7a5ac&identity_type=UID&partner_id=200030133789&request_time=20160708105259&service=query_balance&version=1.0
[20160708105300]	RSA计算得出签名值：IsY2Ss79fFDq9JQTMCpMYkReICIEHMlan3SYzTTXNQfG6uSMrUVcKpRrqy+TwX+zky61MhE1WEqCM7hRD25uxo4jNgVKs7QDsC8JGjobK4wb2hw+KHHUbHWQxJ39PuT5VzDyTz6dTOq5bGR61hwR8CAgfIGEZpLgbAzaeqpUxEQ=
[20160708105556]	RSA参与签名运算数据_input_charset=utf-8&account_type=BASIC&identity_id=ce1295ea2fc138bfbb679442e0c7a5ac&identity_type=UID&partner_id=200030133789&request_time=20160708105556&service=query_balance&version=1.0
[20160708105556]	RSA计算得出签名值：BDshb1/Nxy7qXvpJIKzi7uEgxfGYkSAQLgt9mIea4bqop+lFtw4T5zYGfOLWmW9FeAl3fUWGT3OM/LiVxvxXbMljjCsRVuVnNiVsXv347LCqMD030i2ZyovEZFT3SfCDtTW3TSiICWQdDWX1+Dv8DSHGVxnRjE63pzCUngGEmew=
[20160708115606]	RSA参与签名运算数据_input_charset=utf-8&account_type=BASIC&identity_id=ce1295ea2fc138bfbb679442e0c7a5ac&identity_type=UID&partner_id=200030133789&request_time=20160708115606&service=query_balance&version=1.0
[20160708115607]	RSA计算得出签名值：Rn3gixVGYgaTlxt+cpQn/v074d3hWcHtJiUAVWqaQ7x9t9L74plLR5J1leMrdvn2dJwb3J2AGCIxXZ/oEQd5I1rin9HCHmjOKJTNXqNgwJBuALrcbn0YqjUcsS9cP2kihhkx7GufVJOUDzu5MeyY/SsAkXltEbTmku5sEa7LBo8=
[20160708115614]	RSA参与签名运算数据_input_charset=utf-8&account_type=BASIC&identity_id=ce1295ea2fc138bfbb679442e0c7a5ac&identity_type=UID&partner_id=200030133789&request_time=20160708115614&service=query_balance&version=1.0
[20160708115614]	RSA计算得出签名值：Oa+OPmc1h5d3TSX2TMm7HlrxS3llhTrhFKQVPY6cz1T9/iLV9LGYL6HsLcSKDCMK8e1xPApZQH7ZDGm5pZ1aNWK6ZvDcZNEaxqkw9fouVgLEZ2KBnttWDmLdV1yUtFGjUH98AS5kHghBlUsJhlHxZqpNO1j781/V/Kgpqs9JWd8=
[20160708152318]	RSA参与签名运算数据_input_charset=utf-8&account_type=BASIC&identity_id=ce1295ea2fc138bfbb679442e0c7a5ac&identity_type=UID&partner_id=200030133789&request_time=20160708152318&service=query_balance&version=1.0
[20160708152318]	RSA计算得出签名值：KUcU/A303dNS2zf688qqzdfey6WbraAbB9YaKy9Dm0L20J+BKWlWOpygFYRdTJtA2t/TwLpD1CFnuspDfTQp/Be1krrKNuwA0DIp796nMytk1cIJMThtkCsBySyO+jnbWmI4bBcEXwlFikqJ4y0LLflJ3o+TD3/0+Br1NRYeEL0=
