[20160810110648]	RSA参与签名运算数据_input_charset=utf-8&account_type=SAVING_POT&identity_id=ed743c470eb025113353e00734ab3c72&identity_type=UID&partner_id=200030133789&request_time=20160810110648&service=query_balance&version=1.0
[20160810110648]	RSA计算得出签名值：vc0crJYuCR3rbnntkU5HZle9XnnsiAXtbozSZD0F96GTBRfrwECZ3HMNmBXphgQzd/ucgYJFRZOLgCcmjD7J+/fWa0C03SU7p275yMcOQ13vb79Hrt17Ozn0ES+rSSJLs/KAmFTj35u3tw4I1Tv0e9OEnO348D5NRnOZlIyMpCs=
[20160810110656]	RSA参与签名运算数据_input_charset=utf-8&account_type=SAVING_POT&identity_id=ed743c470eb025113353e00734ab3c72&identity_type=UID&partner_id=200030133789&request_time=20160810110656&service=query_balance&version=1.0
[20160810110656]	RSA计算得出签名值：gYUji9usf/KrSMi+vouwyRE9kOQeNZkTeq4E/ShPJGC0jkjDHUm0zHO7SAoM3m60HDs1UtxUnSXZwTGsVM2fErGYuCzSxxA4uvvjhSyjyYgJYI1Qfwu5EuPlX1J/YSJ4ANvinzmXsQVVylCfhElewUqq4yj7ZoeiiOKDGWNkeiM=
[20160810110701]	RSA参与签名运算数据_input_charset=utf-8&account_type=SAVING_POT&identity_id=ed743c470eb025113353e00734ab3c72&identity_type=UID&partner_id=200030133789&request_time=20160810110701&service=query_balance&version=1.0
[20160810110701]	RSA计算得出签名值：UfY836ap8/pAUE597WjyZx/m+RUKyRA27e6gGhPv7Hu6uaL6D0UwJYmJhBLG3hZVym3M029s6ziovT3mN1SkL8zplCzAsetxG47r+HZnVblOLO3Gfuo0ZcSKXf/PaPBOG74tRMXy9AUcFMjPCKOfqZe9lqH0xnzk+vrR13ihfi4=
[20160810110707]	RSA参与签名运算数据_input_charset=utf-8&account_type=SAVING_POT&identity_id=ed743c470eb025113353e00734ab3c72&identity_type=UID&partner_id=200030133789&request_time=20160810110707&service=query_balance&version=1.0
[20160810110707]	RSA计算得出签名值：w0dWDtgRfpGscDPZkzdPjO22jAhrtJ0vTEyzfQJeJLk1mGvKrWMBiKtjRDAtXN9r9oXLzMJJ2kz0YZGSFgX+fZ6uCADHdgyDLVIHlxEupifiBYtXmiCNBJcKzfpEa1dLoRF5vhEPxxpSUyQ5r6TXyyMfY364/5BsHUvMlEAqvuQ=
[20160810110852]	RSA参与签名运算数据_input_charset=utf-8&account_type=SAVING_POT&identity_id=ed743c470eb025113353e00734ab3c72&identity_type=UID&partner_id=200030133789&request_time=20160810110852&service=query_balance&version=1.0
[20160810110852]	RSA计算得出签名值：E0nM//nO8BIxngtLTmDQq8G1+wdoyQSbAIBSvVoCMcFmLCMQX2rhnDJF9qrZyzHzZeH//zktX8zhfTWVVrbFyn+flzVCn7K4jyuwTPrxMH1eT6oa5NL3ECTLpsEwbVzkwzIxueHqZDXtl73tDA7IDULnW+RBC467Ff3w4EV1kts=
[20160810110924]	RSA参与签名运算数据_input_charset=utf-8&account_type=SAVING_POT&identity_id=ed743c470eb025113353e00734ab3c72&identity_type=UID&partner_id=200030133789&request_time=20160810110924&service=query_balance&version=1.0
[20160810110924]	RSA计算得出签名值：QQRu1gPrntAmEsnua6Td8vpMaWjNDOOjaf9RN/zYVaabUGgoWH4k1nQucUs1hDutfn4lO6N/pgLn5YLYrxyttxX69h0yox6We7IUo+aN/fXDTwfLua3TV0gldf34UXUP+GfILDs8Cke+1semXiq3ca3+IOF7FBZ4fO27fOUYA98=
[20160810110928]	RSA参与签名运算数据_input_charset=utf-8&account_type=SAVING_POT&identity_id=ed743c470eb025113353e00734ab3c72&identity_type=UID&partner_id=200030133789&request_time=20160810110928&service=query_balance&version=1.0
[20160810110928]	RSA计算得出签名值：rIzCY8dBmaqKdWmwUG2QhA615vAcLssvSOFdVzpdQVIDIyzzptZ5mYV4MzTfzo205OWsg/QKmpKWSOl2sWEwiV9msKjPXxIEjmuIkHGPAjqUBLsSq+sZPlX6q8lPmeh+zAccUOki4h1Gkvov5sb1Dq1ASvLEzIwutJZM95uybLc=
[20160810112224]	RSA参与签名运算数据_input_charset=utf-8&account_type=SAVING_POT&identity_id=ed743c470eb025113353e00734ab3c72&identity_type=UID&partner_id=200030133789&request_time=20160810112224&service=query_balance&version=1.0
[20160810112224]	RSA计算得出签名值：XixmnweE5nqedlfkvxImv4+qxAENb8lgtkvnjO4TIeyx0ZUjath5M68q9oxa9IEFWBtGb5c5R6IAL3irt81b/Hi9jC4XmfPN/pzs6OjU+s0gyg9lFQghNcChylgls2l8jGfLNbQuHOhCFI8vgcXonCukLqMxTUpM77ysPqbq25A=
[20160810112228]	RSA参与签名运算数据_input_charset=utf-8&account_type=SAVING_POT&identity_id=ed743c470eb025113353e00734ab3c72&identity_type=UID&partner_id=200030133789&request_time=20160810112228&service=query_balance&version=1.0
[20160810112228]	RSA计算得出签名值：OMgy2bJMpXz8pR7Z+NJ6RsaiUFDjP+bhgd6bBhbcUF6ut6nefMMMYzs+wYsixOUiN3aBxR4usUdsep7dzvR2H5zeaLVP+/TbqJ/NFwBNxZQa8hNGM0Ns+Bnj7GxlMkWG5Q7LSqgcLMKuobaVK3CdJRnrbeEI+PySh8rBq2L4Vzs=
[20160810122646]	RSA参与签名运算数据_input_charset=utf-8&account_type=SAVING_POT&identity_id=970c34c07742f6e40d5cfa2477f4363f&identity_type=UID&partner_id=200030133789&request_time=20160810122646&service=query_balance&version=1.0
[20160810122646]	RSA计算得出签名值：DtfWGEcNFWQ/ar4A5WqJNE4qDmrizsSTpVPEAOJpWY0KpKOGh30jE9Tb/WNmpoLV3iBFg44DO244zpyXcUnoeAXaIxnngLVexkT/JD9FCFPI9LDXSKYxCbng2/hOYm8BjvOHujjIu3tUItYx4toUrNlkVPf2o7R0HN295GTQbeY=
[20160810122650]	RSA参与签名运算数据_input_charset=utf-8&account_type=SAVING_POT&identity_id=970c34c07742f6e40d5cfa2477f4363f&identity_type=UID&partner_id=200030133789&request_time=20160810122650&service=query_balance&version=1.0
[20160810122650]	RSA计算得出签名值：MI8Qx5xFdrtXhxmhk12WMDOcIqm887b24mL+EvRMqhNhC8HjcSlVKnNxysFgwQ0phExxUYMK2YqpK7Eu7xqlPod7fNLZr7U3QU77v9aYAgH9dPYBJ75BdDPbTY88PaF++t/yERhuoa6Rhow8LHnRtFFcJPiwaF6VpyYVOj/V1Bs=
[20160810122656]	RSA参与签名运算数据_input_charset=utf-8&account_type=SAVING_POT&identity_id=970c34c07742f6e40d5cfa2477f4363f&identity_type=UID&partner_id=200030133789&request_time=20160810122656&service=query_balance&version=1.0
[20160810122657]	RSA计算得出签名值：tmD+XnVqBar9ALlo0QOUPEVZlOuVtms6vZF+jjHebdPvP1g3qxfAPScg4EbGRMdU5MMQruuK9OlbWMuUXT8oMCisXxVVunrhEj7dwZ68EeaBerPHX2wzU4lKkKieJCYGOwwuGrpX66BBbH1bUnRJTptsb2Og2PjUy5kx0jMS/gE=
[20160810132229]	RSA参与签名运算数据_input_charset=utf-8&account_type=SAVING_POT&identity_id=970c34c07742f6e40d5cfa2477f4363f&identity_type=UID&partner_id=200030133789&request_time=20160810132229&service=query_balance&version=1.0
[20160810132229]	RSA计算得出签名值：i69B8Ne98Tp1YnfaZniuEfnLN87hbfJ8I1EdzgaUJC5dp/lm4wulXAFWsRsMtZlAOe901TEJvpCxLuEoea+7ahIB+WzX4B+yK0Xd1sgh0lMXEZVylIkE+fiXE0cHPppql5kH0iMURtQ6/YgHmu3TXZzdNLJP8l2NWH2nsAlkOz4=
[20160810132506]	RSA参与签名运算数据_input_charset=utf-8&account_type=SAVING_POT&identity_id=970c34c07742f6e40d5cfa2477f4363f&identity_type=UID&partner_id=200030133789&request_time=20160810132506&service=query_balance&version=1.0
[20160810132506]	RSA计算得出签名值：WKms13v15IVlcTotYQkFAHzICvtBfk3xrdj0M4gO2XhUDJDvVbtRKEVglROI+hxUFS9sDSa6ssGijnxbcdGHWImi2gIhbSxfLaU/w3E/ZP5YI5B3WUxwDayNSJ/nEdK0BXRePPxwvh3XzYL06QWer6MxOF4a618UWxKZ0J58ivE=
[20160810132509]	RSA参与签名运算数据_input_charset=utf-8&account_type=SAVING_POT&identity_id=970c34c07742f6e40d5cfa2477f4363f&identity_type=UID&partner_id=200030133789&request_time=20160810132509&service=query_balance&version=1.0
[20160810132509]	RSA计算得出签名值：fEASHlospST20k9bFIVN7yCdD9O9YrgNqWqvlYj/qVAYSBPB8WhJ8yDTiPwTQasUvbW+EqRAQcziksaB52qvs8oz2nrjs2YabOfkTbTY2ZYk0i27plwOMCmUB8UcOpTLoUYvThiyv52dbUdJrY9ktxxBz+iegGRbxg8ntEbSJE0=
[20160810132511]	RSA参与签名运算数据_input_charset=utf-8&account_type=SAVING_POT&identity_id=970c34c07742f6e40d5cfa2477f4363f&identity_type=UID&partner_id=200030133789&request_time=20160810132511&service=query_balance&version=1.0
[20160810132511]	RSA计算得出签名值：VVn2ETwujZKg74uXndbsPPE/YxTyZIROyqjOMBsWlKwiYx8cQeoA/DDX8uQnC0jKbUe4z4yKEmnwpftdbZmZm0T5ebWpIxguFeISHp638m6XxLDcRPNsNRurVGVSX292zDtUCPtyP+yhwcUO1yoNh2E/iVg42kLLdYISAPdklzk=
[20160810132932]	RSA参与签名运算数据_input_charset=utf-8&account_type=SAVING_POT&identity_id=ed743c470eb025113353e00734ab3c72&identity_type=UID&partner_id=200030133789&request_time=20160810132932&service=query_balance&version=1.0
[20160810132932]	RSA计算得出签名值：kw4QL+pixMEf9em3AJhDcAnnrgom6WY2cmwaiGy/IYuW0a/bnqsoAPgDcsG6tmI8Nvcbo07o6Uag5s5IPWYxnDp+Oc2YB2N+JaFa4O0BM6kQ1nziU0ji1mgKfVWe49Bhi9l+nzy5e47HRjV0KJwDjv50HmUy3cBhujTq4hhFMqg=
[20160810132936]	RSA参与签名运算数据_input_charset=utf-8&account_type=SAVING_POT&identity_id=ed743c470eb025113353e00734ab3c72&identity_type=UID&partner_id=200030133789&request_time=20160810132936&service=query_balance&version=1.0
[20160810132936]	RSA计算得出签名值：c54tJDK7plA7DAJCGrIa1EjFJb6QPfd57u/H6eOblLKlmE8JXsaXxS1ZOVJMq7KiwbkmMosHT4abi6urz2L2N4eUeEnSRVBiNoorOJcdFCkxQpJhdVGlFnMra+Lwat/Dxm5jxm6P7hglM+8JLey/368EN+H+ghFGMa21AkoKVo0=
[20160810133744]	RSA参与签名运算数据_input_charset=utf-8&account_type=SAVING_POT&identity_id=ed743c470eb025113353e00734ab3c72&identity_type=UID&partner_id=200030133789&request_time=20160810133744&service=query_balance&version=1.0
[20160810133744]	RSA计算得出签名值：hWBSKJQfQ5u22+f4TCpiNEDBiEnpxVcZ4LtaHw+eFX+CW8vycahdBwLebeP0DHOd6rS0F9s8MSoMHfRz/+oV2sRprNC2GdK2JgqWvBqdfHNE63lQDpejHicGHDJu/1YmndHIvqjpfpc8x0s72hEQVrPue8grb7Wcdaxm5A76dKA=
[20160810145017]	RSA参与签名运算数据_input_charset=utf-8&account_type=SAVING_POT&identity_id=7234cd72579109e2314ddef38077300a&identity_type=UID&partner_id=200030133789&request_time=20160810145017&service=query_balance&version=1.0
[20160810145017]	RSA计算得出签名值：LnukWipoqs1XRVwZoE5a2KBhHp0r4QsDPvOeHuOmiJGOD5lD/xGNg0QXt1lY//JFO8yitj8lvZQHnx5nCCIda+TykRIIf5wllNeOB5pSYVpaaBEJT1RdUf3mio0YRo4FonbtQ0ScDbQx0aOIWN3feCdpMUffxTS5xUoF/9Fvy/w=
[20160810145020]	RSA参与签名运算数据_input_charset=utf-8&account_type=SAVING_POT&identity_id=7234cd72579109e2314ddef38077300a&identity_type=UID&partner_id=200030133789&request_time=20160810145019&service=query_balance&version=1.0
[20160810145020]	RSA计算得出签名值：HdcvP0e0pXN3SxW2KsIaVet4TKndmIbzRVqGDxE0KhknzlkbYqoo4HRNp8rcm404RQ1WUm3tu6tndv0si+Fsx3MC0GrhP7R2bXfbXdp2iTf8WEfKfa4oC3str+YmIt0Bel9suLk09mSeHY4gFRrvO+Bp/1iX3rrxmpRjLGJrY2c=
[20160810145042]	RSA参与签名运算数据_input_charset=utf-8&account_type=SAVING_POT&identity_id=7234cd72579109e2314ddef38077300a&identity_type=UID&partner_id=200030133789&request_time=20160810145042&service=query_balance&version=1.0
[20160810145042]	RSA计算得出签名值：qXDn7T8n+DRnYcwXn0TkT/+gHDdXPsbngYjqtfa6ijQpPf/Vb1RJ2L1ZciOJ2QkDqrFwPy/8JVPMfcHrixSnVXyXiyxS6mLhfx3n1g4JX3lYQ8Xy59iGmnXdjHXxu7nhdDBrb/tKpb1JAIXkpE+Zh76/DBjgJNBruF4KhTNKjzo=
