[20160808094739]	RSA参与签名运算数据_input_charset=utf-8&account_type=SAVING_POT&identity_id=ed743c470eb025113353e00734ab3c72&identity_type=UID&partner_id=200030133789&request_time=20160808094739&service=query_balance&version=1.0
[20160808094739]	RSA计算得出签名值：F1jBSRG+dVb7ppGRVGaJfxtDDeqWJ7Ob5Q+tjpvUC2rCHgeZGJsERUWTXQ41tXGgFILE37CeUc8/izG4wX5akFyRfgXO/kiv96/6Qyxuja/HAFuJDmEDi7+TIAAHVKs7T7XMJQ/PtrlshRle7963j7e6xMoFKbvm9EPrzyNFzlc=
[20160808094744]	RSA参与签名运算数据_input_charset=utf-8&account_type=SAVING_POT&identity_id=ed743c470eb025113353e00734ab3c72&identity_type=UID&partner_id=200030133789&request_time=20160808094744&service=query_balance&version=1.0
[20160808094744]	RSA计算得出签名值：pYPJawrQQ4Zh5tmgGeI8NWb72K7NpBiS++ntij9Gwbcrt5IKL+vFBtB3jtywfGazktv4fnP0+iH0Hjck5f/QFuLQlTXSustQ1aWPD4FHzZJH6oBe+5YiLJVoMqXbX68ttd84vumsX7WJHAdg4owJoL+HaCNrpjwShHRae7hq/E4=
[20160808094820]	RSA参与签名运算数据_input_charset=utf-8&account_type=SAVING_POT&identity_id=970c34c07742f6e40d5cfa2477f4363f&identity_type=UID&partner_id=200030133789&request_time=20160808094820&service=query_balance&version=1.0
[20160808094820]	RSA计算得出签名值：TvfAw5c8wYSloLCiz5okx0yDuKwoXxY8YtHLrx0wKYl1uF3aWHjuvbuPrAOArDwhZp9FGmi+35IUdOOlwqNmOBP5PcaJAHrnwTP2/b4mEr1SCO7n97jbzJGLW8aMBUtVLfp28/IwZsAeBZ8c+T5NKXsjJohCTrf/CgY8VpzBEgI=
[20160808094825]	RSA参与签名运算数据_input_charset=utf-8&account_type=SAVING_POT&identity_id=970c34c07742f6e40d5cfa2477f4363f&identity_type=UID&partner_id=200030133789&request_time=20160808094825&service=query_balance&version=1.0
[20160808094825]	RSA计算得出签名值：QDi9HADhuPon7fCOZn5cH2nFiyHh5X4f6/Loo2f7lJ7zifx6PW9HoIMK2h/RxtJgBLEt9Rlxa/8TMAOy7CjFqXaMl8eQDgV08Dm+e8kCWyT2tUArzhJZk0N7zk6xQ7bNbNMVFOEvMC2BF/7tzSjX/N28C5SII5RD5C07Pj7JtZU=
[20160808142356]	RSA参与签名运算数据_input_charset=utf-8&account_type=SAVING_POT&identity_id=cbcd9e4ab1639fa42e656775cc0b233e&identity_type=UID&partner_id=200030133789&request_time=20160808142356&service=query_balance&version=1.0
[20160808142356]	RSA计算得出签名值：jtoYEpOPwEc8asYzUGoVERUvfj5suk19j7B46vIfCMSTY44ODkCMmxqSfzAj5KwZcaTAuiQr/+QPTs2lrh5sA5r68kPGJz2tTU40dJBI3IG1xyJtQHexPOTLlxK9whF1lDvyxWIfY3AFCNUQHAampxBMQmSs+e9G1voRcPhFHkw=
[20160808233638]	RSA参与签名运算数据_input_charset=utf-8&account_type=SAVING_POT&identity_id=a86be751ad3c5ffdd871917da84bd42b&identity_type=UID&partner_id=200030133789&request_time=20160808233638&service=query_balance&version=1.0
[20160808233638]	RSA计算得出签名值：Q2QGwBONTwZ3cFzxF7Xji65JhQ+WHrVfM+nbnak3LiH/UKe4/57OSXI9sfWdPuf17zQawoqJjOdRtz1Ut9dHHRXR2eLREawaBSftnhV/Vi5Iw4LWPWog4+KTJ2i3rKd63EBF+u4M86xzA9rZpVTjOBOexJTiPYc8h2SumIUYPF0=
[20160808233642]	RSA参与签名运算数据_input_charset=utf-8&account_type=SAVING_POT&identity_id=a86be751ad3c5ffdd871917da84bd42b&identity_type=UID&partner_id=200030133789&request_time=20160808233642&service=query_balance&version=1.0
[20160808233642]	RSA计算得出签名值：P68GO+Q39fNnmkAIkYRxeS3RBDevqt9KznU1/kwMeK0vUgVlyiseZti5fLx6I7ZE7MwH9Q/kf+QEsaLLCFQ1lzNAfLl4ZkvPVoUc6LkLipgmEALzTr8/mMtf681mgayGvyLXKzIZ9FCVd2PbA6yw/1134/mfSQl9stujtQCSk0E=
[20160808233649]	RSA参与签名运算数据_input_charset=utf-8&account_type=SAVING_POT&identity_id=a86be751ad3c5ffdd871917da84bd42b&identity_type=UID&partner_id=200030133789&request_time=20160808233649&service=query_balance&version=1.0
[20160808233649]	RSA计算得出签名值：Zm0jM1aqZvQVJM2PCa7VmtDOrA4+Gftb3/kaUixMU40hYLOMC2NFIVlYSmn1tYYO/c+grAvv8zqjfOhCCjdPd1bJHNQC9xNZkPc04htTOyfU2cM6Zthldm2amT2ld7VDSeqjBWNsDcYmkAnDZHG3ctTBJqpCnAuPIe2wzvFuo58=
[20160808233851]	RSA参与签名运算数据_input_charset=utf-8&account_type=SAVING_POT&identity_id=a86be751ad3c5ffdd871917da84bd42b&identity_type=UID&partner_id=200030133789&request_time=20160808233851&service=query_balance&version=1.0
[20160808233851]	RSA计算得出签名值：Eh18AnXHqrIGnZPsKS78MyUpf7u2XhQnar/aYv2Fn2KmNw3/3eUAP/BVtiIOcnwh2ExsK/U7QblteZv6fpN1sXu3R9y2ybox8JnE+6H7mrt00oY6to0NCecZji831EO+HMTDd4IPZoCGIFXwUNsaiIt73YEIC3+zndHfnrpkn44=
[20160808233957]	RSA参与签名运算数据_input_charset=utf-8&account_type=SAVING_POT&identity_id=a86be751ad3c5ffdd871917da84bd42b&identity_type=UID&partner_id=200030133789&request_time=20160808233957&service=query_balance&version=1.0
[20160808233957]	RSA计算得出签名值：qj5gaFKJTDyUZhC+/A2tGyNOpUjL6yJxqk/HPsz2xaVgFIVE6xx6y7tCtoKzEVgywJqtaCgJhZNADMEu0NTVrstFjXJ+WbB4FgBjj9Lm9VjnpydXceLiZIcFOTkkXnCzNujhab81rUIGRqFUFVfdXcEn6vbGSlF6BWlOWUI3A5g=
