[20160706090225]	RSA参与签名运算数据_input_charset=utf-8&account_type=BASIC&identity_id=4967d654cd0fa584319c4d2c4ec2f491&identity_type=UID&partner_id=200030133789&request_time=20160706090225&service=query_balance&version=1.0
[20160706090226]	RSA计算得出签名值：dvALx3Wwp7eBLo2O8wB28p+tGai7xs24HxhqWwKb1AZIhZt8RGMOQBxV3EpZayOfA7ht/1j/SiVvypj6FocTc4dmas3GG4q3uCFiZ+78n200aH2uGnTcl/zTlVSLOuFnQYVpJMmrZQcoV72CMcCPAWJf48OGTrVJQgMWrIO4V1w=
[20160706101307]	RSA参与签名运算数据_input_charset=utf-8&account_type=BASIC&identity_id=1bcfcf44c158a48d86e7acd5c5a623ad&identity_type=UID&partner_id=200030133789&request_time=20160706101307&service=query_balance&version=1.0
[20160706101308]	RSA计算得出签名值：iIDZpv/KBLq7832/0U1LijODJmHKxVHAAF1vSuS+6uLwrgexJvpNWN2MKYkz8nAvPw7ZCjhI6Q+teCK2OZ5TVoPygSm6pOWuquRg4ekfUJmhKvALN6miGzybtonvDtxUNfZOOYNx10k8o+WkwjbOW68s/FHNMNkgDp15Is4Rzeo=
[20160706101357]	RSA参与签名运算数据_input_charset=utf-8&account_type=BASIC&identity_id=1bcfcf44c158a48d86e7acd5c5a623ad&identity_type=UID&partner_id=200030133789&request_time=20160706101357&service=query_balance&version=1.0
[20160706101358]	RSA计算得出签名值：f+soQehUTaSFcifIEC2x66WAcHg1ostxN+TpsJC2ZkiT2EUO4IJmMD8hyYK25dWmhsrJPtEiBiCxW66wKFiCtIuTabtPkWt1O9iwla6qmGGUwTWyYhZdRmhDYudiOFjGl3Ujs1gwjdjGurOLi5r3DArRa2B/ZySCSTC56OSRa0M=
[20160706101508]	RSA参与签名运算数据_input_charset=utf-8&account_type=BASIC&identity_id=1bcfcf44c158a48d86e7acd5c5a623ad&identity_type=UID&partner_id=200030133789&request_time=20160706101508&service=query_balance&version=1.0
[20160706101509]	RSA计算得出签名值：kV1lCX8Bz3D8XAvLK3Wm6Rt+NuQ/UPRi2MCiO+2Fi65oSq7Vg4RwfUog+Tcytc9UtvixnAoveXMtlD3j8/bzMqqm6FUj9ttFt/JpXk5dDhkftNxGtGmpVVxdZEfecrfnpHOsO7l4UafU/DSU0oIwKk4LP7cGwkxOtt+Qn6gQSn8=
[20160706101558]	RSA参与签名运算数据_input_charset=utf-8&account_type=BASIC&identity_id=1bcfcf44c158a48d86e7acd5c5a623ad&identity_type=UID&partner_id=200030133789&request_time=20160706101558&service=query_balance&version=1.0
[20160706101559]	RSA计算得出签名值：VLv+P20jlFXyi31DdbICQpWmyY89s4bHWEdzznLCmNKydlG5mFhxpxaKuFsT3Ml4y/5By+0WKfcQSlnPWXzOkvjGXvkMokf/p1NHfelVU4OEclZpIsylwNU+EmIqK0tCF7TiJXsITwDRkuKMv5qcKTAH+Nz+v475rc5ZTn6O/SU=
[20160706102042]	RSA参与签名运算数据_input_charset=utf-8&account_type=BASIC&identity_id=1bcfcf44c158a48d86e7acd5c5a623ad&identity_type=UID&partner_id=200030133789&request_time=20160706102042&service=query_balance&version=1.0
[20160706102042]	RSA计算得出签名值：IOS/ZCrDDRSMdeb5vFFifS95FsWt0SGSgf9fXXmGbNK6eaaj/AUj0WXDDLl+vrSUZsS+eZUB8YIsIgYYq3VY2HEVGCUzDQ2jfFVk7GPax3DpqJhpjPPbs/BdWXCHR4YgBh5BRGLMmb1CjrGhtX1qVgbI5kEoQr6pPjZa4a74gLo=
[20160706113138]	RSA参与签名运算数据_input_charset=utf-8&account_type=BASIC&identity_id=4967d654cd0fa584319c4d2c4ec2f491&identity_type=UID&partner_id=200030133789&request_time=20160706113138&service=query_balance&version=1.0
[20160706113138]	RSA计算得出签名值：XXnCWd/mMjN1KsY3Sc6PNJnEvwOdPSggeVfLRnK/iPPaW+4UlyJyE0ygqp59k1TC2L+ZOl3C9KCmxZgVgWBly/VszrrnQ2PDLv+LlIHTzzk6qCZ4/Y9H9zhH5t3cYVu/cRmULfJzfJDH4P+VFt9LmlQd5vSC8AfAczL1LT6DijE=
[20160706123748]	RSA参与签名运算数据_input_charset=utf-8&account_type=BASIC&identity_id=4967d654cd0fa584319c4d2c4ec2f491&identity_type=UID&partner_id=200030133789&request_time=20160706123748&service=query_balance&version=1.0
[20160706123749]	RSA参与签名运算数据_input_charset=utf-8&account_type=BASIC&identity_id=4967d654cd0fa584319c4d2c4ec2f491&identity_type=UID&partner_id=200030133789&request_time=20160706123749&service=query_balance&version=1.0
[20160706123749]	RSA计算得出签名值：CgQ9y5NZE4VolHprQs/xI3qKuUdP8FrO1cHh4mOjsZs1I8x1L733OZOC/IV88Xy5meb5NJRsJ0/RhtTwT6RvEx56zVfFX9PndtFfqVADmrlDQ3jNcRCkCMFAj3sDT/OtU4nYssazy23JXUc2dD5PNy7pxf90S1wUBmkRyb3yh3g=
[20160706123749]	RSA计算得出签名值：qCX1d709B4UK3tF3j4DqUXY5pLeg+MwQFXQ+nYKYpq5DxbNd86lybmlUmANgnQJMUWcCQRaki1pjM7jrSlJFcJ1K+YoBc0x2qK/iPHOuf905nTGzBC1BhzjMfvxwuVVrqqwmKn2cmitQ9afaxPbvyY/V+UDyqh8TIiFvusu+8u0=
[20160706123751]	RSA参与签名运算数据_input_charset=utf-8&account_type=BASIC&identity_id=4967d654cd0fa584319c4d2c4ec2f491&identity_type=UID&partner_id=200030133789&request_time=20160706123751&service=query_balance&version=1.0
[20160706123752]	RSA计算得出签名值：A7WYS02cmeeJ/4ngIkX/ZRtFCwKLrS2Bl76em0rFrHS1prKsxjkIgpLtKnZfWhHYPUhXFYB9pKnts6JNm1DWansWYbhQXvEt4ZS4XiUb477wreB+LkQeaOFQ3bbxutv2G/tNok4JHQ/iAK1DtP4fvjdmWSIXoJ7kr8mkl8x/FrE=
[20160706130409]	RSA参与签名运算数据_input_charset=utf-8&account_type=BASIC&identity_id=ed743c470eb025113353e00734ab3c72&identity_type=UID&partner_id=200030133789&request_time=20160706130409&service=query_balance&version=1.0
[20160706130409]	RSA计算得出签名值：c0tzqBGyHuGUafWsVtuctywz9IW+nHZP8Q2/YChYwt+QaYCXX7kphWLKMmL9tmiZAN7InE2w0QSOSr08zR0TDhzP8DGYTFmG03AE1hp54iPFP7ERNblF0MwlDf2ryz8L1k+4o/YOBbVNH7JqXOHT7CHgB3CGS5t6EltgdpSAVnY=
[20160706130447]	RSA参与签名运算数据_input_charset=utf-8&account_type=BASIC&identity_id=ed743c470eb025113353e00734ab3c72&identity_type=UID&partner_id=200030133789&request_time=20160706130447&service=query_balance&version=1.0
[20160706130447]	RSA计算得出签名值：SG4ax0jJ3HIlgEHIiF9XqlFatw0cIMjW58SUNlmLgpod6ZYnXPq+ZxJyTeQ5F1k8Q2kG9z34HP/RccqmHNXmSL+SUpXeC6Ts/+ExwusHB/+meHUbUqhvbHQU0lOhzJk+xTNa9+BvoCqc+Bs67AUifpHcyIciEtbHsfsAPEjS19c=
[20160706215800]	RSA参与签名运算数据_input_charset=utf-8&account_type=BASIC&identity_id=ce1295ea2fc138bfbb679442e0c7a5ac&identity_type=UID&partner_id=200030133789&request_time=20160706215800&service=query_balance&version=1.0
[20160706215801]	RSA计算得出签名值：RmvuW6X2QRM/Rg8JToycwCnGzYgkmbbEZrx+QA82NE8bW9K6ykVufPkrhGL+qSDGb4iQpR91YUSeanSSnvMyWxD5Vgylw3s0gdYCAwunys/3hMmzuifcvp00bPZm5lN+gM26FnlVqP2VpSNBVs/ZOQcRDF6aOkryq7NlkczQHd4=
[20160706215810]	RSA参与签名运算数据_input_charset=utf-8&account_type=BASIC&identity_id=ce1295ea2fc138bfbb679442e0c7a5ac&identity_type=UID&partner_id=200030133789&request_time=20160706215810&service=query_balance&version=1.0
[20160706215810]	RSA计算得出签名值：Tl040vKdtP2/OHbhyyRnA3Dr5AXOj+/2tD/G8348Y231mHktFiX419pL1kt8fB8azPqsM80LwLXsRgLOsHJUPmrD9XBFK1oKf8hsK7tvC7T8TWwywegCXPllsRGwHJRrU0YZbpxj/UTNCqI8b7v8waYQsteRwvuv4mFMJy9I2lg=
[20160706215845]	RSA参与签名运算数据_input_charset=utf-8&account_type=BASIC&identity_id=ce1295ea2fc138bfbb679442e0c7a5ac&identity_type=UID&partner_id=200030133789&request_time=20160706215845&service=query_balance&version=1.0
[20160706215845]	RSA计算得出签名值：X3uXNRS6Nb+g0rwkz4eji9NYgu0PCsWBtc/1HGwOQQ6MymTLsynXU1tHnRPEFuT9Q1/ivqZVbusKK9ky1Oi5aHixX8EakOwnRfyuxzsTYM+uPWzx+kZBvfX2u7nApJbN1Wse4KgKYgmAgJiUCg9x7IDWDf1HjNJ+ZSaNRXee4Yc=
[20160706215917]	RSA参与签名运算数据_input_charset=utf-8&account_type=BASIC&identity_id=ce1295ea2fc138bfbb679442e0c7a5ac&identity_type=UID&partner_id=200030133789&request_time=20160706215917&service=query_balance&version=1.0
[20160706215917]	RSA计算得出签名值：i4NezylXRpFwzCCAvRWzhHaQ0HontHnjEHP8yILOqatNkN41E+k3jMMl+XFXFVYJavBEeUGmtkGWSUSVPIHIl7YiFY7Q2eAUwWV1yV49yzo8VdXjZA5z3cY80IY0ADHNceoyx3hK59vvy0OHrVpLs/uZGh6O9epsN3ZeWx7EYIw=
