[20160713085700]	RSA参与签名运算数据_input_charset=utf-8&account_type=BASIC&identity_id=e9cf69f15842d6fe51799434e1ad64f7&identity_type=UID&partner_id=200030133789&request_time=20160713085700&service=query_balance&version=1.0
[20160713085700]	RSA计算得出签名值：na9bqhnIMnSgFXO1uDGwnytnQnn4TsVL8ISUlAXK2+ZAmbZAxXDxAmIMs8kQmtCcolaLVstSaUGh7MLEcsBm5Gl92kseiXcTxdhgz2VK3LP8t3vz/2bj5UQRrUn9ZflUgmJTprWCoMb7LdIwwZHDS3DRSsLgS14WLjYEFPzHLDw=
[20160713090334]	RSA参与签名运算数据_input_charset=utf-8&account_type=BASIC&identity_id=ce6639c720baf090f6cbbdb0cdc02f40&identity_type=UID&partner_id=200030133789&request_time=20160713090334&service=query_balance&version=1.0
[20160713090334]	RSA计算得出签名值：nj5C9rWwUUXRtbIiA7Xjl0i+y5HamUHIFubfCedXyqGfrdaoi5BGqKk9nWjjp21EEFRt88ZUVm2xLS6P0FnqtKmNblldhs8ij7ToCt/mNlxN5Bamc4eIFe/v4bEK+mtiHTDmwDfNbhcjdnyopTw4mgGnIHk20u9xOQiMITyYR88=
[20160713090347]	RSA参与签名运算数据_input_charset=utf-8&account_type=BASIC&identity_id=ce6639c720baf090f6cbbdb0cdc02f40&identity_type=UID&partner_id=200030133789&request_time=20160713090347&service=query_balance&version=1.0
[20160713090347]	RSA计算得出签名值：ck4YecqHSVoj/8swJaaCfo7I2fmY+oUbch7C6Ot69uJbMKn50msCcx68pvJrS1G54bbQola5b8Tpopc2JSnDUjMaDedBgoWFY8dgdx/Q67GkMssJAW/zBnORIheC+odkts/4vMcHKIaqK7/Zzbc/nShLMt2+pnhiXLebYVKbTBE=
[20160713090411]	RSA参与签名运算数据_input_charset=utf-8&account_type=BASIC&identity_id=ce6639c720baf090f6cbbdb0cdc02f40&identity_type=UID&partner_id=200030133789&request_time=20160713090411&service=query_balance&version=1.0
[20160713090411]	RSA计算得出签名值：nGqiio3FEUSxcez2wL0xPnNFAQk5qhX+xcuAMLaL4djXxHeTWUPmYfXU0swj0t3wGePM2LsL51YxwsLxZA17cdxp2wI1K3Ac7X6SUf0q4JKseRpLOV0giCV394oiBirh/Ef3JSSq48I1pv/0V+oATnBLREcj+NJRXvI+dHeJJI0=
[20160713090425]	RSA参与签名运算数据_input_charset=utf-8&account_type=BASIC&identity_id=ce6639c720baf090f6cbbdb0cdc02f40&identity_type=UID&partner_id=200030133789&request_time=20160713090425&service=query_balance&version=1.0
[20160713090425]	RSA计算得出签名值：QVuJwz3imPbuvIDTXplXnV4fEX1YHYwXN8VS1ZFX1iBN2pyACqOqIAPMGrNs0GbdBhgePRKE0f5TmScJfA49xy6MXvIABKMXpmvNTetrpwCSP94WXNd1L6RPgUFjWdlrHGXwrMuY/3aLMIDRt/SUb6vRfYG7n5kWCGRDSGvar54=
[20160713090440]	RSA参与签名运算数据_input_charset=utf-8&account_type=BASIC&identity_id=ce6639c720baf090f6cbbdb0cdc02f40&identity_type=UID&partner_id=200030133789&request_time=20160713090440&service=query_balance&version=1.0
[20160713090440]	RSA计算得出签名值：d3mHvd+UYnGQQV1d6Kl73WL5+Q/V4D0XBB7O6idbTfIWIK335Kqee2FYKFRLULXEKEf3IwDjeJQrb8OnODgZFe32cqqhwero4ceiY1XyZuRjOl5uaU49fMKgiE77GL8DDGrhiuU4S2G70TTILDOERdeId0Bzme6ekJLDK1ojRB4=
[20160713090459]	RSA参与签名运算数据_input_charset=utf-8&account_type=BASIC&identity_id=ce6639c720baf090f6cbbdb0cdc02f40&identity_type=UID&partner_id=200030133789&request_time=20160713090459&service=query_balance&version=1.0
[20160713090459]	RSA计算得出签名值：jFoJAeUxzsYFomE2g0omdZ6+U3O+Jqo7lDG40bgW6YnAotuuxTCmEv7osHey1Q/WOCQy4F8NHdcfe0Iu2Vf077RwRk0sutCrRJby0dszKw6UoPlfgvEFhbm4gdIKlUzuCFHKpY89fcVFBdzKLFD90djQ44F0rZut4iB3jSAVfz4=
[20160713090537]	RSA参与签名运算数据_input_charset=utf-8&account_type=BASIC&identity_id=ce6639c720baf090f6cbbdb0cdc02f40&identity_type=UID&partner_id=200030133789&request_time=20160713090537&service=query_balance&version=1.0
[20160713090537]	RSA计算得出签名值：aczrrmQL6HKJ5BVRikKPMDLPdy/8hdO16VDTQkr5+4/IVTBCujHoQXwsJXImqOmvHQpBpxRYCdPONJn72XUuvGS6QZtH6gzeYt0MANpCp+kuebFBhbmm6hjmD+XZXOvFGBlxxhPXjZRrJhEjwcQqZlo6JkK3dRqxJbyHkgs73S8=
[20160713090552]	RSA参与签名运算数据_input_charset=utf-8&account_type=BASIC&identity_id=ce6639c720baf090f6cbbdb0cdc02f40&identity_type=UID&partner_id=200030133789&request_time=20160713090552&service=query_balance&version=1.0
[20160713090552]	RSA计算得出签名值：j/dxr58iVirFHPo5NUZh6X2NA3UrQcfYEwxwDPWyFJGUpvTFRJZxycFbFTjG/d5cGZvLYmvqdd/s8OJAw8B43jNwfPtyogefUB5UMhR7KTcyhoMKlVaqboXCb1PEeGilBTVMjVuFRgKdtP7W/ritcDrtn0gPPlXzB9yU3p7cSwA=
[20160713092129]	RSA参与签名运算数据_input_charset=utf-8&account_type=BASIC&identity_id=ce1295ea2fc138bfbb679442e0c7a5ac&identity_type=UID&partner_id=200030133789&request_time=20160713092129&service=query_balance&version=1.0
[20160713092130]	RSA计算得出签名值：dkW4Vtvq6mfddhLgzZF+u8eJX1i+1+WISy8hjYOmHE2k9qA3Y6HdyQBh+D9ywmv7BxQP1SbB06oeMpT9mflpvVb0MLLDoXkZDhLQGuKL8ohKg5rrClB4E+scvRO7maGjuvFAbTbJgDxZdx/2xDhUNpSZZSDOmF5+ZvmDFgjbceU=
[20160713092133]	RSA参与签名运算数据_input_charset=utf-8&account_type=BASIC&identity_id=ce1295ea2fc138bfbb679442e0c7a5ac&identity_type=UID&partner_id=200030133789&request_time=20160713092133&service=query_balance&version=1.0
[20160713092133]	RSA计算得出签名值：HHb9+iI8Q18YNUEFAd0CFUEilcL2W8CR9hGwMJ2FLmSF4Fx4WjuZo0O8ami5nTzrgfYR9Dn+Sc42Sy05yKvjLfF0Lct+/wSNQV09XDnucq4udxxZ48wEwim4mZfw9eySYKFlecgb3TYjb4OGCH55mgIoMmWJ3Dj2+yta+KlNG2w=
[20160713092213]	RSA参与签名运算数据_input_charset=utf-8&account_type=BASIC&identity_id=ce1295ea2fc138bfbb679442e0c7a5ac&identity_type=UID&partner_id=200030133789&request_time=20160713092213&service=query_balance&version=1.0
[20160713092213]	RSA计算得出签名值：bdFKuyJOO8XhoP5sFvQPaz0Sw6J5OdgWPQLzvt1drs4bI57a4pbruNLl123ouOvsHP2s2RYQHKx7XMrYBNSyspuy2Ok24V1iXaXkos/eWH92keDAzrWfkMeb9ST5aicAaJg/E23tKkQ7WCR4L0Me45JcY1CZNrr+3IwSm2mFRPs=
[20160713092441]	RSA参与签名运算数据_input_charset=utf-8&account_type=BASIC&identity_id=e9cf69f15842d6fe51799434e1ad64f7&identity_type=UID&partner_id=200030133789&request_time=20160713092441&service=query_balance&version=1.0
[20160713092441]	RSA计算得出签名值：Hk8Y96BEUjKMpbgzdHUVgDtkl7wQ0sPlEZhSMKCAs+x25SwOFTrgLrSNBW+tg8bX2CEj3bmXa9sEfObx240II3MGiCgiE3MJ+yixtymcHBB333IrOzghrG1DQarZSrYmpNfxzbx5qndMxIN3AwTjvniV+skK4sUklckSgRgSKqc=
[20160713094110]	RSA参与签名运算数据_input_charset=utf-8&account_type=BASIC&identity_id=ce1295ea2fc138bfbb679442e0c7a5ac&identity_type=UID&partner_id=200030133789&request_time=20160713094110&service=query_balance&version=1.0
[20160713094110]	RSA计算得出签名值：QFdVxFd8un44J2b+hPUz3nOTd7WuJolsCGJ1jDCXKjGUBfvGNT0HhsjIgeH++VM0w3+0IXDyL9v7pwVLUW7ZKZpmxuzWOavmz0428axOohFZpbBmYFkH8rpOCnx7J/mKuPQsh3WduONlKvmeB8NcmHUhxBiIsL4+NMp/32fAIC8=
[20160713094206]	RSA参与签名运算数据_input_charset=utf-8&account_type=BASIC&identity_id=ed743c470eb025113353e00734ab3c72&identity_type=UID&partner_id=200030133789&request_time=20160713094206&service=query_balance&version=1.0
[20160713094206]	RSA计算得出签名值：QRcuXyrHzYvo7dxhMfsRPanlyO9j3quXl6awlaz/I2pJy7wgkiZH+HRGMKrD80zOsfsGvtVOCkxM55SKgRcn4qBNr2t87uNNhrE75CcMGyoBj//Nwx3gVM3Q8+c4ISGDpmxF4xLSynNm3st7E6pdp0razYQocRnYHtxZ9aMLLso=
[20160713094357]	RSA参与签名运算数据_input_charset=utf-8&account_type=BASIC&identity_id=cbcd9e4ab1639fa42e656775cc0b233e&identity_type=UID&partner_id=200030133789&request_time=20160713094357&service=query_balance&version=1.0
[20160713094357]	RSA计算得出签名值：S57C36NR6t8v02FXdChXFy7Xp40uGCqeAZOQisPKyf+MGwHWNHgo6ylGHoKwd1Ptjle/2TZ72JnY2hA7iOWP87Gj9VcQqwlU2JOJB4vxFx4NfCmKgpWIE+hoDZ5bvU5K5EUJJWWVgmU+jPHKwNpwZaJfDcwSGnkPxfp2Kv4Q6l0=
[20160713094423]	RSA参与签名运算数据_input_charset=utf-8&account_type=BASIC&identity_id=cbcd9e4ab1639fa42e656775cc0b233e&identity_type=UID&partner_id=200030133789&request_time=20160713094423&service=query_balance&version=1.0
[20160713094423]	RSA计算得出签名值：oF/+FRn7xHs6cfV1Phy4zvmzG6PgfdYhALmVXUGSQ9qQuahndBXsCy0iYQu2cWO2EMx7Uv44i1EAMPNuROGhFrqJdPmgYWshmhtRja/NKx/tRNMK/CoH/TDyyCG2wvKBnYJx70FONCRVNpmJ9ZBq5rOV+psLujThcaKi6ES20cw=
[20160713094501]	RSA参与签名运算数据_input_charset=utf-8&account_type=BASIC&identity_id=cbcd9e4ab1639fa42e656775cc0b233e&identity_type=UID&partner_id=200030133789&request_time=20160713094501&service=query_balance&version=1.0
[20160713094501]	RSA计算得出签名值：fPinJhF8sIv+73kNcJp4mtHbDBWrEf/KMzuChWkdX4Ecshx8EAvd1I6goygVEquvTtYFOsaxK9mgWMGr00DcSe3enhzaSqxpYUV3YoWh04HXjG4hkTgSYhIzRXhrm5l9acgYuVgHrmXl4ScRY/97XnhQ6J9bOSb8wy8nSvyy6DU=
[20160713094943]	RSA参与签名运算数据_input_charset=utf-8&account_type=BASIC&identity_id=cbcd9e4ab1639fa42e656775cc0b233e&identity_type=UID&partner_id=200030133789&request_time=20160713094943&service=query_balance&version=1.0
[20160713094943]	RSA计算得出签名值：FFg+eKnjq+PyNvK+Pff8uTHnMn0TSmMYeh/t1yGlWoFAZFWeQ93deHjxsyGNoshEq+EtgMoEhyMYglwQzKF4gP9qHRi/nsBCNVfSsS+iPjtpQqPi9eURTBxBLReoBZaIiyyx0ctj2jPxPdYd6mMaIh4Yz2ZQoJec2kJ5cL69zqI=
[20160713095247]	RSA参与签名运算数据_input_charset=utf-8&account_type=BASIC&identity_id=cbcd9e4ab1639fa42e656775cc0b233e&identity_type=UID&partner_id=200030133789&request_time=20160713095247&service=query_balance&version=1.0
[20160713095247]	RSA计算得出签名值：BPX19fwKiY6JmeUj4HGZPqljUxSq+xVSY2Qb+vJdQlr9XJtW/uj4O5nrdSBLU+UK8iNsuIFQ9PCcA4DW2nzTeiN8Y4cpfa9BcTuH0U+/tMp+UYbuf/mXMsuEg9XDLVv9Z9Q+OqgccWsIrcb8zkOprWHr7wqSZ0dOf3De8xrTDC8=
[20160713095311]	RSA参与签名运算数据_input_charset=utf-8&account_type=BASIC&identity_id=cbcd9e4ab1639fa42e656775cc0b233e&identity_type=UID&partner_id=200030133789&request_time=20160713095311&service=query_balance&version=1.0
[20160713095312]	RSA计算得出签名值：JqgzH4BwpcdEiJ7RXKmXOXtbJDTdtujCXIZwbmalgnw/hmuk9AOqTS5bEUNYlW5hw32C5AOlvtPBzBcRoAsdId18mENioOa9fDXxDuCDE/yTx1HPYo1ngz4n6IG3u7KDv1oNVcQnrxb1ApawWqY2YMtcck80B/pqJeT8jIS8NLI=
[20160713095339]	RSA参与签名运算数据_input_charset=utf-8&account_type=BASIC&identity_id=cbcd9e4ab1639fa42e656775cc0b233e&identity_type=UID&partner_id=200030133789&request_time=20160713095339&service=query_balance&version=1.0
[20160713095339]	RSA计算得出签名值：n7LLkSNG88PwrGHqrZWy0Pj0vujI4tSgaptPiDHsIXjwAqXa6c9UCnZcylQjqCS6TSsmqCb22Gq3BOaLPIPFbY3PaKfFFSyJlc0916x1D1B0ym7w76dXIcq4nZ76KXS1FYHbAtnp4JayezGv5Y51qyacWAyPU8jX3n0Iym5Twxo=
[20160713100735]	RSA参与签名运算数据_input_charset=utf-8&account_type=BASIC&identity_id=1bcfcf44c158a48d86e7acd5c5a623ad&identity_type=UID&partner_id=200030133789&request_time=20160713100735&service=query_balance&version=1.0
[20160713100735]	RSA计算得出签名值：UNJwKXSp2lIal3treVmjVilcCT9g7K8o3DTeLai0Z96Qv7y7lckxrBv6hQl24sXm0TMdC5wxI0h+zmdol4t48mmBkqeK9cNpVi42SeldJ0YUlZ7GB6cP3/vdq/1w1DH70p+FrjqdkbHWEgheCQRP8svT6x6ePaFAHssWRZgVv2Y=
[20160713100756]	RSA参与签名运算数据_input_charset=utf-8&account_type=BASIC&identity_id=1bcfcf44c158a48d86e7acd5c5a623ad&identity_type=UID&partner_id=200030133789&request_time=20160713100756&service=query_balance&version=1.0
[20160713100756]	RSA计算得出签名值：Rx/lCy+w7GLa4Zrlk65fj7PFSMLzmXgwN4ld1Z8t3kTw4qeImSzSVbThxEdQerMVjb94vA4P6rwO1f7dGcsic0gv2N0vA0UjHa72RTvXRW98dRkajTH7G+Aid0f1J6SEkn9G/5VLJyJ5AHvbvLO319uc69OpS9zSx1LlcbEgsKQ=
[20160713100805]	RSA参与签名运算数据_input_charset=utf-8&account_type=BASIC&identity_id=1bcfcf44c158a48d86e7acd5c5a623ad&identity_type=UID&partner_id=200030133789&request_time=20160713100805&service=query_balance&version=1.0
[20160713100805]	RSA计算得出签名值：waJgpXm+fRie+ZcArrQNHmfBz7b6wxRoCeRT105E3M4wcFjSoTFFo+/Vdky+efnNLQFemPVpqr/H3wm8fDkeZjMpjhv1hh6NR17rerg2GjfxXU51k/TWkhocZn5QO2dQM8TT/YLcjXN/2opm9Z7K3nPf8JBIyiFrP+AydrJiZNg=
[20160713101053]	RSA参与签名运算数据_input_charset=utf-8&account_type=BASIC&identity_id=1bcfcf44c158a48d86e7acd5c5a623ad&identity_type=UID&partner_id=200030133789&request_time=20160713101053&service=query_balance&version=1.0
[20160713101053]	RSA计算得出签名值：bQKz49C1LfWzxyAC0tfnnOysGUBWGFBZzqE0f91NbQKRxsHHu9TodLTcS7RmT/BQy13pJEEl7z5yO4JKNl3DZrAJpwKabJAhaxyP7/djrkUowQOrKpQptlDvO5XkhCMkHr/6pyIW6VeManThCkINNa8eZf6AgBgouPD6zn0raRc=
[20160713101058]	RSA参与签名运算数据_input_charset=utf-8&account_type=BASIC&identity_id=1bcfcf44c158a48d86e7acd5c5a623ad&identity_type=UID&partner_id=200030133789&request_time=20160713101058&service=query_balance&version=1.0
[20160713101058]	RSA计算得出签名值：JdLKw5kNkDHWAF/B/MH5XtssWLrawwmjMKDLzU3RCPcL4dQG+jBOWtDUhz7YqIakcjIxS4efc54fgOqSgS/f/vjknI1pYYH9PWGAwS40E2g+rXAFA0izHzSXPi/glUr9/JJ+SSRq1V4FpRa7pgnol7BmbIP4iZXaTjKnhYyzhi0=
[20160713101120]	RSA参与签名运算数据_input_charset=utf-8&account_type=BASIC&identity_id=1bcfcf44c158a48d86e7acd5c5a623ad&identity_type=UID&partner_id=200030133789&request_time=20160713101120&service=query_balance&version=1.0
[20160713101120]	RSA计算得出签名值：rmlLveV22UQHeDwTDl4HMfhilHHLy1VmTaANaA+8O6t0cllTYkN6JdUulW8qXtgdQNAHfWabBdt+h1uykRXUaiK63m8dqbCyc5+Aumem7hphCEYZqQ1Qt5aUgC6+3vkbVPNAKzrGhQttUYuffaPgmgMX5nwNsDJvxBKPa/U8T4Y=
[20160713140646]	RSA参与签名运算数据_input_charset=utf-8&account_type=BASIC&identity_id=ac9a185000b1c3ada6ace23c15160e86&identity_type=UID&partner_id=200030133789&request_time=20160713140646&service=query_balance&version=1.0
[20160713140646]	RSA计算得出签名值：w7YQoYOpZdq3/bmVwrjuQ78urtA6az11mQW7Jyj4H6jSCwtQ9mWlBuhckIdfJE3AgXJgWg5Slv+pzYKbN9t+yJZqwqyNNcQd8QWdQqtJtQpbflo64C+7iH5hTVNMeszbPJ7VXiuTQG8UaOYq5hQ8+7/vpM9EvfUM7qIg0tRR6hE=
[20160713140712]	RSA参与签名运算数据_input_charset=utf-8&account_type=BASIC&identity_id=ac9a185000b1c3ada6ace23c15160e86&identity_type=UID&partner_id=200030133789&request_time=20160713140712&service=query_balance&version=1.0
[20160713140712]	RSA计算得出签名值：UVy4QdwfqegOW+gyCGl6yFKlXDEcWMLi3po1U/+LoEe4ja7ZMDWvRoSmlysfcc162kBR1UBkBxY4qhw/siyxCASNFDBny5LeXNPxTHA1fWZgwjZ0pCaoWNgaeN+rEytLr3vcLI1iud4vf2l/6jPokMCpYdg75l7yz+W26yDAP1k=
[20160713171417]	RSA参与签名运算数据_input_charset=utf-8&account_type=BASIC&identity_id=cbcd9e4ab1639fa42e656775cc0b233e&identity_type=UID&partner_id=200030133789&request_time=20160713171417&service=query_balance&version=1.0
[20160713171418]	RSA计算得出签名值：GW/gz3GwyPZ3ed0e2Tx8y3HVFn7sMJy/UUjC3BiSvKlK7Si5bqin5SeqyRWZ40ia4zt0t7hH+p9fXOLy1ZJgT7axEhB/EhW1xakELF9DLEnKSAH3qzM0grHmlij2fT4NXuTKv0RUrO38vCqARClt90mjpXvwenDEZZCJsTAaCmM=
[20160713172444]	RSA参与签名运算数据_input_charset=utf-8&account_type=BASIC&identity_id=ed743c470eb025113353e00734ab3c72&identity_type=UID&partner_id=200030133789&request_time=20160713172444&service=query_balance&version=1.0
[20160713172444]	RSA计算得出签名值：GU4oGA7z8cNP7zwI8KfvYCALkYWD9If5/wlNxYQ3VpGH/AejOdaFxqi1JCOKLp2jgsK8Ai0msPfZsiHfgmQatcLDS9tt00qKNd5mEusaMikfzr2qtzplKskhUshySq9eY/F7smd66PpTJxglF6uQQNd5YNLNG8VqehBKAEYzmug=
[20160713172452]	RSA参与签名运算数据_input_charset=utf-8&account_type=BASIC&identity_id=ed743c470eb025113353e00734ab3c72&identity_type=UID&partner_id=200030133789&request_time=20160713172452&service=query_balance&version=1.0
[20160713172452]	RSA计算得出签名值：phSO81rRay20Y8yUJZj1zTswd71jghlJoPpNtiAuldm9cXfWiT+aIEJ731LCb5Wst0MHlNDftxF/wL7NmrzU/ZzmFhQjyuxptVLgPkvMVvUDE1TJSsuenqU9PuXIa6jHvJi6aqgfTNo44+QXhV3gy6zAXNm7zu2+QCo+vKtiyl0=
[20160713173026]	RSA参与签名运算数据_input_charset=utf-8&account_type=BASIC&identity_id=ed743c470eb025113353e00734ab3c72&identity_type=UID&partner_id=200030133789&request_time=20160713173026&service=query_balance&version=1.0
[20160713173026]	RSA计算得出签名值：RrhDFL+j7hv5BkWMhElv0SpxhJbL7kFb99vmBkp7sWasgUbz9/mUukgtETvIxSqfcncXpV/hligzXsDfbtHjWHwg5SBIgHe2XB/Ux2A0Q2xUV7sAdMb9HD3CaHIl8ACloUExRP5vgZUT+uizx0R5o43Fc4vGka7Z36RkTzE3CVk=
[20160713173405]	RSA参与签名运算数据_input_charset=utf-8&account_type=BASIC&identity_id=ed743c470eb025113353e00734ab3c72&identity_type=UID&partner_id=200030133789&request_time=20160713173405&service=query_balance&version=1.0
[20160713173405]	RSA计算得出签名值：so1EeM82ihpowhF3wQ77CrNDjNiV/tzQY+drMieLfvXfia+kTrnvKrGNNiJeGMciuhfYb2k1Q7U9lTL950C9+vk/qMLQvL25f4Xsr3dJaMwceX55HggNCNqixDzctqzl320g+YquYfe9JxPs9rTtt6lW9f/vVXHwJmISwOyjoww=
[20160713173503]	RSA参与签名运算数据_input_charset=utf-8&account_type=BASIC&identity_id=ed743c470eb025113353e00734ab3c72&identity_type=UID&partner_id=200030133789&request_time=20160713173503&service=query_balance&version=1.0
[20160713173503]	RSA计算得出签名值：RCPQeRwgAQBxFRaMYpOmbbAA1HB3u7avXLx3XfJ9HwxLMey7ZalqXAect9hicOAdKLsAQlHJyzqrux41G7B47SThHKpJMx63mkWXlqa0MZD/sj5bjUsh5WJJO+y5oPxJX7orCvQPb4vj1gu+BvvXMfB9orV65rN7uYCAfQFGV4M=
[20160713174119]	RSA参与签名运算数据_input_charset=utf-8&account_type=BASIC&identity_id=ed743c470eb025113353e00734ab3c72&identity_type=UID&partner_id=200030133789&request_time=20160713174119&service=query_balance&version=1.0
[20160713174119]	RSA计算得出签名值：cWTpx5ZU9QcgSFHEfQrEZkzn7xbKxZGk9FD/JUgbW1u7M8bFoGwkpDwgG/kY1OGt0MlhaWVoJA3FBhxbCmtPI0Nin8YbmBv0h3+RjmPIuJ/NaQXaeYq10KYAYLjGFCOPlX3//mhIL8Nx6t/yKWzYQ+X8v7vMlvyfjdxUu2I0s7I=
[20160713174214]	RSA参与签名运算数据_input_charset=utf-8&account_type=BASIC&identity_id=ed743c470eb025113353e00734ab3c72&identity_type=UID&partner_id=200030133789&request_time=20160713174214&service=query_balance&version=1.0
[20160713174214]	RSA计算得出签名值：lyJWLlLRowFOd/R3kra1zcmo+W5kBn2isFI3fWt9GUdqkp9ORfob1maamk9a6m4CIRUwaoVCHBYAm+n3nmVCtdfI010egSjDbWgt66kSDd/n+ZWhQuZoamfl0idiQxgFWsX3doleo/IQB5LusJFGLTCfVwW3UNS5kmMyx+Hsavc=
