[20160725092407]	RSA参与签名运算数据_input_charset=utf-8&account_type=BASIC&identity_id=7234cd72579109e2314ddef38077300a&identity_type=UID&partner_id=200030133789&request_time=20160725092407&service=query_balance&version=1.0
[20160725092408]	RSA计算得出签名值：W76bCMuRkHagtJ27Qj+0CTIdA4aCC3Fy6hgz6QsRx6yeBxzNwu2GPATOFfaQNicW1W6AhHxp/S2uLZ8yPp8TatsEc5A461bXC8KMrK6VOtTRf2OMUb8p5O4CaytHwI+pLDhuDdZurMfxRFYPomKURBywnE5ND+zEZ+prpvk9S3M=
[20160725092414]	RSA参与签名运算数据_input_charset=utf-8&account_type=BASIC&identity_id=7234cd72579109e2314ddef38077300a&identity_type=UID&partner_id=200030133789&request_time=20160725092414&service=query_balance&version=1.0
[20160725092414]	RSA计算得出签名值：dLliVocmPtaMRwjiJSvflMKomLM3JhELbHnXLN6SBlmEUdJRRvfmYyYJWvFjhuK22HfGBsSFZuUoRPUB4HJwF51AS+SoNqOTNFg9C5O2Z/RmO3trL9OVTE0ElxdivC9mBJf2OkNlo7Fb6/fGjcMyIcDVQShotXJHohruFRQ/6hE=
[20160725092422]	RSA参与签名运算数据_input_charset=utf-8&account_type=BASIC&identity_id=7234cd72579109e2314ddef38077300a&identity_type=UID&partner_id=200030133789&request_time=20160725092422&service=query_balance&version=1.0
[20160725092422]	RSA计算得出签名值：LvtEIWGeQK5ooKdOjjI9jzCXnaY3dBefqflV1A4lW5TypGLb8iyctcEBwW4T9OMdVAFffhdkZyLxs8eGkHzAznxwyaVyIOE4kSemMdt22gUUdwCz78TF/6DPdjXdCbZ88iv4nIVgAwc3oWKR+8b4O/hSYIPx8E5QsyLSw08aBe4=
[20160725092427]	RSA参与签名运算数据_input_charset=utf-8&account_type=BASIC&identity_id=7234cd72579109e2314ddef38077300a&identity_type=UID&partner_id=200030133789&request_time=20160725092427&service=query_balance&version=1.0
[20160725092427]	RSA计算得出签名值：evz84Jv4TnvtbgBuEs0A/10UnnNMPwZsvqi47cqp7T/JMinTU4DZFxWbz80G52AHdc7lgwagdeAkyYRQ7p/+nuc1OxLiK3UqLFuSqM3A4Bwuqf77vtn1YeB2G7YdX/w6Wtjx636ib3ISisgqjhmxHm+9wP3f9kTpvCsYPsMZkRI=
[20160725092619]	RSA参与签名运算数据_input_charset=utf-8&account_type=BASIC&identity_id=7234cd72579109e2314ddef38077300a&identity_type=UID&partner_id=200030133789&request_time=20160725092619&service=query_balance&version=1.0
[20160725092619]	RSA计算得出签名值：F7wuGQRQ+LKVXdchi5wYaApdQhaD4e1oIFrIhW1jyvFuX5RWVhbnWhXaAK1g7XdE+UM+PZPXGR+IQHVCPgf3H8LXO0XRhYRg4o1q65/WfLsXGx1bEKCJ1nDiJrp3KvbKC2L5UMBpQH1Tz20TKLkyvWyo89hHeNMQY0cM2VyN+ms=
[20160725092625]	RSA参与签名运算数据_input_charset=utf-8&account_type=BASIC&identity_id=7234cd72579109e2314ddef38077300a&identity_type=UID&partner_id=200030133789&request_time=20160725092625&service=query_balance&version=1.0
[20160725092625]	RSA计算得出签名值：h63D4v3GBjYNmbNmnbfExB+cIPzLSCDFKLjdMrMGYmph0tPKUwYVp80ZzEJ7JXRsNc7IPTNaG0gEb+OY34RBMgfwDLsBKPkQOnH/9j8E3iWoTDdLPEddaP9vHQ74q3AUa9kXyq5K4GfB0oMatWl5gGTTGRY1OTe6czFTtg73PkA=
[20160725092630]	RSA参与签名运算数据_input_charset=utf-8&account_type=BASIC&identity_id=7234cd72579109e2314ddef38077300a&identity_type=UID&partner_id=200030133789&request_time=20160725092630&service=query_balance&version=1.0
[20160725092630]	RSA计算得出签名值：CbIHNVZUOHeDWteNfRL7wtFLWowiU8E5+LZnuiSHhxc0fQoSBnlww4WSwhN+i0Z193dlYmJ9q+7h/YDcOyLC8DuRmMnP9k1NLA61tx/mY0VlnETwso4GxNojjAiYYq9DiwXkmp4iEsU2kD0lYLLZa072fkxBTgdS87AwB4k9pRo=
[20160725092636]	RSA参与签名运算数据_input_charset=utf-8&account_type=BASIC&identity_id=7234cd72579109e2314ddef38077300a&identity_type=UID&partner_id=200030133789&request_time=20160725092636&service=query_balance&version=1.0
[20160725092636]	RSA计算得出签名值：URWnFZu4j/uujJGSwXIb+6vMvhQOIGPV5GMMsLk+yFc3wH3/wBPtBKw0rmhenKPNtZ5JT+lY3+z3QvMzRVig2aCfA7MGIYw4KIe6+cLJqnFS0nDCJPLXH00O7DcTB1VnDgN/6edf341skX4dSbtq41Ie6QzC8/Ojck3DYf8RNI4=
[20160725092659]	RSA参与签名运算数据_input_charset=utf-8&account_type=BASIC&identity_id=7234cd72579109e2314ddef38077300a&identity_type=UID&partner_id=200030133789&request_time=20160725092659&service=query_balance&version=1.0
[20160725092659]	RSA计算得出签名值：Cb2npwvWQk1r2ky7L/86zktWVwV21wo9kGn71NQ2BA9J1LbQ9i/Z52aAi+R31AQkxOr2l4VHH/v6L0bXiuRlZb2g3jxFdGB+ZS+oO2EkGmESdp7ZKekDVaYHU38G2ccPiO6tNzfwgwwvKjit9xonxpSjJ6q/HIyZdhw1HsLNCBY=
[20160725092706]	RSA参与签名运算数据_input_charset=utf-8&account_type=BASIC&identity_id=7234cd72579109e2314ddef38077300a&identity_type=UID&partner_id=200030133789&request_time=20160725092706&service=query_balance&version=1.0
[20160725092706]	RSA计算得出签名值：qo+pR1DCFjmCYseClOV1KkFqy6Ewe53OU4NFeGw4nqXR3QAZ54wphV3IbADncVyhB+U1AclecjhjgC5EqcCSy4FnnqsfNowqdhVbiKe2PkKFK9AChfZzT6QPXm4yNkOg2cwMOhX1Lg/XeY03LWX/f3O6XaefHzsTAh08eBLERCk=
[20160725092712]	RSA参与签名运算数据_input_charset=utf-8&account_type=BASIC&identity_id=7234cd72579109e2314ddef38077300a&identity_type=UID&partner_id=200030133789&request_time=20160725092712&service=query_balance&version=1.0
[20160725092712]	RSA计算得出签名值：SzXYpbVIetdiq8kvSmC86Ckr0HG6HG+CIYBEY38xOkc0yzgQDwqcNFO5f37CUU6TXiKFVLGmPw/1+jc04BlWTSKY5PcwT3yPTzGzfYbsdqYi8RnCCe4JATYmHbXxTSJUC35C5CYt6bpY8yKVQeDXiiEk1DB5rL+jiC+QHLQvPBo=
[20160725092717]	RSA参与签名运算数据_input_charset=utf-8&account_type=BASIC&identity_id=7234cd72579109e2314ddef38077300a&identity_type=UID&partner_id=200030133789&request_time=20160725092717&service=query_balance&version=1.0
[20160725092717]	RSA计算得出签名值：MFIrvvjBb149v5usXTc5G/d2sk3+E9/0jLO3VtGn22ibz2r2KsAOUUhGzpMAQ6n/jFZMNhFkjBWGomDd1nu2QJV/lzUC06pkUITAea+w/VGYtuCMdPs78CvBR5X7AUsVfAJ+oGNfgiSl4KyKaqxsKe37J1q78V2fwGb+W/xD2fk=
[20160725093437]	RSA参与签名运算数据_input_charset=utf-8&account_type=BASIC&identity_id=7234cd72579109e2314ddef38077300a&identity_type=UID&partner_id=200030133789&request_time=20160725093437&service=query_balance&version=1.0
[20160725093437]	RSA计算得出签名值：pZHC+gl3ek0GsOkIzZm8KnONwB+oCEpsj5Ch2uuh6YKNyV46NMLLcaXWS4sbDdgilAKOVkJCaDV5hGB4o5ZtjN/jcnfvi59y3Rjusw3VlTU4up9LyjOEpEWpDBEx1o4TgsBtewyR7qz3ZSEc7UR4Jr7p6VaNtUHeyQrsd1yIL04=
[20160725093620]	RSA参与签名运算数据_input_charset=utf-8&account_type=BASIC&identity_id=7234cd72579109e2314ddef38077300a&identity_type=UID&partner_id=200030133789&request_time=20160725093620&service=query_balance&version=1.0
[20160725093620]	RSA计算得出签名值：H4kwhdaFuW1UR5aPMfo/pHfG8DcLHkyKifsOxRjxOC9VszJ4XzUh0Qez89hgkZvOv2ORfpahLRcLauqjyQHrHof7sWq+t7FXEJNWoiLKn61IphiIdXVkzZyW1JZ3kbJS3sUaN/lSqHLkpo3qFahzUm0hcXMymQQe/HFLy2vk5R0=
[20160725093625]	RSA参与签名运算数据_input_charset=utf-8&account_type=BASIC&identity_id=7234cd72579109e2314ddef38077300a&identity_type=UID&partner_id=200030133789&request_time=20160725093625&service=query_balance&version=1.0
[20160725093625]	RSA计算得出签名值：LQ5H1jolBW7lB+7FtwbFQYf7QGapGRNCxbrcFtdWArRXYWJg0VJndNOJ5A/kwOczwPCxzOLi6Immu+f+GYTnoKMCcQZP5lt0t6dXLSYTg9U6mGCEHaeHHNUiX0bdgKUnp0LhV8qmqwWhb9lj2jH1bur2Ol9B3seAbQ8Y+geACHg=
[20160725093906]	RSA参与签名运算数据_input_charset=utf-8&account_type=BASIC&identity_id=7234cd72579109e2314ddef38077300a&identity_type=UID&partner_id=200030133789&request_time=20160725093906&service=query_balance&version=1.0
[20160725093906]	RSA计算得出签名值：QmS61xSXtTnyklO8tjVz2HGFEVZpYi6aPbx6JxwTHen81vW0kmF8g6hYyGD5V9fjU+pWrGKUKCOnZolZ2uh6Upxe1eBh42PMKPh4/si90qy1flayZqbdoiAU7RKvJ1KPanGMZS+GhSRgoac1w6c3P+K8M2LJjiYbUUTj4GsMO3Q=
[20160725094121]	RSA参与签名运算数据_input_charset=utf-8&account_type=BASIC&identity_id=7234cd72579109e2314ddef38077300a&identity_type=UID&partner_id=200030133789&request_time=20160725094121&service=query_balance&version=1.0
[20160725094121]	RSA计算得出签名值：kO6GebmyocSyjujbJwnuI4om5YrxE9oV58uqXhrH2BcWtsK180SNCLp/xUUWnA1z1FNNhUH2T56X61DGNzvlyR00SSjWvLcbXTMbLWWC21OJQ+Wwdvb3C3NPggYAwvkjduX9pb4yT9z4Fh/bZPPh9H6tVZv5mSm4RnFGy+eLgSI=
[20160725094245]	RSA参与签名运算数据_input_charset=utf-8&account_type=BASIC&identity_id=7234cd72579109e2314ddef38077300a&identity_type=UID&partner_id=200030133789&request_time=20160725094245&service=query_balance&version=1.0
[20160725094245]	RSA计算得出签名值：n7xKIF3fUwUTU9vEKw3JXF95041pZ4wcLRahQXlgKOEzMGyfXnr6oXDy+zIegdeNHLRrmcePyBXHfjmUNObDM4cbEQ/UtwFF4BfC3/JwC4Q5Pcc/U/Rh81OkxzOBQdFgYu/J75hr9K0NS6Vv8HACZep02/xnwVdddro4Fx6OBGg=
[20160725094818]	RSA参与签名运算数据_input_charset=utf-8&account_type=BASIC&identity_id=7234cd72579109e2314ddef38077300a&identity_type=UID&partner_id=200030133789&request_time=20160725094818&service=query_balance&version=1.0
[20160725094818]	RSA计算得出签名值：hPmb3XVoMlLeH6FGjHqiYc0/hyhCWGT5qKIIxeMq0N8IXgtK8Pi2qWRxJTz2UTJzvq8vYxcSADsshDmVbute1k9lcuNVjfUqqr9dlCkbAUcFPbNrRH205mcGea1E87odD3YO5osnGZ8Vx6ZcMZZbR9RgjZUZfFAqAyYyCHtIpc0=
[20160725094830]	RSA参与签名运算数据_input_charset=utf-8&account_type=BASIC&identity_id=7234cd72579109e2314ddef38077300a&identity_type=UID&partner_id=200030133789&request_time=20160725094830&service=query_balance&version=1.0
[20160725094830]	RSA计算得出签名值：R4syin5UDI6U85sqIr/pklIOtFnfLKD3g6LxAe883punvGNCEJ9q4WI0x6MsVK4JjXZqDtImEs+BcSCqyUaDJWDViCrnvWutUm2NFY7w8otxteU9S5rRLsPd+a+anMQZ3SDZ9AhEcZitSeSmSiLDLgF/LLkUpfTaSmCW/j+zdQ8=
[20160725094926]	RSA参与签名运算数据_input_charset=utf-8&account_type=BASIC&identity_id=7234cd72579109e2314ddef38077300a&identity_type=UID&partner_id=200030133789&request_time=20160725094926&service=query_balance&version=1.0
[20160725094926]	RSA计算得出签名值：PI2tMtpPzdWJugkbxOaff8SGT9RpP5IXl6NSno0v+KGCt0HXEfmGLXiist3mEQ2B/j+sd2ckgKpGQXt9OTwhBT1OdkAtAt2QlKW67srC57qnXQjWk1AFK330vzsSCUfn66R0Z7JBz4lhwPk6bF41VKrgbmg4s/CZZqXsOL17fSY=
[20160725094931]	RSA参与签名运算数据_input_charset=utf-8&account_type=BASIC&identity_id=7234cd72579109e2314ddef38077300a&identity_type=UID&partner_id=200030133789&request_time=20160725094931&service=query_balance&version=1.0
[20160725094931]	RSA计算得出签名值：o16ezkDX9oS8VYp4lT6QSqE+NPE2spMhCC9R1JF4cHO66Ig0HiJy/r8YPcTWgfZ8SafY0YpfIg3FOR2tazSpIdQjsApe/pNYHbGq1RS3AEhsfssZStIaem+EQkr6WxKwe4cXGwQ9jfmXlsv5X5BlrjFJAmGQhZW/bE8C5Um5Mug=
[20160725094932]	RSA参与签名运算数据_input_charset=utf-8&account_type=BASIC&identity_id=7234cd72579109e2314ddef38077300a&identity_type=UID&partner_id=200030133789&request_time=20160725094932&service=query_balance&version=1.0
[20160725094932]	RSA计算得出签名值：nttjTWPro44B0RcB8xEnx2kKYdtdtO15oEBIjJ8Ux4I5b55i4kguO/LU0Hl7TLOU74EYILazxn/7tS9IXkCBVQ9hJ7mNfQwXXpLrbIgGttkwhzlM213oA0+r6jiJUq1l4kXaOPhy4E8XuPLn2S/MpukjWhemhfUpa4qK1suTLh4=
[20160725095025]	RSA参与签名运算数据_input_charset=utf-8&account_type=BASIC&identity_id=7234cd72579109e2314ddef38077300a&identity_type=UID&partner_id=200030133789&request_time=20160725095025&service=query_balance&version=1.0
[20160725095025]	RSA计算得出签名值：NfQBPctHhzw+XMM4izz4ufxyKBML4GnLRYt1uUD1vD0IFOP4T9a+THcOn3YGC85SldZrypGVIcRWdfRJkXjThBJTPIj6XgYfFM/i2+KGT8CWyuzzoiGza+/GHn5PMwu8llllyShMkEiIKnDMDv4jpHvEFEInA0rOjxk1ewH41Ik=
[20160725095031]	RSA参与签名运算数据_input_charset=utf-8&account_type=BASIC&identity_id=7234cd72579109e2314ddef38077300a&identity_type=UID&partner_id=200030133789&request_time=20160725095031&service=query_balance&version=1.0
[20160725095031]	RSA计算得出签名值：A70ByB76+0JVK/yAsYUkrWF3dpZudS7GiASEgOWKp2yVkoNFWMs5aRYY7vE6plZM/pFySGK/BB4BA1znOhy18zPpvRyuqMAtpdf1d40IGJIGN3WEBtEjNMKwXTHlpedNE3dMZFW9iL5dEeNL8oOOYuY6QXCVRXZ4G/3h3zXJ/vo=
[20160725095115]	RSA参与签名运算数据_input_charset=utf-8&account_type=BASIC&identity_id=7234cd72579109e2314ddef38077300a&identity_type=UID&partner_id=200030133789&request_time=20160725095115&service=query_balance&version=1.0
[20160725095115]	RSA计算得出签名值：kqMXt/E9VG3ftxGfWwm9miRCep0lnIzpSr4zkDiRLimtGYxDp71vFQCE+nocRShgoGoWH9/VkWk1rcV7LkYkmVukb6T1uVwD5WRxyFyQBQ9fbtHP0wyU0MfWVwhlzLHq8+y/CTliU792B70AV8TVGbQnwGh3iNLlHFBMBenYj10=
[20160725095121]	RSA参与签名运算数据_input_charset=utf-8&account_type=BASIC&identity_id=7234cd72579109e2314ddef38077300a&identity_type=UID&partner_id=200030133789&request_time=20160725095121&service=query_balance&version=1.0
[20160725095121]	RSA计算得出签名值：lzuG+VgTBrLMtpYCIB2u5B8DulAL6BI1FFxVhD4ZemhSGRWkdj1uF77KxCrU0rxFSGbisCtFCEa96VIbfXtCu2iL4HWq7fUErsErRyHQZC1WHGO74leclq1nEXwssc+DH/3x8jENNU867liMMw+pY/f4EwD+fVznr0U9pBpnQHE=
[20160725095125]	RSA参与签名运算数据_input_charset=utf-8&account_type=BASIC&identity_id=7234cd72579109e2314ddef38077300a&identity_type=UID&partner_id=200030133789&request_time=20160725095125&service=query_balance&version=1.0
[20160725095125]	RSA计算得出签名值：RQwFbEE9QbfvQOJx2oEvF3kjjWvySK35bO13BHTOYG92n/RXfc2DyQhsKZQPqDb2KZuX36Ffj1TbvU59yc4cxM7ASBf4C+eLNsT5gSSZr8M0v1lT3bCPyk7iNiTNs+wWWCZWIBo4sK5m0Zik1Zehww/39L5dFsIjkcg4vd63Xyk=
[20160725095131]	RSA参与签名运算数据_input_charset=utf-8&account_type=BASIC&identity_id=7234cd72579109e2314ddef38077300a&identity_type=UID&partner_id=200030133789&request_time=20160725095131&service=query_balance&version=1.0
[20160725095131]	RSA计算得出签名值：oNP8aLq1h4AWPcSYi+KJh/yxdX6OZFfMrtjBd3fX9+icyAGhTuQ3td2OzJnDp2NCCoLDmegvX5Ufsr/v3XHkzCJSC0Gnwm1AkWJ8V6e1skNnCAmd1nvKo/DEYRLAMz2fUwZdBUJpBWEBaDpKIdNPGD7r2OyQ0mN+yTmoEaDAcrk=
[20160725095200]	RSA参与签名运算数据_input_charset=utf-8&account_type=BASIC&identity_id=7234cd72579109e2314ddef38077300a&identity_type=UID&partner_id=200030133789&request_time=20160725095200&service=query_balance&version=1.0
[20160725095200]	RSA计算得出签名值：uKT8a+rtVHF8An3tGumcazgd9T0QXLRiGm1oDW9bi+G09rXmvVyq0OSlU926o5OZ7z7fgFj0TWTjepRkPrBkQMUAhAlVTm3UPj98IPTZU1LQNbU70FGl+WKM3mAIU/ubbMUmM5MQ1urzxl8QUVPeEKYGMwy+uTbuyphxo1vICfk=
[20160725095205]	RSA参与签名运算数据_input_charset=utf-8&account_type=BASIC&identity_id=7234cd72579109e2314ddef38077300a&identity_type=UID&partner_id=200030133789&request_time=20160725095205&service=query_balance&version=1.0
[20160725095205]	RSA计算得出签名值：LwFMSYYfu9GJ5SWfRrNZylK9M+t3YZVIpraSyCX0vquHKSMV15LYVa2txBkCFRtmxgWykPEQI2FIpOYNDzrd54xLs60yBQghswWuY93lk9v26wgKbwlzmEIdPKjRtRiAGIp5t1MUpVfXIwmTrgd1WQbxB38tRDek6ofP94HEmmk=
[20160725095957]	RSA参与签名运算数据_input_charset=utf-8&account_type=BASIC&identity_id=7234cd72579109e2314ddef38077300a&identity_type=UID&partner_id=200030133789&request_time=20160725095957&service=query_balance&version=1.0
[20160725095957]	RSA计算得出签名值：knbpfa/byLHRaMl2bqTWBmerjLhK5U2cpICSovWMpzgyua/Tuzs6tTcEFeBh7MDHTkeRTl/GTA9ewCKUUvMkl+DxrX2efkbizwsX+rRZm5zx6LXk2jjqlgXJocd7Rg9a4WdoxJblPrVTP5ZJFmk3nkkLfRRjpaC0Bgt9IeUzIc4=
[20160725100003]	RSA参与签名运算数据_input_charset=utf-8&account_type=BASIC&identity_id=7234cd72579109e2314ddef38077300a&identity_type=UID&partner_id=200030133789&request_time=20160725100003&service=query_balance&version=1.0
[20160725100003]	RSA计算得出签名值：C01rHY1XubXNQ+KtXpK2MnqAHWx509CjVs5lm7aJpy9MFpztAOEvn1GuG89kKpbZkruXzW9cTnY/02eYkkFulcL96oWI0aZxtaK10sfkhKAJY+fx2dDakoQV677+TFdPJQhRj69Y9CCGfiA4xpZty0u0N+adpBB+b6jLXsK1Fn8=
[20160725100028]	RSA参与签名运算数据_input_charset=utf-8&account_type=BASIC&identity_id=7234cd72579109e2314ddef38077300a&identity_type=UID&partner_id=200030133789&request_time=20160725100028&service=query_balance&version=1.0
[20160725100028]	RSA计算得出签名值：R39qE0POiNzTuRdV00oLsw5jI8XqS9ngLznG4JQaN2MM9tXNZh4UE9gKDrwv/NHfI6IhwTxigf4JdZ1040VzLYZOTg3Vcl3jIUpPWrwLKrisBFclZdzfUFSZhg1WUO76rJj9yhIK7rK7ZXwij4qr7aOKnGyDW8yGoeVJMgSQ+9w=
[20160725100044]	RSA参与签名运算数据_input_charset=utf-8&account_type=BASIC&identity_id=7234cd72579109e2314ddef38077300a&identity_type=UID&partner_id=200030133789&request_time=20160725100044&service=query_balance&version=1.0
[20160725100044]	RSA计算得出签名值：NUEf+lcuHBADSOE1Dbev6SbTZH5OG9LS9jWwlvU/DNNzzgxV9mi3XFSAI8v4qPcz0Htcozv/v51ty9EcxMdFfYBE87DDKgXNVBh1Y5H+Th0zipCFK8cP0lP8WvZaDPhODdjBUmCYgEU9se8EKVuD5bvaerVVczGHbe9KbrNRREc=
[20160725101125]	RSA参与签名运算数据_input_charset=utf-8&account_type=BASIC&identity_id=7234cd72579109e2314ddef38077300a&identity_type=UID&partner_id=200030133789&request_time=20160725101125&service=query_balance&version=1.0
[20160725101125]	RSA计算得出签名值：ti+neUdsjfpgP6rhDaP1/sNnVmuX2ZmL2NYKshBoA/F06Aziq44vb22rVgZq2A5ryAVLG3is9Zrzupr8KqZVgye6F0XYkCGwadPzEpLOBTjHW+gweUrgCk03sYTO5r23odOHYiN5sH99WI4WLcadTv+EuIvabHvuarpizdv+Z70=
[20160725101131]	RSA参与签名运算数据_input_charset=utf-8&account_type=BASIC&identity_id=7234cd72579109e2314ddef38077300a&identity_type=UID&partner_id=200030133789&request_time=20160725101131&service=query_balance&version=1.0
[20160725101131]	RSA计算得出签名值：CvIAtRedl7N+0LxlYPm9GP+V1vAhtyovwyep0svitZ6evjY2VlVXjR68OzxFy0WB9rKzyOWYi0rj3witrn71ealcI6M400Y/P0qQc2BO77WXmSDpwIjfuKahDky1UvJqZ0eO/tuGlFBlC17b8EmVQfuI/lbhs90DYaHpLoyKepE=
[20160725101331]	RSA参与签名运算数据_input_charset=utf-8&account_type=BASIC&identity_id=7234cd72579109e2314ddef38077300a&identity_type=UID&partner_id=200030133789&request_time=20160725101331&service=query_balance&version=1.0
[20160725101331]	RSA计算得出签名值：my5k47E/P63sPCXCTjCUxmJG4J13BaPakSR75nkz5RA+g/s8iI7JZP5S3qCdbARTyCTQ7pgZm+6xsBQhASrwYOybc+55einO0PVOEK9CjKNG55RfPlPGwPGCi4WSeqtu81+zrh/yogvgIxN+CuO0On/NxPjHNNmwuFd8G/92vaE=
[20160725101715]	RSA参与签名运算数据_input_charset=utf-8&account_type=BASIC&identity_id=7234cd72579109e2314ddef38077300a&identity_type=UID&partner_id=200030133789&request_time=20160725101715&service=query_balance&version=1.0
[20160725101715]	RSA计算得出签名值：mVlzdVE6+fIPvczoxsP2WInsVcYciXXO/6cwzZ3H8/hfi5xlclDjOphvm1bYhn9vT5apshQA9VQAxUTNdKidFtQTACwmrEKKfwDqNxiQRpR+O+4oy8l1CaPoly299UawcdGRA5Np26SDrCoRt4iurxUkwlYHR2MrcMhjUPlpm3U=
[20160725101815]	RSA参与签名运算数据_input_charset=utf-8&account_type=BASIC&identity_id=7234cd72579109e2314ddef38077300a&identity_type=UID&partner_id=200030133789&request_time=20160725101815&service=query_balance&version=1.0
[20160725101815]	RSA计算得出签名值：jXoVR3ZOOkRCIQoIEggr6+56py//t8QsHImYhqj2NQlBEaVqhtus4wBsz8Crhm3wKNx93XrN6vDh500LhU6yW5nUr5r7Bv2xAFxfYW9domWcWcCCFs14GrZwsJtNtR0KaHcBaWKYRjWKmDxfppmjGYhZrMW/OZ/6NqG+6qksTtg=
[20160725101831]	RSA参与签名运算数据_input_charset=utf-8&account_type=BASIC&identity_id=7234cd72579109e2314ddef38077300a&identity_type=UID&partner_id=200030133789&request_time=20160725101831&service=query_balance&version=1.0
[20160725101831]	RSA计算得出签名值：g3Xgisgc11ga9uAGMwp9GApSgzVA0k9Ont2Ssrg986ZS0+ai699SuS3likr8jcyvw9ZtYCaAqjH5IQyuYaTz5aq1t/mOM4UNFrglerOLwINIbFTChTuH4H+rruBqcGqaqreN5DluIpjfyoukBSCyPvb+zZ+UezeR3eiyOirDw7U=
[20160725102558]	RSA参与签名运算数据_input_charset=utf-8&account_type=BASIC&identity_id=7234cd72579109e2314ddef38077300a&identity_type=UID&partner_id=200030133789&request_time=20160725102558&service=query_balance&version=1.0
[20160725102558]	RSA计算得出签名值：e0CvRWxj/a7y4/sisur7BidmEfxE5Eq897aqi6FPGFR1NwJs4rQpYGKrsQWL3BwmwYvv2EqP1Yz0ULyCjBaai0EZrT3p1du5DoIQ+Pf/FM29wdADjwhWYUgu6L0Fk1jyIbwNB6+iXXF2SuUuMOSxoxy2/lnXwtig56RVtgRdXSY=
[20160725102604]	RSA参与签名运算数据_input_charset=utf-8&account_type=BASIC&identity_id=7234cd72579109e2314ddef38077300a&identity_type=UID&partner_id=200030133789&request_time=20160725102604&service=query_balance&version=1.0
[20160725102604]	RSA计算得出签名值：bSWrATzqR8WiuYHITNRLfFuc4NOdjpJeqpw6PTKUfMiKa3EfRXrwRfGV4cyVmEQA9XY36/ngTY1EiZCFg5PlpyBzeG1v//KjvR30T54ICnsHJoHjD5Elh1quYe23aw6fbG9RYjVGFwctoslXZr6dBZFBLAa22LZUAUmwLe0/XY0=
[20160725104539]	RSA参与签名运算数据_input_charset=utf-8&account_type=BASIC&identity_id=7234cd72579109e2314ddef38077300a&identity_type=UID&partner_id=200030133789&request_time=20160725104539&service=query_balance&version=1.0
[20160725104539]	RSA计算得出签名值：uiuSp2VfY+kygY568EAp5DrP+gZ0To0asPwU9CDgeWBmQt3mjjmdUcMTJ76O6GeG3vsXGf+4/cSztr+PD08o5srzLDq8XET/r7uiuIA/hPZ40hbZyfhlviSbQHtjnlzjwfCF3+g7kxujFSF71CIOJuZIhAOi1cvlbctFarNn5hk=
[20160725104544]	RSA参与签名运算数据_input_charset=utf-8&account_type=BASIC&identity_id=7234cd72579109e2314ddef38077300a&identity_type=UID&partner_id=200030133789&request_time=20160725104544&service=query_balance&version=1.0
[20160725104544]	RSA计算得出签名值：WLpfapt+xUuWGmWEXL4AvM9YyTqazEaF0YJQ4isiGRO07x3c7isKUFiJ5oWXqrsKXDc6AZc1jgUevQfd9o6N1FrDydE8VdGghEWH0yO5y/Sbo6OuS+7QsWxTglLxM8OynWHyWi9oebdGmhiABztxgc2sknTroxzvj7MDVwRwJ/8=
[20160725110431]	RSA参与签名运算数据_input_charset=utf-8&account_type=BASIC&identity_id=7234cd72579109e2314ddef38077300a&identity_type=UID&partner_id=200030133789&request_time=20160725110431&service=query_balance&version=1.0
[20160725110431]	RSA计算得出签名值：JAS4qVun2+ve0GNDostjie3PIIgshdPbX2U/Epir15tQKUXnHCJ0Dy6a13cUZHSPPBsDmMB7G/Gb/yHc3Nqyxts7anQrv6SZ60M86G+FVxyBld7djPe/t/oAABnCMJlL2lq3GEV2SHrmfb+TWrlHQVbqAoZldutCuKPikucpZvc=
[20160725110514]	RSA参与签名运算数据_input_charset=utf-8&account_type=BASIC&identity_id=7234cd72579109e2314ddef38077300a&identity_type=UID&partner_id=200030133789&request_time=20160725110514&service=query_balance&version=1.0
[20160725110514]	RSA计算得出签名值：u/Xv2Q95rSaS6LQS3VWTyethCIT5ZvlwD90ZHx6056l93u2r3mTXKHZxdpdBpw81PdfEazlLm+2kUZPDLjvHuRUsiSet8kYs8eVL1GEUHId60HEGXuaeOFpV5iUZRF/nYQNN3iUyIE9Oau/UY46iM+hT3SFBzSFhdfvvlqz7bjY=
[20160725110520]	RSA参与签名运算数据_input_charset=utf-8&account_type=BASIC&identity_id=7234cd72579109e2314ddef38077300a&identity_type=UID&partner_id=200030133789&request_time=20160725110520&service=query_balance&version=1.0
[20160725110520]	RSA计算得出签名值：hdYDhY8BSNy0CT6jd77/ZNGxnGQcJXrPFZhYt4oksGRR1OM7ki2oD54rrLPQSxAXUOXsVjLZDRE6NNAW3msF52E+ZgcLLWPQsiLytSJjmbf87peXQ1GMRq/F1B/6yys9v4Q3tud8HqsPmDsXSSzRvwImdBuJEXvGKByspD/X4jw=
[20160725152332]	RSA参与签名运算数据_input_charset=utf-8&account_type=BASIC&identity_id=7234cd72579109e2314ddef38077300a&identity_type=UID&partner_id=200030133789&request_time=20160725152332&service=query_balance&version=1.0
[20160725152332]	RSA计算得出签名值：KTHGGHYjc3x2sBsv7fXegN2gRG3yQgwFOOp3EnecyJ0clzVJcu3+5eB96oloRDveY+omurrVp3wQCWIiDs0Bzvb86jM66oi49NC3iG6+rVlmluSoAiidnaOamCt0UrmAJ4HzyhfcnXjQazteDXSAE45fnXnafG2Qpzp67GVJ2ZU=
[20160725152338]	RSA参与签名运算数据_input_charset=utf-8&account_type=BASIC&identity_id=7234cd72579109e2314ddef38077300a&identity_type=UID&partner_id=200030133789&request_time=20160725152338&service=query_balance&version=1.0
[20160725152338]	RSA计算得出签名值：v/VCnRGkmrcWgK28gFWwFlmd8z2XwFjQB+aCdy0PwKEUeNsimB/crPyLYJufYe+dzXFj3lT8GonGDp2KTMXux6QH3sK3XWYkNU+/XVRVylW45n2JnlN3fZtbzNln326IKoKnNXarG2Z2VR7kYpHa9dChRW9ISV9KV5wGGV0MnnI=
[20160725152358]	RSA参与签名运算数据_input_charset=utf-8&account_type=BASIC&identity_id=7234cd72579109e2314ddef38077300a&identity_type=UID&partner_id=200030133789&request_time=20160725152358&service=query_balance&version=1.0
[20160725152358]	RSA计算得出签名值：FGWN5T7tGwatdf7/A3WV7e+vcQ6ialBsPtAHmSn6Ahc57gQHYY+btrniXT1/WK17k49acpyhfajXZsGsJbTVNVs6WfK+DBzHCl4n8tBQqlJl3RxeHfxYBfETKOrh7xhX6gpmU/IkGqAguyU4/kyZ7xZxY9sAFSnw6cG7VLihz10=
[20160725152400]	RSA参与签名运算数据_input_charset=utf-8&account_type=BASIC&identity_id=7234cd72579109e2314ddef38077300a&identity_type=UID&partner_id=200030133789&request_time=20160725152400&service=query_balance&version=1.0
[20160725152400]	RSA计算得出签名值：oyjBQDs6sTOIA1lwEEOXrGcdXmCqKzqXFF3rFDbtFakPSA48ul2SxYVwUI6cY17x4hT8EMrNEcfHyMAffCn8oLJXTBAGK3baBZKvtS6qd4i2INDvV1TR9MvNcRNxkZTiAy+azXgCczxEjDCjr5T31+AwmZWrdy15DL8y+MncTx8=
[20160725152447]	RSA参与签名运算数据_input_charset=utf-8&account_type=BASIC&identity_id=7234cd72579109e2314ddef38077300a&identity_type=UID&partner_id=200030133789&request_time=20160725152447&service=query_balance&version=1.0
[20160725152447]	RSA计算得出签名值：P410guU0jpReJWk0vvFw42DQ5j1+Vw272zITi67GTJJrmmp6J35WCTGuuBOsbS3cAxvVOADTu24PCp2GyXGvpESxM8pcCPqs75lQyipVhRpBnPNwufKAVdaA8JNDUeooVhuxrzLIhtq1BuQyW9rqzVR1wEZxzg/yBv7wDHt9fKY=
[20160725152548]	RSA参与签名运算数据_input_charset=utf-8&account_type=BASIC&identity_id=7234cd72579109e2314ddef38077300a&identity_type=UID&partner_id=200030133789&request_time=20160725152548&service=query_balance&version=1.0
[20160725152548]	RSA计算得出签名值：X4GYldMAOfTowUeEInCZ+A10oHR+l5SfWjzMJsFskMaIhi8IOrW7a9cKXWM+b8xsD35fCP8uPlRxgu+3sJ9aIXXl4mxpt+lnXPA8k2RPIMGSgCESDGVnamXWZy1SoMZglKAPp9GV/Dh7j26VZZGzYudCH0QEXkSRoTXC0iTZYHE=
[20160725152552]	RSA参与签名运算数据_input_charset=utf-8&account_type=BASIC&identity_id=7234cd72579109e2314ddef38077300a&identity_type=UID&partner_id=200030133789&request_time=20160725152552&service=query_balance&version=1.0
[20160725152552]	RSA计算得出签名值：lGULaxgP3v2E6g7GvY8cmcqS9sIybuB9mQcai6eyTgZDzZlVk/aCw4WK1PRMc+VOKvx3IRr+EVA/QmkWme9UxCg9k6ccNANwglEsy7PlYyw3HX5w3x7nxdXUq0Ip/1h2n8cp4uE2SHcGbWEL5WbttRU60hcvj/XNWEKVgR00j9o=
[20160725152614]	RSA参与签名运算数据_input_charset=utf-8&account_type=BASIC&identity_id=7234cd72579109e2314ddef38077300a&identity_type=UID&partner_id=200030133789&request_time=20160725152614&service=query_balance&version=1.0
[20160725152614]	RSA计算得出签名值：ExAg0cESvlRRLd511NfTMJzzcM0Hrdu6jzP3S4fXFh7ZJua0ik7oCz2PmCyaDZ2yC4zzAD10u31Gl0k3YO2CkBPB6vVteZsyUcn7oWTaPULvPeo+4oxlr+ZFRlvUeBfzatgEUtkzFiptSX1cBEP0L3tWTcS8Zhiz7VQvvmtrfjI=
[20160725152714]	RSA参与签名运算数据_input_charset=utf-8&account_type=BASIC&identity_id=7234cd72579109e2314ddef38077300a&identity_type=UID&partner_id=200030133789&request_time=20160725152714&service=query_balance&version=1.0
[20160725152714]	RSA计算得出签名值：LLwPzPUfR3Giv6tN4EFvQC0Qgk6+XeSjAah372H18853Aoz6slJMi1PwOJQerRHwZPjtKIm5EGJVYhKIY4jjEsMUXD2lZEYjodCDVz1+dzTI70qsq+GVo+CyzVWZ8SkWmQtL28wt/9pRcFb2iWEhFcp+kIUAshjkwsI4n674+Xw=
[20160725152744]	RSA参与签名运算数据_input_charset=utf-8&account_type=BASIC&identity_id=7234cd72579109e2314ddef38077300a&identity_type=UID&partner_id=200030133789&request_time=20160725152744&service=query_balance&version=1.0
[20160725152744]	RSA计算得出签名值：BZhBZSz5OxA3NDhPjIEVl/nWZ60pCfWx8MzQT5QinzQT757lYrHqu/CgGrsqkX4zli/dYs1MaJ2Qn1dRm29Ixhz5Lde5PrVIpzj56UcRExGN8X/09/7R7iJDB90oxxQeHRT+zrtL2QwZ7hhQ7Da57beybXV9EFRZ0xn5pcZBJNA=
[20160725153136]	RSA参与签名运算数据_input_charset=utf-8&account_type=BASIC&identity_id=7234cd72579109e2314ddef38077300a&identity_type=UID&partner_id=200030133789&request_time=20160725153136&service=query_balance&version=1.0
[20160725153136]	RSA计算得出签名值：fxEy7yAsqgjcBhYsenypMSsBQn5R7upoOROYcrWWnzPw2up4p6PnOv+0rN0Y0+MbEMjdDHjxHFZ2QA6Xi5Eg6Crr5OUZ8Fn5oNiUSFTIBT4wB522gj3fIuwa952UlBlXkmiFABM9D0ERvJce9+SDUFSuC73Abf+Fmy/pwyr8pcE=
[20160725153143]	RSA参与签名运算数据_input_charset=utf-8&account_type=BASIC&identity_id=7234cd72579109e2314ddef38077300a&identity_type=UID&partner_id=200030133789&request_time=20160725153143&service=query_balance&version=1.0
[20160725153143]	RSA计算得出签名值：t9qn0048gj0OAFRKzRV0yV0ZXajbsvilO5B1KJFGhNbfF1SaEImFKNqaxG1HDzZEE0E5fAjSHbu6VzmY/FA0B7gcXvVRgcE84CigsiAfWR27BWCN39Uid5ozRMOy8/mmbx3Il6H/rdnN0aKGwwm98E48C9RwPQudt8YSS4k0Y2k=
