[20160718091237]	RSA参与签名运算数据_input_charset=utf-8&account_type=BASIC&identity_id=cbcd9e4ab1639fa42e656775cc0b233e&identity_type=UID&partner_id=200030133789&request_time=20160718091237&service=query_balance&version=1.0
[20160718091238]	RSA计算得出签名值：jFj2OFeg/MJS8uLhHlSX4xJ3mE8tUuwKmzIUO1Ye7Bv2lIBQX9nYi6MyJS/qPTWEHxpKHfGgQBkgv7el7a94kLJXdKo2jmy2NQFDLW8UZaOnu0ggZNbB8ajSwppaaGlz5Tfr9Se8U0TSvXcATvTlUujPRzkCeAKkRTz2k7Dwz/g=
[20160718091306]	RSA参与签名运算数据_input_charset=utf-8&account_type=BASIC&identity_id=cbcd9e4ab1639fa42e656775cc0b233e&identity_type=UID&partner_id=200030133789&request_time=20160718091306&service=query_balance&version=1.0
[20160718091306]	RSA计算得出签名值：G+8Ob+/dtLwWzchHx5rAgR0/fOfxwRVBW1WxA2KJhTzYdVF60sCrqu34hlB6azOgqTzxevqi5lP9eiv51GKqwHrSKHgm+XC1Ys6Wm129MlaAp5EOPxJtMyvbaMmFtS2kubr3DoKHpT7r3Htz1u/Ds/5yujtuMjoMrxk6F7kv14Y=
[20160718092651]	RSA参与签名运算数据_input_charset=utf-8&account_type=BASIC&identity_id=cbcd9e4ab1639fa42e656775cc0b233e&identity_type=UID&partner_id=200030133789&request_time=20160718092651&service=query_balance&version=1.0
[20160718092651]	RSA计算得出签名值：gbxs7yMa1nS4ptoMJNQbXqCNfzX6cHvCcK0442S0ZyFZf0hzB7KaBT0AZQ3GSddfJPgPmslOfm+sezTHGWHofd5zZJr5OixpJXexExG+pcH+MrN9P/jzKkX1Bpm92aCsz5BQhlCLyFbZbCQBAXogHDOgxdzgtU5AFBqPFq6Rz0o=
[20160718092838]	RSA参与签名运算数据_input_charset=utf-8&account_type=BASIC&identity_id=cbcd9e4ab1639fa42e656775cc0b233e&identity_type=UID&partner_id=200030133789&request_time=20160718092838&service=query_balance&version=1.0
[20160718092838]	RSA计算得出签名值：Mru1QgVNRp7wl+IdLlZvx7teRhVe6/PRI5JCYjoIKjGnui7l0QYkVWOaQVWt3uFo6wLxvNdM+ziDdnl3v5Qrdw39aqR6mjC1LRgHgJJQxpJCR+AOOHseGDVJduDpdehB5eTexMTIndXVeVDmu5vwTnchWuIJI845MSBOjcFzFUM=
[20160718092848]	RSA参与签名运算数据_input_charset=utf-8&account_type=BASIC&identity_id=cbcd9e4ab1639fa42e656775cc0b233e&identity_type=UID&partner_id=200030133789&request_time=20160718092848&service=query_balance&version=1.0
[20160718092848]	RSA计算得出签名值：wOySOTH4Of6UEmKrQA8ZMdDK1vgBirnGLKl5YIiSvBBBwGYh0neYWkES8Ph+dEpLePjG5dWnTgi2GaTbpQ4VFPxg6WA94l/7T00NFOZ+1NCxWIkBSUePiTfGgF8UR2q5Ttp7OGJQ6R6B9i2SjI/PNoY9dl02r9oFbkhnValRRdM=
[20160718092906]	RSA参与签名运算数据_input_charset=utf-8&account_type=BASIC&identity_id=9095c4da4524cba1f44cd69b7341c751&identity_type=UID&partner_id=200030133789&request_time=20160718092906&service=query_balance&version=1.0
[20160718092906]	RSA计算得出签名值：vamKeMbup7BaDr5xJposVVLZozQqKgtOPuYWCQEoHCmFgkfnPtf3sS04QlBYLGKBDxHbsKipQbcXwX3IsM73R4MZVsmtWtP2dKalFHvjC/uQoFyEF/F7Jtvhg2DS79QEWWLV17rUiu88N8V6lkm+b7li4xkvLx5swXdvtrzE8UQ=
[20160718092917]	RSA参与签名运算数据_input_charset=utf-8&account_type=BASIC&identity_id=9095c4da4524cba1f44cd69b7341c751&identity_type=UID&partner_id=200030133789&request_time=20160718092917&service=query_balance&version=1.0
[20160718092917]	RSA计算得出签名值：CR+d5e9PBbFFQYSo3EAuzfynCaj5YV6hPQ4kW0YcEGb3ejA8aEly+foBRNTztki9RQM6+1fpi3dsshTWssz/m0d9jsHebF49uKM2DXYnvngCFY7DNeQjQlVI8Q5GfYwjsv11n8hik41hNPVuH5pAABJIpam13zZrXAG1Dog441M=
[20160718092925]	RSA参与签名运算数据_input_charset=utf-8&account_type=BASIC&identity_id=9095c4da4524cba1f44cd69b7341c751&identity_type=UID&partner_id=200030133789&request_time=20160718092925&service=query_balance&version=1.0
[20160718092925]	RSA计算得出签名值：gSZG4Y6G9sDL8vfwTknwcEJIUQjI0Jb6HK9mRYr74zKnw4irBScRjfoWS0biI37OoMwsfERgFg7BWDq/PJuaMD5m8Xs3b41fIX7VGMbL6M6OF/Um4XYsroVNpExpNQPTgNfMmEUqWC/tnnj8XzL7jZzzwcir06hzxHp+3+OyGNY=
[20160718100717]	RSA参与签名运算数据_input_charset=utf-8&account_type=BASIC&identity_id=eba280ba99c5ee9067b320a0b413a03b&identity_type=UID&partner_id=200030133789&request_time=20160718100717&service=query_balance&version=1.0
[20160718100717]	RSA计算得出签名值：YNHacZMB6A6pYMRv0O9OpcH6rg+WtgzKTfXYadaxQPTOlsa7JAZ7N2I0CD+by7HZC8LUFc/Ibh9YawxBcmQitAMgpI/apDTC/wE9bt8BeKSBryXARlGuNAOrNdLkMtd54UEGtWzd/kqhY5wHixd133DNf0lOjwKzs7ThfaVGnBo=
[20160718100723]	RSA参与签名运算数据_input_charset=utf-8&account_type=BASIC&identity_id=eba280ba99c5ee9067b320a0b413a03b&identity_type=UID&partner_id=200030133789&request_time=20160718100723&service=query_balance&version=1.0
[20160718100723]	RSA计算得出签名值：wm5wpLxXzTBfMWOlHEhU/HnejrS0lK9eQlvk0ECsKOfMDdQGcL10wRecVIFzzZxq+cTipAJOyN5ZLf0M7h86J6xd3jG1g/0irPi9cIeewcOJRx5XSC/oWYvrtFoRcxDzxSfNGTdrXTMrmozzpSLpEMLywJ+j2Wn+qw28dUMwbvs=
[20160718100954]	RSA参与签名运算数据_input_charset=utf-8&account_type=BASIC&identity_id=eba280ba99c5ee9067b320a0b413a03b&identity_type=UID&partner_id=200030133789&request_time=20160718100954&service=query_balance&version=1.0
[20160718100954]	RSA计算得出签名值：kxXRbFJ1hEHrn+HXBjHQNq2tE+8VcfGTXR7BXp3+Xbp8VNYbG0DQCQWs7cQC6ZihyBUUsYVIeEkMvkdZOL3xvc0D3sWQ6X+cpyIm4CD480r31qj04RliAIHWwHGuKx6WApdQEQTKVFoWfk7KxO3D+2sTXG1Bv6sy63FPCUXI2XI=
[20160718101003]	RSA参与签名运算数据_input_charset=utf-8&account_type=BASIC&identity_id=eba280ba99c5ee9067b320a0b413a03b&identity_type=UID&partner_id=200030133789&request_time=20160718101003&service=query_balance&version=1.0
[20160718101003]	RSA计算得出签名值：m2d0n38ISdMM9J7cF9cSjzvmDijGPJVroHSf/2VAtmp2Tnhc2g4zgX2vKhlbb5ekReu1kZo6OWWb9d9fZKToekbaeutMI/OIexX7yNUi3+ZNTGJt6WMhZmJeFBaCGibCKKPnQvYYdDHYhyVPormzlb+Qq9CS0VwrFT5a1cvUicM=
[20160718101043]	RSA参与签名运算数据_input_charset=utf-8&account_type=BASIC&identity_id=eba280ba99c5ee9067b320a0b413a03b&identity_type=UID&partner_id=200030133789&request_time=20160718101043&service=query_balance&version=1.0
[20160718101043]	RSA计算得出签名值：qC484FYDp/bgg0NZE1nTggJfmH6Q1hAmdwoE0KPTvvjU707nZ0bk0APanEyaf4W/m+EiLhtiVggPzv1EfE21j6tMHSxJ53/YDD4+x1+lVCxyLFfGUTRFTeNRLpC7eVigeJPna4AFQsO4Yvh5jhXpvziv1wnjbSTmYeki+YQX7YM=
[20160718101651]	RSA参与签名运算数据_input_charset=utf-8&account_type=BASIC&identity_id=eba280ba99c5ee9067b320a0b413a03b&identity_type=UID&partner_id=200030133789&request_time=20160718101651&service=query_balance&version=1.0
[20160718101651]	RSA计算得出签名值：FuGlGVEIklUWT+9ISZgSUnHFM37c/NJfdFG4BooYjuTVqqEMvd4lexGiRcVTL/nFd5MAqXukZqifx2b544U6wH43ytkw6xrdch+fV6ETqjjl2r7mcmmeyxTnQx7CdWSiMRgfE1jQMgGFelxsjp0u5BIR7iMjJB5nwQKkfow9Gco=
[20160718101844]	RSA参与签名运算数据_input_charset=utf-8&account_type=BASIC&identity_id=eba280ba99c5ee9067b320a0b413a03b&identity_type=UID&partner_id=200030133789&request_time=20160718101844&service=query_balance&version=1.0
[20160718101844]	RSA计算得出签名值：ca441EdVBi80P9gMcZ/lgxy3clRcWYAAlUcvWbQ3kER3OFyn58vlD2FWEV+kwMcBriYRK1puGGRnabKg4GtwaH78pJK8TJQPLDx15xpqfnFNF0G1s0T7h2TTDKb0djb+4Ob5Q/V2WbgRGiYO5cbaksEejbXqECdC3VaYqPv68TM=
[20160718143511]	RSA参与签名运算数据_input_charset=utf-8&account_type=BASIC&identity_id=ce1295ea2fc138bfbb679442e0c7a5ac&identity_type=UID&partner_id=200030133789&request_time=20160718143511&service=query_balance&version=1.0
[20160718143512]	RSA计算得出签名值：qIOTT1EhiF9V1UtJlA25ledjUCF6C3H7niHqK2DvJZVSAG3Hnee8yoHjrg7Xlm+Qgx4NbykoNaUrSE0VNlCk5pbJOVvPuvNMunC/rzrgF9SiPJoGyvbat0QLrYqtCPxUqOjpmrIUzbGv4H/BxcivsOm+oTOopzgAgKQwBGiRmtQ=
[20160718143520]	RSA参与签名运算数据_input_charset=utf-8&account_type=BASIC&identity_id=ce1295ea2fc138bfbb679442e0c7a5ac&identity_type=UID&partner_id=200030133789&request_time=20160718143520&service=query_balance&version=1.0
[20160718143520]	RSA计算得出签名值：IVLyDOJN/VaGgc/bB3b3R9/U8D1Un5253uiELDTWWoM2EtY05nwqV82HGFtC4wtMTbtRlQDwcy0IHRvrhSDU5tjtJb7CNTsk9mhPpCI9VjNjcN6jaZ/cHLRog0vRt+uju4gJQ2D6K3S0m7iDZb/3JLEGd1u1kPqmYxkUtKTpaoo=
[20160718165639]	RSA参与签名运算数据_input_charset=utf-8&account_type=BASIC&identity_id=cbcd9e4ab1639fa42e656775cc0b233e&identity_type=UID&partner_id=200030133789&request_time=20160718165639&service=query_balance&version=1.0
[20160718165640]	RSA计算得出签名值：U1HFNncQmDeYQS0JD9WSLjSR/ZsibcS4pzHEbRkBCZ2yehXR2/v4LK5QmOgAhqzQ8EWWF0uOUkaMVHVMRaQ4ruH8oDizNIeMRUU706O/iToP/WUh9o7100v2lfGKrX2g4rcT+1fbpPsxt+bdQc46dYakQSzMXQ4vT9YigEHLQ+I=
[20160718190534]	RSA参与签名运算数据_input_charset=utf-8&account_type=BASIC&identity_id=eba280ba99c5ee9067b320a0b413a03b&identity_type=UID&partner_id=200030133789&request_time=20160718190534&service=query_balance&version=1.0
[20160718190535]	RSA计算得出签名值：UFza9CRJLgT7fc6b3OwuDFtTjGIxg3p6saVyF79QR1auo5Ikr5aOj7rg5hJuwZzUEdc7WE2y2K/HCCTyboyAnLkyiGtfzXIT5pFa73bQAJimljsdu3wso5xiLEgQXPnAqMUvJ5xzpZdKFr3EiOsL3j3fI5fXf5q4wkWYLz5u7aI=
[20160718190630]	RSA参与签名运算数据_input_charset=utf-8&account_type=BASIC&identity_id=491ea52ad8800f921580d2eeedf7ecc9&identity_type=UID&partner_id=200030133789&request_time=20160718190630&service=query_balance&version=1.0
[20160718190630]	RSA计算得出签名值：FJT+fpQyB3bucjWUSiPOqLix5C+cUzc6UFEy2fBOBMt6oK0vzYhH1yWKkVH/oRpr5pXMfwBV57L+qrye9VN2PISJQhF/L22RuQwvcqel7I4udxL4Hvxo0pTVbbWoe96Jwmucgq5PIpoSL06gTgxj1DwZ9jd3ShQDFFfzXR4biq0=
[20160718190636]	RSA参与签名运算数据_input_charset=utf-8&account_type=BASIC&identity_id=491ea52ad8800f921580d2eeedf7ecc9&identity_type=UID&partner_id=200030133789&request_time=20160718190636&service=query_balance&version=1.0
[20160718190636]	RSA计算得出签名值：jWgf0KOw6EfZTJDgqpIoZcr8+s5k1MwnqYQc79iNntuLi3vcwChZkZ8M3ucaFG0No1bc/T+zK/D/hDGAzNrV/X3PXWjRGhIwq3OHUznaeS99lxodeIP1VB9kOGjB5cbZNyZs5SP9imaVY9yr+zIBHIqplIDOWqFKKdkTjhhIYQY=
