[20160801015031]	RSA参与签名运算数据_input_charset=utf-8&account_type=SAVING_POT&identity_id=50652b703b62a54e9680aa870cf2d4f3&identity_type=UID&partner_id=200030133789&request_time=20160801015031&service=query_balance&version=1.0
[20160801015031]	RSA计算得出签名值：bRMOnZQwY1K8ntY9iiRLjY6op06FADhj/Azsc2MtLeygEsoq61cptojLPOpfOVZOTcqXbEaER6+wK+PrqoQVAQ/uyUQ94LYLqXEcUuV3NPxBStdGu+uJ3wwDhbGC589NLjmuAQ/YwTt/gnXLt+p5A3unlifJWt7Juixma6FIlSQ=
[20160801015037]	RSA参与签名运算数据_input_charset=utf-8&account_type=SAVING_POT&identity_id=50652b703b62a54e9680aa870cf2d4f3&identity_type=UID&partner_id=200030133789&request_time=20160801015037&service=query_balance&version=1.0
[20160801015037]	RSA计算得出签名值：GWxrEzinoYvximjUjIHmp6TbMhw491IaQWxnXljQm9c5bgusBR7h3KXqi+MSFU6mUKcSnyPq8z7aAQ/6sfiZGdZ8AVBX+ptYDZnslOTJOAsiLo8aGDaomF5lPnDBLF9TZcj3OKcBpqL9RmWfd/wiYjK6xNVCUQ12j5iWCFweSUs=
[20160801091752]	RSA参与签名运算数据_input_charset=utf-8&account_type=SAVING_POT&identity_id=ed743c470eb025113353e00734ab3c72&identity_type=UID&partner_id=200030133789&request_time=20160801091752&service=query_balance&version=1.0
[20160801091752]	RSA计算得出签名值：M7CZnUOPFIVwRNhJLPaEW7j8WfP9NMfzm5SI1iM4zAQMUGOAbtIZrZhbwNPSS3CMGyPdzMJ6yJuGgItguxgQ/u5M9BfHjKC8MQyHxMWSGRtXazsSaMvz94WBEr/DfaRA7UN9agEBIpyWSyLow1vDE8gJcdTNx4Ruy09vFVKCCnc=
[20160801091758]	RSA参与签名运算数据_input_charset=utf-8&account_type=SAVING_POT&identity_id=ed743c470eb025113353e00734ab3c72&identity_type=UID&partner_id=200030133789&request_time=20160801091758&service=query_balance&version=1.0
[20160801091758]	RSA计算得出签名值：pXh5pVDy4rmG5CWVngxl5Mahgo4/gsAIft+QIWI29QcDVXNjDoj5kq7jUUDik6FdEtxBCG6zEtJwmBBgL1rEdFCJ3TDyW8CMZgXpI8h5sfxs0kJyjewyyzUSwYbn0T5C6XeTk/RE1Lbh4DHYxcco925RpnFP/y9m+I6wQ4J+YCg=
[20160801091804]	RSA参与签名运算数据_input_charset=utf-8&account_type=SAVING_POT&identity_id=ed743c470eb025113353e00734ab3c72&identity_type=UID&partner_id=200030133789&request_time=20160801091804&service=query_balance&version=1.0
[20160801091804]	RSA计算得出签名值：GflSq/v9CPLoD7UNft9eZYkKyQbSbQPOYN7ojFrfYwT6GjRwWgQD2EbnxonM3V0FfymrlbJVd/tBTdarwJB8urcWUkVl8Kpfe60PAFZ6L6BAgdV2Pe42Yn87HNgswUW7S36sG267e70Agq81k8U2JomhqsjTN3DknG6sjBKWt3E=
[20160801091809]	RSA参与签名运算数据_input_charset=utf-8&account_type=SAVING_POT&identity_id=ed743c470eb025113353e00734ab3c72&identity_type=UID&partner_id=200030133789&request_time=20160801091809&service=query_balance&version=1.0
[20160801091810]	RSA计算得出签名值：juWRtTlFvFIbFpyLQzklFE11//AcoK4VSQ9ZLkI5vFPsRumpylHdgfP2GyNL1RaqPFZPLRJBMdEKK4C+tLutJNKSOVPtlg2MkeUplyYZeVbsg6hIuT/GbiUOlWKGLJeQgiB4slG39+5ykLy98MGUODh+4mOr/SmeN3/1ImA2MNc=
[20160801091813]	RSA参与签名运算数据_input_charset=utf-8&account_type=SAVING_POT&identity_id=ed743c470eb025113353e00734ab3c72&identity_type=UID&partner_id=200030133789&request_time=20160801091813&service=query_balance&version=1.0
[20160801091813]	RSA计算得出签名值：MPn8L0cJOyyQPDtRgju70XLBcSU52yY4jukBCPL67uKVMT4zwDUP4XMk6SU5TTf2mLF/7bYHDRAHPHYN/yzAVnDPPH7IRTfTCcy42PmATrib+aPP+tj4TOQTnd64N62lrqV7zhGvZLsfUs8Uv+1HK6PkKibsVjBNLBOTuImJ/TY=
[20160801091845]	RSA参与签名运算数据_input_charset=utf-8&account_type=SAVING_POT&identity_id=ed743c470eb025113353e00734ab3c72&identity_type=UID&partner_id=200030133789&request_time=20160801091845&service=query_balance&version=1.0
[20160801091845]	RSA计算得出签名值：I7hIERgGpXDxMjkHMCgE+RtljM0tRoCs2RANh2rfcw+td81FY+1onW/5SBj8XHEyzrPZd3NYbxMSCWU46Z3xlHJre+DXDYmRREtDfgg7zRnWC0Bml3RRBfvWNB7zKCBerDH3YUetT/PyZEF6FhRK3TaNN3Zm7kEzhWM+jsNzsg4=
[20160801091851]	RSA参与签名运算数据_input_charset=utf-8&account_type=SAVING_POT&identity_id=ed743c470eb025113353e00734ab3c72&identity_type=UID&partner_id=200030133789&request_time=20160801091851&service=query_balance&version=1.0
[20160801091851]	RSA计算得出签名值：SVhIu6yV/xXoLWA/UlODX/nafXhEP30TXwJPapIKpHf5D13U6u6Cy2xWOF33dwjG+q5lEW+Dickko9LfA/YtaPb3sutjtERxA/h4dH1k03v4XR7kHWFhZuL/2RjigitUM6dJnMlHwj82ftC0dPMgNH8WgLYzLNMe7DwZjzSyW5I=
[20160801091859]	RSA参与签名运算数据_input_charset=utf-8&account_type=SAVING_POT&identity_id=ed743c470eb025113353e00734ab3c72&identity_type=UID&partner_id=200030133789&request_time=20160801091859&service=query_balance&version=1.0
[20160801091859]	RSA计算得出签名值：jvvm8JiwOMp3oXV7BDIwKzqkq1413RiVjxARTFSAWzej5Mv6YfZsKXJKhQtr8idEat9+LGIrRUEx1S4Md52iToFqTAg+MynUrq3RTLkh33UIR+tr1bExARfxpVTwP0rMvgdH4t/zZJmhmR+NoDY36k+zq+J6u8zr/Oefd00gbBo=
[20160801184419]	RSA参与签名运算数据_input_charset=utf-8&account_type=SAVING_POT&identity_id=50652b703b62a54e9680aa870cf2d4f3&identity_type=UID&partner_id=200030133789&request_time=20160801184419&service=query_balance&version=1.0
[20160801184420]	RSA计算得出签名值：jNgS883qfZuqgiu+nMnyMB4nXx9b95eMQCCxZ52hcNsytqFZjuiOYDqcqgfbID8dLIHSoiKFsvVzRVllaVpvr+tkc2O+3XmozKLHjF9VanpNrG0fpDtMvkRKN9kk0H8hsMLyN+SbAvsAKyzJLH9wqSUNG18NQg8Youppjfhbd7o=
[20160801184441]	RSA参与签名运算数据_input_charset=utf-8&account_type=SAVING_POT&identity_id=50652b703b62a54e9680aa870cf2d4f3&identity_type=UID&partner_id=200030133789&request_time=20160801184441&service=query_balance&version=1.0
[20160801184441]	RSA计算得出签名值：VRV8kf1Ze9vNLSG8pB9Ku/MQ570K5/7o8HwD+BqsFz06YOyUpnr4mWGOiGYT9at2YwcjLO0YqLJeMCY8OTrNqt70wi6y1/dAzuI6dwH37FUCxzVNCLwbY+9tx1iSjOTxUQ10Pa8JmIA8bzLrk01CRbiZNKTeZbIffCvu22768Sg=
[20160801184446]	RSA参与签名运算数据_input_charset=utf-8&account_type=SAVING_POT&identity_id=50652b703b62a54e9680aa870cf2d4f3&identity_type=UID&partner_id=200030133789&request_time=20160801184446&service=query_balance&version=1.0
[20160801184446]	RSA计算得出签名值：W+z3QCKvTJZ6oDJiywJyKcSm6Jb3bBhQ3uYE4QilyACL4oXypGARzd7aycWpNYjtEp3NZ6bKmI/oZeoFN09raUxI12WrV6EzmP/GbnDnOSjQtM9BnFpHHoyFf4YpM62j4T71TS0OIqyfb+9dA1C+VKQHQpW2M1uSEiVcxcYr4Zg=
