[20160714104717]	RSA参与签名运算数据_input_charset=utf-8&account_type=BASIC&identity_id=1bcfcf44c158a48d86e7acd5c5a623ad&identity_type=UID&partner_id=200030133789&request_time=20160714104717&service=query_balance&version=1.0
[20160714104717]	RSA计算得出签名值：eImOTSJWzOEdQK8Vw5Ayjyd7thB3IE7ZgVKchal0Voc+zju+VU1u8DLy6KALDLN0IvCiiSRPz5cEjG6c0Ubc3Grm8v174xq7ukCAwwkz8+vK3ze8j9Plf7hFFGz1cBbYzn9NxnZo7USvIJ38hpfceJw4bt/RKBycqARCQDIr8E0=
[20160714110138]	RSA参与签名运算数据_input_charset=utf-8&account_type=BASIC&identity_id=ed743c470eb025113353e00734ab3c72&identity_type=UID&partner_id=200030133789&request_time=20160714110138&service=query_balance&version=1.0
[20160714110139]	RSA计算得出签名值：WFQSzP7sGZAH7Vw3vU6OeFJ4aAbafqLlop5TMthgOhUaO/KtRdy8mCpi4iro9YcVAyPiWQbQyUGNUBVMBenkVYjswUTjSSdpdk0cyZNQW3CtW6+dSk97v8oJw2TFR8OcGes36Ob3gFkeekCn1ZaSARzm9JVx0d/yxVwtHFGQaPA=
[20160714110221]	RSA参与签名运算数据_input_charset=utf-8&account_type=BASIC&identity_id=ed743c470eb025113353e00734ab3c72&identity_type=UID&partner_id=200030133789&request_time=20160714110221&service=query_balance&version=1.0
[20160714110222]	RSA计算得出签名值：nOlOVIMtidLfTapbFB86Ta1t6RDW9NrGEXfOmLkthbvgHPu5zZr9cp9GnuswFrp0ImcLwAXeuAxKTvl9CkuGykcpgr4vBJSraWhzX3u0FnsskjmMEHiA1heYeSliPqWtcBOWixfeLVJmm+UagqGUXudn/p8q1EV2PZiExSGO414=
[20160714110229]	RSA参与签名运算数据_input_charset=utf-8&account_type=BASIC&identity_id=ed743c470eb025113353e00734ab3c72&identity_type=UID&partner_id=200030133789&request_time=20160714110229&service=query_balance&version=1.0
[20160714110229]	RSA计算得出签名值：gkt4V1QYxMqoLLlpgfo2/6CahsTU3DZu3iMA+DZ/M45bUj4WaISaL6rjONiqr+TqU+3HYtYCLgwcxWPec8qrKwK63RYHfkR6QCFZjQ6WbaNl4kZv3eHYZpZO8nqxmUoF6MMyAjGtIVWqmnP+1vRfUb9ziVouiHDUQu6kRktL4iA=
[20160714110253]	RSA参与签名运算数据_input_charset=utf-8&account_type=BASIC&identity_id=ed743c470eb025113353e00734ab3c72&identity_type=UID&partner_id=200030133789&request_time=20160714110253&service=query_balance&version=1.0
[20160714110253]	RSA计算得出签名值：a5tpeYiV+cMQwmPF7xRqx+Yneu11mPCvLUsl59li7v4tj+B0E0fWFIZYnh+JGQeD0HntZgA4rZ8xh2MEBLZDppUI/F8dZSPPkmJ0PY36ejPM5UBOI1E/YLbdKtlJB1gM22wWVK4VESzu+eS4vGqe2+QrxGKKlahfwLSChVVvr1M=
[20160714115307]	RSA参与签名运算数据_input_charset=utf-8&account_type=BASIC&identity_id=ac9a185000b1c3ada6ace23c15160e86&identity_type=UID&partner_id=200030133789&request_time=20160714115307&service=query_balance&version=1.0
[20160714115308]	RSA计算得出签名值：hbdhFwO9ENFeILN/Pywe1OVxRMasEbHDB8PdjkWk6Ly3drEH5wWuJ9xKLJpfYuFlBQgiefJewxcuIvXwGSXnV1WMyFCvyPHZK05doLZUIAXm7J4+D638hFrgTQjdVcnsQc/CcWfMs+Jp66RarFuZxqk2iVLUqUjgnZef6aVimgU=
[20160714115318]	RSA参与签名运算数据_input_charset=utf-8&account_type=BASIC&identity_id=ac9a185000b1c3ada6ace23c15160e86&identity_type=UID&partner_id=200030133789&request_time=20160714115318&service=query_balance&version=1.0
[20160714115318]	RSA计算得出签名值：jO3VlkYKvmBEiVhUapEnXsQjAVBLkX2ShrbFtkLn50Yeiu1vPqgWRr7LJjvro/Wdo7dmcw6YlJyvsIE7OIbuttFduIIvTaFLNg7oJuxBC3DVzOzYOInaceAyRuy160OhT1mJHiKL5eRrjqp9Dn+X0rBmfbW5lNA9daVISd2yflo=
[20160714115530]	RSA参与签名运算数据_input_charset=utf-8&account_type=BASIC&identity_id=ac9a185000b1c3ada6ace23c15160e86&identity_type=UID&partner_id=200030133789&request_time=20160714115530&service=query_balance&version=1.0
[20160714115530]	RSA计算得出签名值：l/+N4LD7qL55i1yqPhjh0RL/pfgbl4KlOuB1LU1jn8ZzSA6gVplplheSxiYNs/dTji0aFlxtnNDidZVGrXFF1UQ/+li8I/vUj5zrW8vXIDmIzaAURT2CWVuz4iZiEjGQihRgcECZW8ewsAI90DP7W1bSVmmf5OfKV/4/jy/lShE=
[20160714140738]	RSA参与签名运算数据_input_charset=utf-8&account_type=BASIC&identity_id=1bcfcf44c158a48d86e7acd5c5a623ad&identity_type=UID&partner_id=200030133789&request_time=20160714140738&service=query_balance&version=1.0
[20160714140738]	RSA计算得出签名值：k96F9nfCBMozCGH3dDLDT527mR8oMvlHc8dOyCDXIOcwhfWWwV0CLGYEl89MTmomCik+1/9RAdQqqeG9NPPzS6d9e6VO28jiLGhsMfcYPxKHILwKqsvu//IG3tFqJ1LfU/+1a/VpWzd/aG0qGG9d5f2FQlC2/YqP14VPBJ4E1aw=
[20160714140749]	RSA参与签名运算数据_input_charset=utf-8&account_type=BASIC&identity_id=1bcfcf44c158a48d86e7acd5c5a623ad&identity_type=UID&partner_id=200030133789&request_time=20160714140749&service=query_balance&version=1.0
[20160714140750]	RSA计算得出签名值：D5eYHsAoyFQHKI3HhpaBE1Xi0y0gNWG/jxK+5qpNtcpurqIAIaiQDlJ9A3VmY/IUbN3v0ZM4pwdP3X1nMcdDnsO/0LnlBL+tt3vYnT1HQyaijJH17AxgQMjbFSdzK4kK6w9maaQISZQlg/bGspDL0KsNTPd3yFi/aBXUUzALVlU=
